This file contains any messages produced by compilers while
running configure, to aid debugging if configure makes a mistake.

It was created by zeromq configure 4.1.3, which was
generated by GNU Autoconf 2.69.  Invocation command line was

  $ ./configure --without-libsodium

## --------- ##
## Platform. ##
## --------- ##

hostname = tracing040
uname -m = x86_64
uname -r = 2.6.32-431.el6.x86_64
uname -s = Linux
uname -v = #1 SMP Fri Nov 22 03:15:09 UTC 2013

/usr/bin/uname -p = unknown
/bin/uname -X     = unknown

/bin/arch              = x86_64
/usr/bin/arch -k       = unknown
/usr/convex/getsysinfo = unknown
/usr/bin/hostinfo      = unknown
/bin/machine           = unknown
/usr/bin/oslevel       = unknown
/bin/universe          = unknown

PATH: /usr/lib64/qt-3.3/bin
PATH: /usr/local/sbin
PATH: /usr/local/bin
PATH: /sbin
PATH: /bin
PATH: /usr/sbin
PATH: /usr/bin
PATH: /usr/java/jdk1.7.0_67-cloudera/bin
PATH: /root/bin


## ----------- ##
## Core tests. ##
## ----------- ##

configure:2954: checking for a BSD-compatible install
configure:3022: result: /usr/bin/install -c
configure:3033: checking whether build environment is sane
configure:3083: result: yes
configure:3224: checking for a thread-safe mkdir -p
configure:3263: result: /bin/mkdir -p
configure:3276: checking for gawk
configure:3292: found /bin/gawk
configure:3303: result: gawk
configure:3314: checking whether make sets $(MAKE)
configure:3336: result: yes
configure:3411: checking how to create a ustar tar archive
configure:3424: tar --version
tar (GNU tar) 1.23
Copyright (C) 2010 Free Software Foundation, Inc.
License GPLv3+: GNU GPL version 3 or later <http://gnu.org/licenses/gpl.html>.
This is free software: you are free to change and redistribute it.
There is NO WARRANTY, to the extent permitted by law.

Written by John Gilmore and Jay Fenlason.
configure:3427: $? = 0
configure:3467: tardir=conftest.dir && eval tar --format=ustar -chf - "$tardir" >conftest.tar
configure:3470: $? = 0
configure:3474: tar -xf - <conftest.tar
configure:3477: $? = 0
configure:3490: result: gnutar
configure:3587: checking for gcc
configure:3603: found /usr/bin/gcc
configure:3614: result: gcc
configure:3843: checking for C compiler version
configure:3852: gcc --version >&5
gcc (GCC) 4.4.7 20120313 (Red Hat 4.4.7-4)
Copyright (C) 2010 Free Software Foundation, Inc.
This is free software; see the source for copying conditions.  There is NO
warranty; not even for MERCHANTABILITY or FITNESS FOR A PARTICULAR PURPOSE.

configure:3863: $? = 0
configure:3852: gcc -v >&5
Using built-in specs.
Target: x86_64-redhat-linux
Configured with: ../configure --prefix=/usr --mandir=/usr/share/man --infodir=/usr/share/info --with-bugurl=http://bugzilla.redhat.com/bugzilla --enable-bootstrap --enable-shared --enable-threads=posix --enable-checking=release --with-system-zlib --enable-__cxa_atexit --disable-libunwind-exceptions --enable-gnu-unique-object --enable-languages=c,c++,objc,obj-c++,java,fortran,ada --enable-java-awt=gtk --disable-dssi --with-java-home=/usr/lib/jvm/java-1.5.0-gcj-1.5.0.0/jre --enable-libgcj-multifile --enable-java-maintainer-mode --with-ecj-jar=/usr/share/java/eclipse-ecj.jar --disable-libjava-multilib --with-ppl --with-cloog --with-tune=generic --with-arch_32=i686 --build=x86_64-redhat-linux
Thread model: posix
gcc version 4.4.7 20120313 (Red Hat 4.4.7-4) (GCC) 
configure:3863: $? = 0
configure:3852: gcc -V >&5
gcc: '-V' option must have argument
configure:3863: $? = 1
configure:3852: gcc -qversion >&5
gcc: unrecognized option '-qversion'
gcc: no input files
configure:3863: $? = 1
configure:3883: checking whether the C compiler works
configure:3905: gcc    conftest.c  >&5
configure:3909: $? = 0
configure:3957: result: yes
configure:3960: checking for C compiler default output file name
configure:3962: result: a.out
configure:3968: checking for suffix of executables
configure:3975: gcc -o conftest    conftest.c  >&5
configure:3979: $? = 0
configure:4001: result: 
configure:4023: checking whether we are cross compiling
configure:4031: gcc -o conftest    conftest.c  >&5
configure:4035: $? = 0
configure:4042: ./conftest
configure:4046: $? = 0
configure:4061: result: no
configure:4066: checking for suffix of object files
configure:4088: gcc -c   conftest.c >&5
configure:4092: $? = 0
configure:4113: result: o
configure:4117: checking whether we are using the GNU C compiler
configure:4136: gcc -c   conftest.c >&5
configure:4136: $? = 0
configure:4145: result: yes
configure:4154: checking whether gcc accepts -g
configure:4174: gcc -c -g  conftest.c >&5
configure:4174: $? = 0
configure:4215: result: yes
configure:4232: checking for gcc option to accept ISO C89
configure:4295: gcc  -c -g -O2  conftest.c >&5
configure:4295: $? = 0
configure:4308: result: none needed
configure:4339: checking for style of include used by make
configure:4367: result: GNU
configure:4392: checking dependency style of gcc
configure:4502: result: gcc3
configure:4517: checking for gcc option to accept ISO C99
configure:4666: gcc  -c -g -O2  conftest.c >&5
conftest.c:61: error: expected ';', ',' or ')' before 'text'
conftest.c: In function 'main':
conftest.c:115: error: expected '=', ',', ';', 'asm' or '__attribute__' before 'newvar'
conftest.c:115: error: 'newvar' undeclared (first use in this function)
conftest.c:115: error: (Each undeclared identifier is reported only once
conftest.c:115: error: for each function it appears in.)
conftest.c:125: error: 'for' loop initial declarations are only allowed in C99 mode
conftest.c:125: note: use option -std=c99 or -std=gnu99 to compile your code
configure:4666: $? = 1
configure: failed program was:
| /* confdefs.h */
| #define PACKAGE_NAME "zeromq"
| #define PACKAGE_TARNAME "zeromq"
| #define PACKAGE_VERSION "4.1.3"
| #define PACKAGE_STRING "zeromq 4.1.3"
| #define PACKAGE_BUGREPORT "zeromq-dev@lists.zeromq.org"
| #define PACKAGE_URL ""
| #define PACKAGE "zeromq"
| #define VERSION "4.1.3"
| /* end confdefs.h.  */
| #include <stdarg.h>
| #include <stdbool.h>
| #include <stdlib.h>
| #include <wchar.h>
| #include <stdio.h>
| 
| // Check varargs macros.  These examples are taken from C99 6.10.3.5.
| #define debug(...) fprintf (stderr, __VA_ARGS__)
| #define showlist(...) puts (#__VA_ARGS__)
| #define report(test,...) ((test) ? puts (#test) : printf (__VA_ARGS__))
| static void
| test_varargs_macros (void)
| {
|   int x = 1234;
|   int y = 5678;
|   debug ("Flag");
|   debug ("X = %d\n", x);
|   showlist (The first, second, and third items.);
|   report (x>y, "x is %d but y is %d", x, y);
| }
| 
| // Check long long types.
| #define BIG64 18446744073709551615ull
| #define BIG32 4294967295ul
| #define BIG_OK (BIG64 / BIG32 == 4294967297ull && BIG64 % BIG32 == 0)
| #if !BIG_OK
|   your preprocessor is broken;
| #endif
| #if BIG_OK
| #else
|   your preprocessor is broken;
| #endif
| static long long int bignum = -9223372036854775807LL;
| static unsigned long long int ubignum = BIG64;
| 
| struct incomplete_array
| {
|   int datasize;
|   double data[];
| };
| 
| struct named_init {
|   int number;
|   const wchar_t *name;
|   double average;
| };
| 
| typedef const char *ccp;
| 
| static inline int
| test_restrict (ccp restrict text)
| {
|   // See if C++-style comments work.
|   // Iterate through items via the restricted pointer.
|   // Also check for declarations in for loops.
|   for (unsigned int i = 0; *(text+i) != '\0'; ++i)
|     continue;
|   return 0;
| }
| 
| // Check varargs and va_copy.
| static void
| test_varargs (const char *format, ...)
| {
|   va_list args;
|   va_start (args, format);
|   va_list args_copy;
|   va_copy (args_copy, args);
| 
|   const char *str;
|   int number;
|   float fnumber;
| 
|   while (*format)
|     {
|       switch (*format++)
| 	{
| 	case 's': // string
| 	  str = va_arg (args_copy, const char *);
| 	  break;
| 	case 'd': // int
| 	  number = va_arg (args_copy, int);
| 	  break;
| 	case 'f': // float
| 	  fnumber = va_arg (args_copy, double);
| 	  break;
| 	default:
| 	  break;
| 	}
|     }
|   va_end (args_copy);
|   va_end (args);
| }
| 
| int
| main ()
| {
| 
|   // Check bool.
|   _Bool success = false;
| 
|   // Check restrict.
|   if (test_restrict ("String literal") == 0)
|     success = true;
|   char *restrict newvar = "Another string";
| 
|   // Check varargs.
|   test_varargs ("s, d' f .", "string", 65, 34.234);
|   test_varargs_macros ();
| 
|   // Check flexible array members.
|   struct incomplete_array *ia =
|     malloc (sizeof (struct incomplete_array) + (sizeof (double) * 10));
|   ia->datasize = 10;
|   for (int i = 0; i < ia->datasize; ++i)
|     ia->data[i] = i * 1.234;
| 
|   // Check named initializers.
|   struct named_init ni = {
|     .number = 34,
|     .name = L"Test wide string",
|     .average = 543.34343,
|   };
| 
|   ni.number = 58;
| 
|   int dynamic_array[ni.number];
|   dynamic_array[ni.number - 1] = 543;
| 
|   // work around unused variable warnings
|   return (!success || bignum == 0LL || ubignum == 0uLL || newvar[0] == 'x'
| 	  || dynamic_array[ni.number - 1] != 543);
| 
|   ;
|   return 0;
| }
configure:4666: gcc -std=gnu99 -c -g -O2  conftest.c >&5
configure:4666: $? = 0
configure:4686: result: -std=gnu99
configure:4752: checking for g++
configure:4768: found /usr/bin/g++
configure:4779: result: g++
configure:4806: checking for C++ compiler version
configure:4815: g++ --version >&5
g++ (GCC) 4.4.7 20120313 (Red Hat 4.4.7-4)
Copyright (C) 2010 Free Software Foundation, Inc.
This is free software; see the source for copying conditions.  There is NO
warranty; not even for MERCHANTABILITY or FITNESS FOR A PARTICULAR PURPOSE.

configure:4826: $? = 0
configure:4815: g++ -v >&5
Using built-in specs.
Target: x86_64-redhat-linux
Configured with: ../configure --prefix=/usr --mandir=/usr/share/man --infodir=/usr/share/info --with-bugurl=http://bugzilla.redhat.com/bugzilla --enable-bootstrap --enable-shared --enable-threads=posix --enable-checking=release --with-system-zlib --enable-__cxa_atexit --disable-libunwind-exceptions --enable-gnu-unique-object --enable-languages=c,c++,objc,obj-c++,java,fortran,ada --enable-java-awt=gtk --disable-dssi --with-java-home=/usr/lib/jvm/java-1.5.0-gcj-1.5.0.0/jre --enable-libgcj-multifile --enable-java-maintainer-mode --with-ecj-jar=/usr/share/java/eclipse-ecj.jar --disable-libjava-multilib --with-ppl --with-cloog --with-tune=generic --with-arch_32=i686 --build=x86_64-redhat-linux
Thread model: posix
gcc version 4.4.7 20120313 (Red Hat 4.4.7-4) (GCC) 
configure:4826: $? = 0
configure:4815: g++ -V >&5
g++: '-V' option must have argument
configure:4826: $? = 1
configure:4815: g++ -qversion >&5
g++: unrecognized option '-qversion'
g++: no input files
configure:4826: $? = 1
configure:4830: checking whether we are using the GNU C++ compiler
configure:4849: g++ -c   conftest.cpp >&5
configure:4849: $? = 0
configure:4858: result: yes
configure:4867: checking whether g++ accepts -g
configure:4887: g++ -c -g  conftest.cpp >&5
configure:4887: $? = 0
configure:4928: result: yes
configure:4953: checking dependency style of g++
configure:5063: result: gcc3
configure:5079: checking whether gcc -std=gnu99 and cc understand -c and -o together
configure:5110: gcc -std=gnu99 -c conftest.c -o conftest2.o >&5
configure:5114: $? = 0
configure:5120: gcc -std=gnu99 -c conftest.c -o conftest2.o >&5
configure:5124: $? = 0
configure:5135: cc -c conftest.c >&5
configure:5139: $? = 0
configure:5147: cc -c conftest.c -o conftest2.o >&5
configure:5151: $? = 0
configure:5157: cc -c conftest.c -o conftest2.o >&5
configure:5161: $? = 0
configure:5179: result: yes
configure:5204: checking for a sed that does not truncate output
configure:5268: result: /bin/sed
configure:5277: checking for gawk
configure:5304: result: gawk
configure:5364: checking for pkg-config
configure:5382: found /usr/bin/pkg-config
configure:5394: result: /usr/bin/pkg-config
configure:5419: checking pkg-config is at least version 0.9.0
configure:5422: result: yes
configure:5436: checking for xmlto
configure:5469: result: no
configure:5477: checking for asciidoc
configure:5510: result: no
configure:5519: checking build system type
configure:5533: result: x86_64-unknown-linux-gnu
configure:5553: checking host system type
configure:5566: result: x86_64-unknown-linux-gnu
configure:5986: checking for a sed that does not truncate output
configure:6050: result: /bin/sed
configure:6068: checking for grep that handles long lines and -e
configure:6126: result: /bin/grep
configure:6131: checking for egrep
configure:6193: result: /bin/grep -E
configure:6198: checking for fgrep
configure:6260: result: /bin/grep -F
configure:6295: checking for ld used by gcc -std=gnu99
configure:6362: result: /usr/bin/ld
configure:6369: checking if the linker (/usr/bin/ld) is GNU ld
configure:6384: result: yes
configure:6396: checking for BSD- or MS-compatible name lister (nm)
configure:6445: result: /usr/bin/nm -B
configure:6563: checking the name lister (/usr/bin/nm -B) interface
configure:6570: gcc -std=gnu99 -c -g -O2  conftest.c >&5
configure:6573: /usr/bin/nm -B "conftest.o"
configure:6576: output
0000000000000000 B some_variable
configure:6583: result: BSD nm
configure:6586: checking whether ln -s works
configure:6590: result: yes
configure:6598: checking the maximum length of command line arguments
configure:6718: result: 32768
configure:6735: checking whether the shell understands some XSI constructs
configure:6745: result: yes
configure:6749: checking whether the shell understands "+="
configure:6755: result: yes
configure:6790: checking for /usr/bin/ld option to reload object files
configure:6797: result: -r
configure:6866: checking for objdump
configure:6893: result: objdump
configure:6922: checking how to recognize dependent libraries
configure:7118: result: pass_all
configure:7178: checking for ar
configure:7194: found /usr/bin/ar
configure:7205: result: ar
configure:7283: checking for strip
configure:7299: found /usr/bin/strip
configure:7310: result: strip
configure:7382: checking for ranlib
configure:7398: found /usr/bin/ranlib
configure:7409: result: ranlib
configure:7499: checking command to parse /usr/bin/nm -B output from gcc -std=gnu99 object
configure:7617: gcc -std=gnu99 -c -g -O2  conftest.c >&5
configure:7620: $? = 0
configure:7624: /usr/bin/nm -B conftest.o \| sed -n -e 's/^.*[	 ]\([ABCDGIRSTW][ABCDGIRSTW]*\)[	 ][	 ]*\([_A-Za-z][_A-Za-z0-9]*\)$/\1 \2 \2/p' \> conftest.nm
configure:7627: $? = 0
configure:7681: gcc -std=gnu99 -o conftest -g -O2   conftest.c conftstm.o >&5
configure:7684: $? = 0
configure:7722: result: ok
configure:7818: gcc -std=gnu99 -c -g -O2  conftest.c >&5
configure:7821: $? = 0
configure:8531: checking how to run the C preprocessor
configure:8562: gcc -std=gnu99 -E  conftest.c
configure:8562: $? = 0
configure:8576: gcc -std=gnu99 -E  conftest.c
conftest.c:11:28: error: ac_nonexistent.h: No such file or directory
configure:8576: $? = 1
configure: failed program was:
| /* confdefs.h */
| #define PACKAGE_NAME "zeromq"
| #define PACKAGE_TARNAME "zeromq"
| #define PACKAGE_VERSION "4.1.3"
| #define PACKAGE_STRING "zeromq 4.1.3"
| #define PACKAGE_BUGREPORT "zeromq-dev@lists.zeromq.org"
| #define PACKAGE_URL ""
| #define PACKAGE "zeromq"
| #define VERSION "4.1.3"
| /* end confdefs.h.  */
| #include <ac_nonexistent.h>
configure:8601: result: gcc -std=gnu99 -E
configure:8621: gcc -std=gnu99 -E  conftest.c
configure:8621: $? = 0
configure:8635: gcc -std=gnu99 -E  conftest.c
conftest.c:11:28: error: ac_nonexistent.h: No such file or directory
configure:8635: $? = 1
configure: failed program was:
| /* confdefs.h */
| #define PACKAGE_NAME "zeromq"
| #define PACKAGE_TARNAME "zeromq"
| #define PACKAGE_VERSION "4.1.3"
| #define PACKAGE_STRING "zeromq 4.1.3"
| #define PACKAGE_BUGREPORT "zeromq-dev@lists.zeromq.org"
| #define PACKAGE_URL ""
| #define PACKAGE "zeromq"
| #define VERSION "4.1.3"
| /* end confdefs.h.  */
| #include <ac_nonexistent.h>
configure:8664: checking for ANSI C header files
configure:8684: gcc -std=gnu99 -c -g -O2  conftest.c >&5
configure:8684: $? = 0
configure:8757: gcc -std=gnu99 -o conftest -g -O2   conftest.c  >&5
configure:8757: $? = 0
configure:8757: ./conftest
configure:8757: $? = 0
configure:8768: result: yes
configure:8781: checking for sys/types.h
configure:8781: gcc -std=gnu99 -c -g -O2  conftest.c >&5
configure:8781: $? = 0
configure:8781: result: yes
configure:8781: checking for sys/stat.h
configure:8781: gcc -std=gnu99 -c -g -O2  conftest.c >&5
configure:8781: $? = 0
configure:8781: result: yes
configure:8781: checking for stdlib.h
configure:8781: gcc -std=gnu99 -c -g -O2  conftest.c >&5
configure:8781: $? = 0
configure:8781: result: yes
configure:8781: checking for string.h
configure:8781: gcc -std=gnu99 -c -g -O2  conftest.c >&5
configure:8781: $? = 0
configure:8781: result: yes
configure:8781: checking for memory.h
configure:8781: gcc -std=gnu99 -c -g -O2  conftest.c >&5
configure:8781: $? = 0
configure:8781: result: yes
configure:8781: checking for strings.h
configure:8781: gcc -std=gnu99 -c -g -O2  conftest.c >&5
configure:8781: $? = 0
configure:8781: result: yes
configure:8781: checking for inttypes.h
configure:8781: gcc -std=gnu99 -c -g -O2  conftest.c >&5
configure:8781: $? = 0
configure:8781: result: yes
configure:8781: checking for stdint.h
configure:8781: gcc -std=gnu99 -c -g -O2  conftest.c >&5
configure:8781: $? = 0
configure:8781: result: yes
configure:8781: checking for unistd.h
configure:8781: gcc -std=gnu99 -c -g -O2  conftest.c >&5
configure:8781: $? = 0
configure:8781: result: yes
configure:8795: checking for dlfcn.h
configure:8795: gcc -std=gnu99 -c -g -O2  conftest.c >&5
configure:8795: $? = 0
configure:8795: result: yes
configure:8920: checking for C++ compiler version
configure:8929: g++ --version >&5
g++ (GCC) 4.4.7 20120313 (Red Hat 4.4.7-4)
Copyright (C) 2010 Free Software Foundation, Inc.
This is free software; see the source for copying conditions.  There is NO
warranty; not even for MERCHANTABILITY or FITNESS FOR A PARTICULAR PURPOSE.

configure:8940: $? = 0
configure:8929: g++ -v >&5
Using built-in specs.
Target: x86_64-redhat-linux
Configured with: ../configure --prefix=/usr --mandir=/usr/share/man --infodir=/usr/share/info --with-bugurl=http://bugzilla.redhat.com/bugzilla --enable-bootstrap --enable-shared --enable-threads=posix --enable-checking=release --with-system-zlib --enable-__cxa_atexit --disable-libunwind-exceptions --enable-gnu-unique-object --enable-languages=c,c++,objc,obj-c++,java,fortran,ada --enable-java-awt=gtk --disable-dssi --with-java-home=/usr/lib/jvm/java-1.5.0-gcj-1.5.0.0/jre --enable-libgcj-multifile --enable-java-maintainer-mode --with-ecj-jar=/usr/share/java/eclipse-ecj.jar --disable-libjava-multilib --with-ppl --with-cloog --with-tune=generic --with-arch_32=i686 --build=x86_64-redhat-linux
Thread model: posix
gcc version 4.4.7 20120313 (Red Hat 4.4.7-4) (GCC) 
configure:8940: $? = 0
configure:8929: g++ -V >&5
g++: '-V' option must have argument
configure:8940: $? = 1
configure:8929: g++ -qversion >&5
g++: unrecognized option '-qversion'
g++: no input files
configure:8940: $? = 1
configure:8944: checking whether we are using the GNU C++ compiler
configure:8972: result: yes
configure:8981: checking whether g++ accepts -g
configure:9042: result: yes
configure:9067: checking dependency style of g++
configure:9177: result: gcc3
configure:9200: checking how to run the C++ preprocessor
configure:9227: g++ -E  conftest.cpp
configure:9227: $? = 0
configure:9241: g++ -E  conftest.cpp
conftest.cpp:22:28: error: ac_nonexistent.h: No such file or directory
configure:9241: $? = 1
configure: failed program was:
| /* confdefs.h */
| #define PACKAGE_NAME "zeromq"
| #define PACKAGE_TARNAME "zeromq"
| #define PACKAGE_VERSION "4.1.3"
| #define PACKAGE_STRING "zeromq 4.1.3"
| #define PACKAGE_BUGREPORT "zeromq-dev@lists.zeromq.org"
| #define PACKAGE_URL ""
| #define PACKAGE "zeromq"
| #define VERSION "4.1.3"
| #define STDC_HEADERS 1
| #define HAVE_SYS_TYPES_H 1
| #define HAVE_SYS_STAT_H 1
| #define HAVE_STDLIB_H 1
| #define HAVE_STRING_H 1
| #define HAVE_MEMORY_H 1
| #define HAVE_STRINGS_H 1
| #define HAVE_INTTYPES_H 1
| #define HAVE_STDINT_H 1
| #define HAVE_UNISTD_H 1
| #define HAVE_DLFCN_H 1
| /* end confdefs.h.  */
| #include <ac_nonexistent.h>
configure:9266: result: g++ -E
configure:9286: g++ -E  conftest.cpp
configure:9286: $? = 0
configure:9300: g++ -E  conftest.cpp
conftest.cpp:22:28: error: ac_nonexistent.h: No such file or directory
configure:9300: $? = 1
configure: failed program was:
| /* confdefs.h */
| #define PACKAGE_NAME "zeromq"
| #define PACKAGE_TARNAME "zeromq"
| #define PACKAGE_VERSION "4.1.3"
| #define PACKAGE_STRING "zeromq 4.1.3"
| #define PACKAGE_BUGREPORT "zeromq-dev@lists.zeromq.org"
| #define PACKAGE_URL ""
| #define PACKAGE "zeromq"
| #define VERSION "4.1.3"
| #define STDC_HEADERS 1
| #define HAVE_SYS_TYPES_H 1
| #define HAVE_SYS_STAT_H 1
| #define HAVE_STDLIB_H 1
| #define HAVE_STRING_H 1
| #define HAVE_MEMORY_H 1
| #define HAVE_STRINGS_H 1
| #define HAVE_INTTYPES_H 1
| #define HAVE_STDINT_H 1
| #define HAVE_UNISTD_H 1
| #define HAVE_DLFCN_H 1
| /* end confdefs.h.  */
| #include <ac_nonexistent.h>
configure:9474: checking for objdir
configure:9489: result: .libs
configure:9785: checking if gcc -std=gnu99 supports -fno-rtti -fno-exceptions
configure:9803: gcc -std=gnu99 -c -g -O2  -fno-rtti -fno-exceptions conftest.c >&5
cc1: warning: command line option "-fno-rtti" is valid for C++/ObjC++ but not for C
configure:9807: $? = 0
configure:9820: result: no
configure:9840: checking for gcc -std=gnu99 option to produce PIC
configure:10112: result: -fPIC -DPIC
configure:10124: checking if gcc -std=gnu99 PIC flag -fPIC -DPIC works
configure:10142: gcc -std=gnu99 -c -g -O2  -fPIC -DPIC -DPIC conftest.c >&5
configure:10146: $? = 0
configure:10159: result: yes
configure:10183: checking if gcc -std=gnu99 static flag -static works
configure:10211: result: no
configure:10226: checking if gcc -std=gnu99 supports -c -o file.o
configure:10247: gcc -std=gnu99 -c -g -O2  -o out/conftest2.o conftest.c >&5
configure:10251: $? = 0
configure:10273: result: yes
configure:10281: checking if gcc -std=gnu99 supports -c -o file.o
configure:10328: result: yes
configure:10361: checking whether the gcc -std=gnu99 linker (/usr/bin/ld -m elf_x86_64) supports shared libraries
configure:11347: result: yes
configure:11384: checking whether -lc should be explicitly linked in
configure:11389: gcc -std=gnu99 -c -g -O2  conftest.c >&5
configure:11392: $? = 0
configure:11407: gcc -std=gnu99 -shared conftest.o  -v -Wl,-soname -Wl,conftest -o conftest 2\>\&1 \| /bin/grep  -lc  \>/dev/null 2\>\&1
configure:11410: $? = 0
configure:11422: result: no
configure:11586: checking dynamic linker characteristics
configure:12019: gcc -std=gnu99 -o conftest -g -O2   -Wl,-rpath -Wl,/foo conftest.c  >&5
configure:12019: $? = 0
configure:12240: result: GNU/Linux ld.so
configure:12342: checking how to hardcode library paths into programs
configure:12367: result: immediate
configure:12887: checking whether stripping libraries is possible
configure:12892: result: yes
configure:12927: checking if libtool supports shared libraries
configure:12929: result: yes
configure:12932: checking whether to build shared libraries
configure:12953: result: yes
configure:12956: checking whether to build static libraries
configure:12960: result: yes
configure:13110: checking for ld used by g++
configure:13177: result: /usr/bin/ld -m elf_x86_64
configure:13184: checking if the linker (/usr/bin/ld -m elf_x86_64) is GNU ld
configure:13199: result: yes
configure:13254: checking whether the g++ linker (/usr/bin/ld -m elf_x86_64) supports shared libraries
configure:14167: result: yes
configure:14195: g++ -c -g -O2  conftest.cpp >&5
configure:14198: $? = 0
configure:14380: checking for g++ option to produce PIC
configure:14697: result: -fPIC -DPIC
configure:14706: checking if g++ PIC flag -fPIC -DPIC works
configure:14724: g++ -c -g -O2  -fPIC -DPIC -DPIC conftest.cpp >&5
configure:14728: $? = 0
configure:14741: result: yes
configure:14762: checking if g++ static flag -static works
configure:14790: result: no
configure:14802: checking if g++ supports -c -o file.o
configure:14823: g++ -c -g -O2  -o out/conftest2.o conftest.cpp >&5
configure:14827: $? = 0
configure:14849: result: yes
configure:14854: checking if g++ supports -c -o file.o
configure:14901: result: yes
configure:14931: checking whether the g++ linker (/usr/bin/ld -m elf_x86_64) supports shared libraries
configure:14957: result: yes
configure:15094: checking dynamic linker characteristics
configure:15475: g++ -o conftest -g -O2   -Wl,-rpath -Wl,/foo conftest.cpp  >&5
configure:15475: $? = 0
configure:15696: result: GNU/Linux ld.so
configure:15747: checking how to hardcode library paths into programs
configure:15772: result: immediate
configure:15842: checking whether the C compiler works
configure:15858: gcc -std=gnu99 -o conftest -g -O2   conftest.c  >&5
configure:15858: $? = 0
configure:15867: result: yes
configure:15875: checking whether we are using Intel C compiler
configure:15894: gcc -std=gnu99 -c -g -O2  conftest.c >&5
conftest.c: In function 'main':
conftest.c:28: error: 'error' undeclared (first use in this function)
conftest.c:28: error: (Each undeclared identifier is reported only once
conftest.c:28: error: for each function it appears in.)
conftest.c:28: error: expected ';' before 'if'
configure:15894: $? = 1
configure: failed program was:
| /* confdefs.h */
| #define PACKAGE_NAME "zeromq"
| #define PACKAGE_TARNAME "zeromq"
| #define PACKAGE_VERSION "4.1.3"
| #define PACKAGE_STRING "zeromq 4.1.3"
| #define PACKAGE_BUGREPORT "zeromq-dev@lists.zeromq.org"
| #define PACKAGE_URL ""
| #define PACKAGE "zeromq"
| #define VERSION "4.1.3"
| #define STDC_HEADERS 1
| #define HAVE_SYS_TYPES_H 1
| #define HAVE_SYS_STAT_H 1
| #define HAVE_STDLIB_H 1
| #define HAVE_STRING_H 1
| #define HAVE_MEMORY_H 1
| #define HAVE_STRINGS_H 1
| #define HAVE_INTTYPES_H 1
| #define HAVE_STDINT_H 1
| #define HAVE_UNISTD_H 1
| #define HAVE_DLFCN_H 1
| #define LT_OBJDIR ".libs/"
| /* end confdefs.h.  */
| 
| int
| main ()
| {
| #ifndef __INTEL_COMPILER
|        error if not ICC
| #endif
| 
|   ;
|   return 0;
| }
configure:15902: result: no
configure:15904: checking whether we are using Sun Studio C compiler
configure:15923: gcc -std=gnu99 -c -g -O2  conftest.c >&5
conftest.c: In function 'main':
conftest.c:28: error: 'error' undeclared (first use in this function)
conftest.c:28: error: (Each undeclared identifier is reported only once
conftest.c:28: error: for each function it appears in.)
conftest.c:28: error: expected ';' before 'if'
configure:15923: $? = 1
configure: failed program was:
| /* confdefs.h */
| #define PACKAGE_NAME "zeromq"
| #define PACKAGE_TARNAME "zeromq"
| #define PACKAGE_VERSION "4.1.3"
| #define PACKAGE_STRING "zeromq 4.1.3"
| #define PACKAGE_BUGREPORT "zeromq-dev@lists.zeromq.org"
| #define PACKAGE_URL ""
| #define PACKAGE "zeromq"
| #define VERSION "4.1.3"
| #define STDC_HEADERS 1
| #define HAVE_SYS_TYPES_H 1
| #define HAVE_SYS_STAT_H 1
| #define HAVE_STDLIB_H 1
| #define HAVE_STRING_H 1
| #define HAVE_MEMORY_H 1
| #define HAVE_STRINGS_H 1
| #define HAVE_INTTYPES_H 1
| #define HAVE_STDINT_H 1
| #define HAVE_UNISTD_H 1
| #define HAVE_DLFCN_H 1
| #define LT_OBJDIR ".libs/"
| /* end confdefs.h.  */
| 
| int
| main ()
| {
| #if !defined(__SUNPRO_CC) && !defined(__SUNPRO_C)
|        error if not sun studio
| #endif
| 
|   ;
|   return 0;
| }
configure:15931: result: no
configure:15933: checking whether we are using clang C compiler
configure:15952: gcc -std=gnu99 -c -g -O2  conftest.c >&5
conftest.c: In function 'main':
conftest.c:28: error: 'error' undeclared (first use in this function)
conftest.c:28: error: (Each undeclared identifier is reported only once
conftest.c:28: error: for each function it appears in.)
conftest.c:28: error: expected ';' before 'if'
configure:15952: $? = 1
configure: failed program was:
| /* confdefs.h */
| #define PACKAGE_NAME "zeromq"
| #define PACKAGE_TARNAME "zeromq"
| #define PACKAGE_VERSION "4.1.3"
| #define PACKAGE_STRING "zeromq 4.1.3"
| #define PACKAGE_BUGREPORT "zeromq-dev@lists.zeromq.org"
| #define PACKAGE_URL ""
| #define PACKAGE "zeromq"
| #define VERSION "4.1.3"
| #define STDC_HEADERS 1
| #define HAVE_SYS_TYPES_H 1
| #define HAVE_SYS_STAT_H 1
| #define HAVE_STDLIB_H 1
| #define HAVE_STRING_H 1
| #define HAVE_MEMORY_H 1
| #define HAVE_STRINGS_H 1
| #define HAVE_INTTYPES_H 1
| #define HAVE_STDINT_H 1
| #define HAVE_UNISTD_H 1
| #define HAVE_DLFCN_H 1
| #define LT_OBJDIR ".libs/"
| /* end confdefs.h.  */
| 
| int
| main ()
| {
| #ifndef __clang__
|        error if not clang
| #endif
| 
|   ;
|   return 0;
| }
configure:15960: result: no
configure:15962: checking whether we are using gcc >= 4 C compiler
configure:15981: gcc -std=gnu99 -c -g -O2  conftest.c >&5
configure:15981: $? = 0
configure:15989: result: yes
configure:16006: checking whether the C++ compiler works
configure:16022: g++ -o conftest -g -O2   conftest.cpp  >&5
configure:16022: $? = 0
configure:16031: result: yes
configure:16039: checking whether we are using Intel C++ compiler
configure:16058: g++ -c -g -O2  conftest.cpp >&5
conftest.cpp: In function 'int main()':
conftest.cpp:28: error: 'error' was not declared in this scope
conftest.cpp:28: error: expected ';' before 'if'
configure:16058: $? = 1
configure: failed program was:
| /* confdefs.h */
| #define PACKAGE_NAME "zeromq"
| #define PACKAGE_TARNAME "zeromq"
| #define PACKAGE_VERSION "4.1.3"
| #define PACKAGE_STRING "zeromq 4.1.3"
| #define PACKAGE_BUGREPORT "zeromq-dev@lists.zeromq.org"
| #define PACKAGE_URL ""
| #define PACKAGE "zeromq"
| #define VERSION "4.1.3"
| #define STDC_HEADERS 1
| #define HAVE_SYS_TYPES_H 1
| #define HAVE_SYS_STAT_H 1
| #define HAVE_STDLIB_H 1
| #define HAVE_STRING_H 1
| #define HAVE_MEMORY_H 1
| #define HAVE_STRINGS_H 1
| #define HAVE_INTTYPES_H 1
| #define HAVE_STDINT_H 1
| #define HAVE_UNISTD_H 1
| #define HAVE_DLFCN_H 1
| #define LT_OBJDIR ".libs/"
| /* end confdefs.h.  */
| 
| int
| main ()
| {
| #ifndef __INTEL_COMPILER
|        error if not ICC
| #endif
| 
|   ;
|   return 0;
| }
configure:16066: result: no
configure:16068: checking whether we are using Sun Studio C++ compiler
configure:16087: g++ -c -g -O2  conftest.cpp >&5
conftest.cpp: In function 'int main()':
conftest.cpp:28: error: 'error' was not declared in this scope
conftest.cpp:28: error: expected ';' before 'if'
configure:16087: $? = 1
configure: failed program was:
| /* confdefs.h */
| #define PACKAGE_NAME "zeromq"
| #define PACKAGE_TARNAME "zeromq"
| #define PACKAGE_VERSION "4.1.3"
| #define PACKAGE_STRING "zeromq 4.1.3"
| #define PACKAGE_BUGREPORT "zeromq-dev@lists.zeromq.org"
| #define PACKAGE_URL ""
| #define PACKAGE "zeromq"
| #define VERSION "4.1.3"
| #define STDC_HEADERS 1
| #define HAVE_SYS_TYPES_H 1
| #define HAVE_SYS_STAT_H 1
| #define HAVE_STDLIB_H 1
| #define HAVE_STRING_H 1
| #define HAVE_MEMORY_H 1
| #define HAVE_STRINGS_H 1
| #define HAVE_INTTYPES_H 1
| #define HAVE_STDINT_H 1
| #define HAVE_UNISTD_H 1
| #define HAVE_DLFCN_H 1
| #define LT_OBJDIR ".libs/"
| /* end confdefs.h.  */
| 
| int
| main ()
| {
| #if !defined(__SUNPRO_CC) && !defined(__SUNPRO_C)
|        error if not sun studio
| #endif
| 
|   ;
|   return 0;
| }
configure:16095: result: no
configure:16097: checking whether we are using clang C++ compiler
configure:16116: g++ -c -g -O2  conftest.cpp >&5
conftest.cpp: In function 'int main()':
conftest.cpp:28: error: 'error' was not declared in this scope
conftest.cpp:28: error: expected ';' before 'if'
configure:16116: $? = 1
configure: failed program was:
| /* confdefs.h */
| #define PACKAGE_NAME "zeromq"
| #define PACKAGE_TARNAME "zeromq"
| #define PACKAGE_VERSION "4.1.3"
| #define PACKAGE_STRING "zeromq 4.1.3"
| #define PACKAGE_BUGREPORT "zeromq-dev@lists.zeromq.org"
| #define PACKAGE_URL ""
| #define PACKAGE "zeromq"
| #define VERSION "4.1.3"
| #define STDC_HEADERS 1
| #define HAVE_SYS_TYPES_H 1
| #define HAVE_SYS_STAT_H 1
| #define HAVE_STDLIB_H 1
| #define HAVE_STRING_H 1
| #define HAVE_MEMORY_H 1
| #define HAVE_STRINGS_H 1
| #define HAVE_INTTYPES_H 1
| #define HAVE_STDINT_H 1
| #define HAVE_UNISTD_H 1
| #define HAVE_DLFCN_H 1
| #define LT_OBJDIR ".libs/"
| /* end confdefs.h.  */
| 
| int
| main ()
| {
| #ifndef __clang__
|        error if not clang
| #endif
| 
|   ;
|   return 0;
| }
configure:16124: result: no
configure:16126: checking whether we are using gcc >= 4 C++ compiler
configure:16145: g++ -c -g -O2  conftest.cpp >&5
configure:16145: $? = 0
configure:16153: result: yes
configure:16187: checking whether to enable debugging information
configure:16225: result: no
configure:16242: checking whether to enable code coverage
configure:16273: result: no
configure:16280: checking if TIPC is available and supports nonblocking connect
configure:16321: gcc -std=gnu99 -o conftest -g -O2   conftest.c  >&5
configure:16321: $? = 0
configure:16321: ./conftest
configure:16321: $? = 255
configure: program exited with status 255
configure: failed program was:
| /* confdefs.h */
| #define PACKAGE_NAME "zeromq"
| #define PACKAGE_TARNAME "zeromq"
| #define PACKAGE_VERSION "4.1.3"
| #define PACKAGE_STRING "zeromq 4.1.3"
| #define PACKAGE_BUGREPORT "zeromq-dev@lists.zeromq.org"
| #define PACKAGE_URL ""
| #define PACKAGE "zeromq"
| #define VERSION "4.1.3"
| #define STDC_HEADERS 1
| #define HAVE_SYS_TYPES_H 1
| #define HAVE_SYS_STAT_H 1
| #define HAVE_STDLIB_H 1
| #define HAVE_STRING_H 1
| #define HAVE_MEMORY_H 1
| #define HAVE_STRINGS_H 1
| #define HAVE_INTTYPES_H 1
| #define HAVE_STDINT_H 1
| #define HAVE_UNISTD_H 1
| #define HAVE_DLFCN_H 1
| #define LT_OBJDIR ".libs/"
| /* end confdefs.h.  */
| 
|             #include <stdlib.h>
|             #include <string.h>
|             #include <fcntl.h>
|             #include <errno.h>
|             #include <sys/socket.h>
|             #include <linux/tipc.h>
| 
| int
| main ()
| {
| 
|             struct sockaddr_tipc topsrv;
|             int sd = socket(AF_TIPC, SOCK_SEQPACKET, 0);
|             if (sd == -EAFNOSUPPORT) {
|                 return 1;
|             }
|             memset(&topsrv, 0, sizeof(topsrv));
|             topsrv.family = AF_TIPC;
|             topsrv.addrtype = TIPC_ADDR_NAME;
|             topsrv.addr.name.name.type = TIPC_TOP_SRV;
|             topsrv.addr.name.name.instance = TIPC_TOP_SRV;
|             fcntl(sd, F_SETFL, O_NONBLOCK);
|             if (connect(sd, (struct sockaddr *)&topsrv, sizeof(topsrv)) != 0) {
|                 if (errno != EINPROGRESS)
|                     return -1;
|             }
| 
|   ;
|   return 0;
| }
| 
configure:16331: result: no
configure:17140: checking for pthread_create in -lpthread
configure:17165: gcc -std=gnu99 -o conftest -g -O2 -D_GNU_SOURCE -D_REENTRANT -D_THREAD_SAFE   conftest.c -lpthread   >&5
configure:17165: $? = 0
configure:17174: result: yes
configure:17185: checking for clock_gettime in -lrt
configure:17210: gcc -std=gnu99 -o conftest -g -O2 -D_GNU_SOURCE -D_REENTRANT -D_THREAD_SAFE   conftest.c -lrt  -lpthread  >&5
configure:17210: $? = 0
configure:17219: result: yes
configure:17252: checking whether C++ compiler supports -fvisibility=hidden
configure:17284: g++ -c -g -O2 -D_GNU_SOURCE -D_REENTRANT -D_THREAD_SAFE  -fvisibility=hidden conftest.cpp >&5
configure:17284: $? = 0
configure:17315: result: yes
configure:17401: checking whether C++ compiler supports dso visibility
configure:17405: result: yes
configure:17549: checking for asciidoc
configure:17577: result: no
configure:17587: checking for xmlto
configure:17615: result: no
configure:17641: checking whether to build documentation
configure:17643: result: no
configure:17646: checking whether to install manpages
configure:17648: result: yes
configure:17691: checking for suitable polling system
configure:17717: gcc -std=gnu99 -o conftest -g -O2 -D_GNU_SOURCE -D_REENTRANT -D_THREAD_SAFE   conftest.c -lrt -lpthread  >&5
conftest.c:28:23: error: sys/event.h: No such file or directory
conftest.c: In function 'main':
conftest.c:35: error: storage size of 't_kev' isn't known
conftest.c:36: warning: implicit declaration of function 'kqueue'
configure:17717: $? = 1
configure: failed program was:
| /* confdefs.h */
| #define PACKAGE_NAME "zeromq"
| #define PACKAGE_TARNAME "zeromq"
| #define PACKAGE_VERSION "4.1.3"
| #define PACKAGE_STRING "zeromq 4.1.3"
| #define PACKAGE_BUGREPORT "zeromq-dev@lists.zeromq.org"
| #define PACKAGE_URL ""
| #define PACKAGE "zeromq"
| #define VERSION "4.1.3"
| #define STDC_HEADERS 1
| #define HAVE_SYS_TYPES_H 1
| #define HAVE_SYS_STAT_H 1
| #define HAVE_STDLIB_H 1
| #define HAVE_STRING_H 1
| #define HAVE_MEMORY_H 1
| #define HAVE_STRINGS_H 1
| #define HAVE_INTTYPES_H 1
| #define HAVE_STDINT_H 1
| #define HAVE_UNISTD_H 1
| #define HAVE_DLFCN_H 1
| #define LT_OBJDIR ".libs/"
| #define ZMQ_HAVE_LINUX 1
| #define HAVE_LIBPTHREAD 1
| #define HAVE_LIBRT 1
| /* end confdefs.h.  */
| 
| #include <sys/types.h>
| #include <sys/event.h>
| #include <sys/time.h>
| 
| int
| main ()
| {
| 
| struct kevent t_kev;
| kqueue();
| 
| 
|   ;
|   return 0;
| }
configure:17777: gcc -std=gnu99 -o conftest -g -O2 -D_GNU_SOURCE -D_REENTRANT -D_THREAD_SAFE   conftest.c -lrt -lpthread  >&5
configure:17777: $? = 0
configure:17777: ./conftest
configure:17777: $? = 0
configure:17902: result: using epoll
configure:17911: checking for ANSI C header files
configure:18015: result: yes
configure:18038: checking errno.h usability
configure:18038: gcc -std=gnu99 -c -g -O2 -D_GNU_SOURCE -D_REENTRANT -D_THREAD_SAFE  -DZMQ_USE_EPOLL conftest.c >&5
configure:18038: $? = 0
configure:18038: result: yes
configure:18038: checking errno.h presence
configure:18038: gcc -std=gnu99 -E -D_GNU_SOURCE -D_REENTRANT -D_THREAD_SAFE  -DZMQ_USE_EPOLL conftest.c
configure:18038: $? = 0
configure:18038: result: yes
configure:18038: checking for errno.h
configure:18038: result: yes
configure:18038: checking time.h usability
configure:18038: gcc -std=gnu99 -c -g -O2 -D_GNU_SOURCE -D_REENTRANT -D_THREAD_SAFE  -DZMQ_USE_EPOLL conftest.c >&5
configure:18038: $? = 0
configure:18038: result: yes
configure:18038: checking time.h presence
configure:18038: gcc -std=gnu99 -E -D_GNU_SOURCE -D_REENTRANT -D_THREAD_SAFE  -DZMQ_USE_EPOLL conftest.c
configure:18038: $? = 0
configure:18038: result: yes
configure:18038: checking for time.h
configure:18038: result: yes
configure:18038: checking for unistd.h
configure:18038: result: yes
configure:18038: checking limits.h usability
configure:18038: gcc -std=gnu99 -c -g -O2 -D_GNU_SOURCE -D_REENTRANT -D_THREAD_SAFE  -DZMQ_USE_EPOLL conftest.c >&5
configure:18038: $? = 0
configure:18038: result: yes
configure:18038: checking limits.h presence
configure:18038: gcc -std=gnu99 -E -D_GNU_SOURCE -D_REENTRANT -D_THREAD_SAFE  -DZMQ_USE_EPOLL conftest.c
configure:18038: $? = 0
configure:18038: result: yes
configure:18038: checking for limits.h
configure:18038: result: yes
configure:18038: checking stddef.h usability
configure:18038: gcc -std=gnu99 -c -g -O2 -D_GNU_SOURCE -D_REENTRANT -D_THREAD_SAFE  -DZMQ_USE_EPOLL conftest.c >&5
configure:18038: $? = 0
configure:18038: result: yes
configure:18038: checking stddef.h presence
configure:18038: gcc -std=gnu99 -E -D_GNU_SOURCE -D_REENTRANT -D_THREAD_SAFE  -DZMQ_USE_EPOLL conftest.c
configure:18038: $? = 0
configure:18038: result: yes
configure:18038: checking for stddef.h
configure:18038: result: yes
configure:18038: checking for stdlib.h
configure:18038: result: yes
configure:18038: checking for string.h
configure:18038: result: yes
configure:18038: checking arpa/inet.h usability
configure:18038: gcc -std=gnu99 -c -g -O2 -D_GNU_SOURCE -D_REENTRANT -D_THREAD_SAFE  -DZMQ_USE_EPOLL conftest.c >&5
configure:18038: $? = 0
configure:18038: result: yes
configure:18038: checking arpa/inet.h presence
configure:18038: gcc -std=gnu99 -E -D_GNU_SOURCE -D_REENTRANT -D_THREAD_SAFE  -DZMQ_USE_EPOLL conftest.c
configure:18038: $? = 0
configure:18038: result: yes
configure:18038: checking for arpa/inet.h
configure:18038: result: yes
configure:18038: checking netinet/tcp.h usability
configure:18038: gcc -std=gnu99 -c -g -O2 -D_GNU_SOURCE -D_REENTRANT -D_THREAD_SAFE  -DZMQ_USE_EPOLL conftest.c >&5
configure:18038: $? = 0
configure:18038: result: yes
configure:18038: checking netinet/tcp.h presence
configure:18038: gcc -std=gnu99 -E -D_GNU_SOURCE -D_REENTRANT -D_THREAD_SAFE  -DZMQ_USE_EPOLL conftest.c
configure:18038: $? = 0
configure:18038: result: yes
configure:18038: checking for netinet/tcp.h
configure:18038: result: yes
configure:18038: checking netinet/in.h usability
configure:18038: gcc -std=gnu99 -c -g -O2 -D_GNU_SOURCE -D_REENTRANT -D_THREAD_SAFE  -DZMQ_USE_EPOLL conftest.c >&5
configure:18038: $? = 0
configure:18038: result: yes
configure:18038: checking netinet/in.h presence
configure:18038: gcc -std=gnu99 -E -D_GNU_SOURCE -D_REENTRANT -D_THREAD_SAFE  -DZMQ_USE_EPOLL conftest.c
configure:18038: $? = 0
configure:18038: result: yes
configure:18038: checking for netinet/in.h
configure:18038: result: yes
configure:18038: checking sys/socket.h usability
configure:18038: gcc -std=gnu99 -c -g -O2 -D_GNU_SOURCE -D_REENTRANT -D_THREAD_SAFE  -DZMQ_USE_EPOLL conftest.c >&5
configure:18038: $? = 0
configure:18038: result: yes
configure:18038: checking sys/socket.h presence
configure:18038: gcc -std=gnu99 -E -D_GNU_SOURCE -D_REENTRANT -D_THREAD_SAFE  -DZMQ_USE_EPOLL conftest.c
configure:18038: $? = 0
configure:18038: result: yes
configure:18038: checking for sys/socket.h
configure:18038: result: yes
configure:18038: checking sys/time.h usability
configure:18038: gcc -std=gnu99 -c -g -O2 -D_GNU_SOURCE -D_REENTRANT -D_THREAD_SAFE  -DZMQ_USE_EPOLL conftest.c >&5
configure:18038: $? = 0
configure:18038: result: yes
configure:18038: checking sys/time.h presence
configure:18038: gcc -std=gnu99 -E -D_GNU_SOURCE -D_REENTRANT -D_THREAD_SAFE  -DZMQ_USE_EPOLL conftest.c
configure:18038: $? = 0
configure:18038: result: yes
configure:18038: checking for sys/time.h
configure:18038: result: yes
configure:18052: checking ifaddrs.h usability
configure:18052: gcc -std=gnu99 -c -g -O2 -D_GNU_SOURCE -D_REENTRANT -D_THREAD_SAFE  -DZMQ_USE_EPOLL conftest.c >&5
configure:18052: $? = 0
configure:18052: result: yes
configure:18052: checking ifaddrs.h presence
configure:18052: gcc -std=gnu99 -E -D_GNU_SOURCE -D_REENTRANT -D_THREAD_SAFE  -DZMQ_USE_EPOLL conftest.c
configure:18052: $? = 0
configure:18052: result: yes
configure:18052: checking for ifaddrs.h
configure:18052: result: yes
configure:18068: checking sys/uio.h usability
configure:18068: gcc -std=gnu99 -c -g -O2 -D_GNU_SOURCE -D_REENTRANT -D_THREAD_SAFE  -DZMQ_USE_EPOLL conftest.c >&5
configure:18068: $? = 0
configure:18068: result: yes
configure:18068: checking sys/uio.h presence
configure:18068: gcc -std=gnu99 -E -D_GNU_SOURCE -D_REENTRANT -D_THREAD_SAFE  -DZMQ_USE_EPOLL conftest.c
configure:18068: $? = 0
configure:18068: result: yes
configure:18068: checking for sys/uio.h
configure:18068: result: yes
configure:18094: checking sys/eventfd.h usability
configure:18094: gcc -std=gnu99 -c -g -O2 -D_GNU_SOURCE -D_REENTRANT -D_THREAD_SAFE  -DZMQ_USE_EPOLL conftest.c >&5
configure:18094: $? = 0
configure:18094: result: yes
configure:18094: checking sys/eventfd.h presence
configure:18094: gcc -std=gnu99 -E -D_GNU_SOURCE -D_REENTRANT -D_THREAD_SAFE  -DZMQ_USE_EPOLL conftest.c
configure:18094: $? = 0
configure:18094: result: yes
configure:18094: checking for sys/eventfd.h
configure:18094: result: yes
configure:18116: checking whether SO_PEERCRED is declared
configure:18116: g++ -c -g -O2 -D_GNU_SOURCE -D_REENTRANT -D_THREAD_SAFE  -DZMQ_USE_EPOLL conftest.cpp >&5
configure:18116: $? = 0
configure:18116: result: yes
configure:18134: checking whether LOCAL_PEERCRED is declared
configure:18134: g++ -c -g -O2 -D_GNU_SOURCE -D_REENTRANT -D_THREAD_SAFE  -DZMQ_USE_EPOLL conftest.cpp >&5
conftest.cpp: In function 'int main()':
conftest.cpp:54: error: 'LOCAL_PEERCRED' was not declared in this scope
configure:18134: $? = 1
configure: failed program was:
| /* confdefs.h */
| #define PACKAGE_NAME "zeromq"
| #define PACKAGE_TARNAME "zeromq"
| #define PACKAGE_VERSION "4.1.3"
| #define PACKAGE_STRING "zeromq 4.1.3"
| #define PACKAGE_BUGREPORT "zeromq-dev@lists.zeromq.org"
| #define PACKAGE_URL ""
| #define PACKAGE "zeromq"
| #define VERSION "4.1.3"
| #define STDC_HEADERS 1
| #define HAVE_SYS_TYPES_H 1
| #define HAVE_SYS_STAT_H 1
| #define HAVE_STDLIB_H 1
| #define HAVE_STRING_H 1
| #define HAVE_MEMORY_H 1
| #define HAVE_STRINGS_H 1
| #define HAVE_INTTYPES_H 1
| #define HAVE_STDINT_H 1
| #define HAVE_UNISTD_H 1
| #define HAVE_DLFCN_H 1
| #define LT_OBJDIR ".libs/"
| #define ZMQ_HAVE_LINUX 1
| #define HAVE_LIBPTHREAD 1
| #define HAVE_LIBRT 1
| #define STDC_HEADERS 1
| #define HAVE_ERRNO_H 1
| #define HAVE_TIME_H 1
| #define HAVE_UNISTD_H 1
| #define HAVE_LIMITS_H 1
| #define HAVE_STDDEF_H 1
| #define HAVE_STDLIB_H 1
| #define HAVE_STRING_H 1
| #define HAVE_ARPA_INET_H 1
| #define HAVE_NETINET_TCP_H 1
| #define HAVE_NETINET_IN_H 1
| #define HAVE_SYS_SOCKET_H 1
| #define HAVE_SYS_TIME_H 1
| #define HAVE_IFADDRS_H 1
| #define ZMQ_HAVE_IFADDRS 1
| #define HAVE_SYS_UIO_H 1
| #define ZMQ_HAVE_UIO 1
| #define HAVE_SYS_EVENTFD_H 1
| #define ZMQ_HAVE_EVENTFD 1
| #define HAVE_DECL_SO_PEERCRED 1
| #define ZMQ_HAVE_SO_PEERCRED 1
| /* end confdefs.h.  */
| #include <sys/socket.h>
| 
| int
| main ()
| {
| #ifndef LOCAL_PEERCRED
| #ifdef __cplusplus
|   (void) LOCAL_PEERCRED;
| #else
|   (void) LOCAL_PEERCRED;
| #endif
| #endif
| 
|   ;
|   return 0;
| }
configure:18134: result: no
configure:18161: checking for stdbool.h that conforms to C99
configure:18228: g++ -c -g -O2 -D_GNU_SOURCE -D_REENTRANT -D_THREAD_SAFE  -DZMQ_USE_EPOLL conftest.cpp >&5
configure:18228: $? = 0
configure:18235: result: yes
configure:18237: checking for _Bool
configure:18237: g++ -c -g -O2 -D_GNU_SOURCE -D_REENTRANT -D_THREAD_SAFE  -DZMQ_USE_EPOLL conftest.cpp >&5
conftest.cpp: In function 'int main()':
conftest.cpp:84: error: '_Bool' was not declared in this scope
configure:18237: $? = 1
configure: failed program was:
| /* confdefs.h */
| #define PACKAGE_NAME "zeromq"
| #define PACKAGE_TARNAME "zeromq"
| #define PACKAGE_VERSION "4.1.3"
| #define PACKAGE_STRING "zeromq 4.1.3"
| #define PACKAGE_BUGREPORT "zeromq-dev@lists.zeromq.org"
| #define PACKAGE_URL ""
| #define PACKAGE "zeromq"
| #define VERSION "4.1.3"
| #define STDC_HEADERS 1
| #define HAVE_SYS_TYPES_H 1
| #define HAVE_SYS_STAT_H 1
| #define HAVE_STDLIB_H 1
| #define HAVE_STRING_H 1
| #define HAVE_MEMORY_H 1
| #define HAVE_STRINGS_H 1
| #define HAVE_INTTYPES_H 1
| #define HAVE_STDINT_H 1
| #define HAVE_UNISTD_H 1
| #define HAVE_DLFCN_H 1
| #define LT_OBJDIR ".libs/"
| #define ZMQ_HAVE_LINUX 1
| #define HAVE_LIBPTHREAD 1
| #define HAVE_LIBRT 1
| #define STDC_HEADERS 1
| #define HAVE_ERRNO_H 1
| #define HAVE_TIME_H 1
| #define HAVE_UNISTD_H 1
| #define HAVE_LIMITS_H 1
| #define HAVE_STDDEF_H 1
| #define HAVE_STDLIB_H 1
| #define HAVE_STRING_H 1
| #define HAVE_ARPA_INET_H 1
| #define HAVE_NETINET_TCP_H 1
| #define HAVE_NETINET_IN_H 1
| #define HAVE_SYS_SOCKET_H 1
| #define HAVE_SYS_TIME_H 1
| #define HAVE_IFADDRS_H 1
| #define ZMQ_HAVE_IFADDRS 1
| #define HAVE_SYS_UIO_H 1
| #define ZMQ_HAVE_UIO 1
| #define HAVE_SYS_EVENTFD_H 1
| #define ZMQ_HAVE_EVENTFD 1
| #define HAVE_DECL_SO_PEERCRED 1
| #define ZMQ_HAVE_SO_PEERCRED 1
| #define HAVE_DECL_LOCAL_PEERCRED 0
| /* end confdefs.h.  */
| #include <stdio.h>
| #ifdef HAVE_SYS_TYPES_H
| # include <sys/types.h>
| #endif
| #ifdef HAVE_SYS_STAT_H
| # include <sys/stat.h>
| #endif
| #ifdef STDC_HEADERS
| # include <stdlib.h>
| # include <stddef.h>
| #else
| # ifdef HAVE_STDLIB_H
| #  include <stdlib.h>
| # endif
| #endif
| #ifdef HAVE_STRING_H
| # if !defined STDC_HEADERS && defined HAVE_MEMORY_H
| #  include <memory.h>
| # endif
| # include <string.h>
| #endif
| #ifdef HAVE_STRINGS_H
| # include <strings.h>
| #endif
| #ifdef HAVE_INTTYPES_H
| # include <inttypes.h>
| #endif
| #ifdef HAVE_STDINT_H
| # include <stdint.h>
| #endif
| #ifdef HAVE_UNISTD_H
| # include <unistd.h>
| #endif
| int
| main ()
| {
| if (sizeof (_Bool))
| 	 return 0;
|   ;
|   return 0;
| }
configure:18237: result: no
configure:18254: checking for an ANSI C-conforming const
configure:18320: g++ -c -g -O2 -D_GNU_SOURCE -D_REENTRANT -D_THREAD_SAFE  -DZMQ_USE_EPOLL conftest.cpp >&5
configure:18320: $? = 0
configure:18327: result: yes
configure:18335: checking for inline
configure:18351: g++ -c -g -O2 -D_GNU_SOURCE -D_REENTRANT -D_THREAD_SAFE  -DZMQ_USE_EPOLL conftest.cpp >&5
configure:18351: $? = 0
configure:18359: result: inline
configure:18427: checking for size_t
configure:18427: g++ -c -g -O2 -D_GNU_SOURCE -D_REENTRANT -D_THREAD_SAFE  -DZMQ_USE_EPOLL conftest.cpp >&5
configure:18427: $? = 0
configure:18427: g++ -c -g -O2 -D_GNU_SOURCE -D_REENTRANT -D_THREAD_SAFE  -DZMQ_USE_EPOLL conftest.cpp >&5
conftest.cpp: In function 'int main()':
conftest.cpp:85: error: expected primary-expression before ')' token
configure:18427: $? = 1
configure: failed program was:
| /* confdefs.h */
| #define PACKAGE_NAME "zeromq"
| #define PACKAGE_TARNAME "zeromq"
| #define PACKAGE_VERSION "4.1.3"
| #define PACKAGE_STRING "zeromq 4.1.3"
| #define PACKAGE_BUGREPORT "zeromq-dev@lists.zeromq.org"
| #define PACKAGE_URL ""
| #define PACKAGE "zeromq"
| #define VERSION "4.1.3"
| #define STDC_HEADERS 1
| #define HAVE_SYS_TYPES_H 1
| #define HAVE_SYS_STAT_H 1
| #define HAVE_STDLIB_H 1
| #define HAVE_STRING_H 1
| #define HAVE_MEMORY_H 1
| #define HAVE_STRINGS_H 1
| #define HAVE_INTTYPES_H 1
| #define HAVE_STDINT_H 1
| #define HAVE_UNISTD_H 1
| #define HAVE_DLFCN_H 1
| #define LT_OBJDIR ".libs/"
| #define ZMQ_HAVE_LINUX 1
| #define HAVE_LIBPTHREAD 1
| #define HAVE_LIBRT 1
| #define STDC_HEADERS 1
| #define HAVE_ERRNO_H 1
| #define HAVE_TIME_H 1
| #define HAVE_UNISTD_H 1
| #define HAVE_LIMITS_H 1
| #define HAVE_STDDEF_H 1
| #define HAVE_STDLIB_H 1
| #define HAVE_STRING_H 1
| #define HAVE_ARPA_INET_H 1
| #define HAVE_NETINET_TCP_H 1
| #define HAVE_NETINET_IN_H 1
| #define HAVE_SYS_SOCKET_H 1
| #define HAVE_SYS_TIME_H 1
| #define HAVE_IFADDRS_H 1
| #define ZMQ_HAVE_IFADDRS 1
| #define HAVE_SYS_UIO_H 1
| #define ZMQ_HAVE_UIO 1
| #define HAVE_SYS_EVENTFD_H 1
| #define ZMQ_HAVE_EVENTFD 1
| #define HAVE_DECL_SO_PEERCRED 1
| #define ZMQ_HAVE_SO_PEERCRED 1
| #define HAVE_DECL_LOCAL_PEERCRED 0
| #define HAVE_STDBOOL_H 1
| /* end confdefs.h.  */
| #include <stdio.h>
| #ifdef HAVE_SYS_TYPES_H
| # include <sys/types.h>
| #endif
| #ifdef HAVE_SYS_STAT_H
| # include <sys/stat.h>
| #endif
| #ifdef STDC_HEADERS
| # include <stdlib.h>
| # include <stddef.h>
| #else
| # ifdef HAVE_STDLIB_H
| #  include <stdlib.h>
| # endif
| #endif
| #ifdef HAVE_STRING_H
| # if !defined STDC_HEADERS && defined HAVE_MEMORY_H
| #  include <memory.h>
| # endif
| # include <string.h>
| #endif
| #ifdef HAVE_STRINGS_H
| # include <strings.h>
| #endif
| #ifdef HAVE_INTTYPES_H
| # include <inttypes.h>
| #endif
| #ifdef HAVE_STDINT_H
| # include <stdint.h>
| #endif
| #ifdef HAVE_UNISTD_H
| # include <unistd.h>
| #endif
| int
| main ()
| {
| if (sizeof ((size_t)))
| 	    return 0;
|   ;
|   return 0;
| }
configure:18427: result: yes
configure:18438: checking for ssize_t
configure:18438: g++ -c -g -O2 -D_GNU_SOURCE -D_REENTRANT -D_THREAD_SAFE  -DZMQ_USE_EPOLL conftest.cpp >&5
configure:18438: $? = 0
configure:18438: g++ -c -g -O2 -D_GNU_SOURCE -D_REENTRANT -D_THREAD_SAFE  -DZMQ_USE_EPOLL conftest.cpp >&5
conftest.cpp: In function 'int main()':
conftest.cpp:85: error: expected primary-expression before ')' token
configure:18438: $? = 1
configure: failed program was:
| /* confdefs.h */
| #define PACKAGE_NAME "zeromq"
| #define PACKAGE_TARNAME "zeromq"
| #define PACKAGE_VERSION "4.1.3"
| #define PACKAGE_STRING "zeromq 4.1.3"
| #define PACKAGE_BUGREPORT "zeromq-dev@lists.zeromq.org"
| #define PACKAGE_URL ""
| #define PACKAGE "zeromq"
| #define VERSION "4.1.3"
| #define STDC_HEADERS 1
| #define HAVE_SYS_TYPES_H 1
| #define HAVE_SYS_STAT_H 1
| #define HAVE_STDLIB_H 1
| #define HAVE_STRING_H 1
| #define HAVE_MEMORY_H 1
| #define HAVE_STRINGS_H 1
| #define HAVE_INTTYPES_H 1
| #define HAVE_STDINT_H 1
| #define HAVE_UNISTD_H 1
| #define HAVE_DLFCN_H 1
| #define LT_OBJDIR ".libs/"
| #define ZMQ_HAVE_LINUX 1
| #define HAVE_LIBPTHREAD 1
| #define HAVE_LIBRT 1
| #define STDC_HEADERS 1
| #define HAVE_ERRNO_H 1
| #define HAVE_TIME_H 1
| #define HAVE_UNISTD_H 1
| #define HAVE_LIMITS_H 1
| #define HAVE_STDDEF_H 1
| #define HAVE_STDLIB_H 1
| #define HAVE_STRING_H 1
| #define HAVE_ARPA_INET_H 1
| #define HAVE_NETINET_TCP_H 1
| #define HAVE_NETINET_IN_H 1
| #define HAVE_SYS_SOCKET_H 1
| #define HAVE_SYS_TIME_H 1
| #define HAVE_IFADDRS_H 1
| #define ZMQ_HAVE_IFADDRS 1
| #define HAVE_SYS_UIO_H 1
| #define ZMQ_HAVE_UIO 1
| #define HAVE_SYS_EVENTFD_H 1
| #define ZMQ_HAVE_EVENTFD 1
| #define HAVE_DECL_SO_PEERCRED 1
| #define ZMQ_HAVE_SO_PEERCRED 1
| #define HAVE_DECL_LOCAL_PEERCRED 0
| #define HAVE_STDBOOL_H 1
| /* end confdefs.h.  */
| #include <stdio.h>
| #ifdef HAVE_SYS_TYPES_H
| # include <sys/types.h>
| #endif
| #ifdef HAVE_SYS_STAT_H
| # include <sys/stat.h>
| #endif
| #ifdef STDC_HEADERS
| # include <stdlib.h>
| # include <stddef.h>
| #else
| # ifdef HAVE_STDLIB_H
| #  include <stdlib.h>
| # endif
| #endif
| #ifdef HAVE_STRING_H
| # if !defined STDC_HEADERS && defined HAVE_MEMORY_H
| #  include <memory.h>
| # endif
| # include <string.h>
| #endif
| #ifdef HAVE_STRINGS_H
| # include <strings.h>
| #endif
| #ifdef HAVE_INTTYPES_H
| # include <inttypes.h>
| #endif
| #ifdef HAVE_STDINT_H
| # include <stdint.h>
| #endif
| #ifdef HAVE_UNISTD_H
| # include <unistd.h>
| #endif
| int
| main ()
| {
| if (sizeof ((ssize_t)))
| 	    return 0;
|   ;
|   return 0;
| }
configure:18438: result: yes
configure:18451: checking whether time.h and sys/time.h may both be included
configure:18471: g++ -c -g -O2 -D_GNU_SOURCE -D_REENTRANT -D_THREAD_SAFE  -DZMQ_USE_EPOLL conftest.cpp >&5
configure:18471: $? = 0
configure:18478: result: yes
configure:18486: checking for uint32_t
configure:18486: g++ -c -g -O2 -D_GNU_SOURCE -D_REENTRANT -D_THREAD_SAFE  -DZMQ_USE_EPOLL conftest.cpp >&5
configure:18486: $? = 0
configure:18486: result: yes
configure:18500: checking for working volatile
configure:18519: g++ -c -g -O2 -D_GNU_SOURCE -D_REENTRANT -D_THREAD_SAFE  -DZMQ_USE_EPOLL conftest.cpp >&5
configure:18519: $? = 0
configure:18526: result: yes
configure:18996: checking "with_norm_ext = no"
configure:19024: checking how to enable additional warnings for C++ compiler
configure:19059: result: -Wall
configure:19071: checking how to turn warnings to errors in C++ compiler
configure:19102: result: -Werror
configure:19115: checking how to enable strict standards compliance in C++ compiler
configure:19150: result: -pedantic
configure:19201: checking return type of signal handlers
configure:19219: g++ -c -g -O2 -pedantic -Werror -Wall -D_GNU_SOURCE -D_REENTRANT -D_THREAD_SAFE  -DZMQ_USE_EPOLL conftest.cpp >&5
conftest.cpp: In function 'int main()':
conftest.cpp:56: error: void value not ignored as it ought to be
configure:19219: $? = 1
configure: failed program was:
| /* confdefs.h */
| #define PACKAGE_NAME "zeromq"
| #define PACKAGE_TARNAME "zeromq"
| #define PACKAGE_VERSION "4.1.3"
| #define PACKAGE_STRING "zeromq 4.1.3"
| #define PACKAGE_BUGREPORT "zeromq-dev@lists.zeromq.org"
| #define PACKAGE_URL ""
| #define PACKAGE "zeromq"
| #define VERSION "4.1.3"
| #define STDC_HEADERS 1
| #define HAVE_SYS_TYPES_H 1
| #define HAVE_SYS_STAT_H 1
| #define HAVE_STDLIB_H 1
| #define HAVE_STRING_H 1
| #define HAVE_MEMORY_H 1
| #define HAVE_STRINGS_H 1
| #define HAVE_INTTYPES_H 1
| #define HAVE_STDINT_H 1
| #define HAVE_UNISTD_H 1
| #define HAVE_DLFCN_H 1
| #define LT_OBJDIR ".libs/"
| #define ZMQ_HAVE_LINUX 1
| #define HAVE_LIBPTHREAD 1
| #define HAVE_LIBRT 1
| #define STDC_HEADERS 1
| #define HAVE_ERRNO_H 1
| #define HAVE_TIME_H 1
| #define HAVE_UNISTD_H 1
| #define HAVE_LIMITS_H 1
| #define HAVE_STDDEF_H 1
| #define HAVE_STDLIB_H 1
| #define HAVE_STRING_H 1
| #define HAVE_ARPA_INET_H 1
| #define HAVE_NETINET_TCP_H 1
| #define HAVE_NETINET_IN_H 1
| #define HAVE_SYS_SOCKET_H 1
| #define HAVE_SYS_TIME_H 1
| #define HAVE_IFADDRS_H 1
| #define ZMQ_HAVE_IFADDRS 1
| #define HAVE_SYS_UIO_H 1
| #define ZMQ_HAVE_UIO 1
| #define HAVE_SYS_EVENTFD_H 1
| #define ZMQ_HAVE_EVENTFD 1
| #define HAVE_DECL_SO_PEERCRED 1
| #define ZMQ_HAVE_SO_PEERCRED 1
| #define HAVE_DECL_LOCAL_PEERCRED 0
| #define HAVE_STDBOOL_H 1
| #define TIME_WITH_SYS_TIME 1
| /* end confdefs.h.  */
| #include <sys/types.h>
| #include <signal.h>
| 
| int
| main ()
| {
| return *(signal (0, 0)) (0) == 1;
|   ;
|   return 0;
| }
configure:19226: result: void
configure:19237: checking for perror
configure:19237: g++ -o conftest -g -O2 -pedantic -Werror -Wall -D_GNU_SOURCE -D_REENTRANT -D_THREAD_SAFE  -DZMQ_USE_EPOLL  conftest.cpp -lrt -lpthread  >&5
configure:19237: $? = 0
configure:19237: result: yes
configure:19237: checking for gettimeofday
configure:19237: g++ -o conftest -g -O2 -pedantic -Werror -Wall -D_GNU_SOURCE -D_REENTRANT -D_THREAD_SAFE  -DZMQ_USE_EPOLL  conftest.cpp -lrt -lpthread  >&5
configure:19237: $? = 0
configure:19237: result: yes
configure:19237: checking for clock_gettime
configure:19237: g++ -o conftest -g -O2 -pedantic -Werror -Wall -D_GNU_SOURCE -D_REENTRANT -D_THREAD_SAFE  -DZMQ_USE_EPOLL  conftest.cpp -lrt -lpthread  >&5
configure:19237: $? = 0
configure:19237: result: yes
configure:19237: checking for memset
configure:19237: g++ -o conftest -g -O2 -pedantic -Werror -Wall -D_GNU_SOURCE -D_REENTRANT -D_THREAD_SAFE  -DZMQ_USE_EPOLL  conftest.cpp -lrt -lpthread  >&5
configure:19237: $? = 0
configure:19237: result: yes
configure:19237: checking for socket
configure:19237: g++ -o conftest -g -O2 -pedantic -Werror -Wall -D_GNU_SOURCE -D_REENTRANT -D_THREAD_SAFE  -DZMQ_USE_EPOLL  conftest.cpp -lrt -lpthread  >&5
configure:19237: $? = 0
configure:19237: result: yes
configure:19237: checking for getifaddrs
configure:19237: g++ -o conftest -g -O2 -pedantic -Werror -Wall -D_GNU_SOURCE -D_REENTRANT -D_THREAD_SAFE  -DZMQ_USE_EPOLL  conftest.cpp -lrt -lpthread  >&5
configure:19237: $? = 0
configure:19237: result: yes
configure:19237: checking for freeifaddrs
configure:19237: g++ -o conftest -g -O2 -pedantic -Werror -Wall -D_GNU_SOURCE -D_REENTRANT -D_THREAD_SAFE  -DZMQ_USE_EPOLL  conftest.cpp -lrt -lpthread  >&5
configure:19237: $? = 0
configure:19237: result: yes
configure:19237: checking for fork
configure:19237: g++ -o conftest -g -O2 -pedantic -Werror -Wall -D_GNU_SOURCE -D_REENTRANT -D_THREAD_SAFE  -DZMQ_USE_EPOLL  conftest.cpp -lrt -lpthread  >&5
configure:19237: $? = 0
configure:19237: result: yes
configure:19249: checking alloca.h usability
configure:19249: g++ -c -g -O2 -pedantic -Werror -Wall -D_GNU_SOURCE -D_REENTRANT -D_THREAD_SAFE  -DZMQ_USE_EPOLL conftest.cpp >&5
configure:19249: $? = 0
configure:19249: result: yes
configure:19249: checking alloca.h presence
configure:19249: g++ -E -pedantic -Werror -Wall -D_GNU_SOURCE -D_REENTRANT -D_THREAD_SAFE  -DZMQ_USE_EPOLL conftest.cpp
configure:19249: $? = 0
configure:19249: result: yes
configure:19249: checking for alloca.h
configure:19249: result: yes
configure:19261: checking whether SOCK_CLOEXEC is supported
configure:19281: g++ -o conftest -g -O2 -pedantic -Werror -Wall -D_GNU_SOURCE -D_REENTRANT -D_THREAD_SAFE  -DZMQ_USE_EPOLL  conftest.cpp -lrt -lpthread  >&5
configure:19281: $? = 0
configure:19281: ./conftest
configure:19281: $? = 0
configure:19282: result: yes
configure:19300: checking whether SO_KEEPALIVE is supported
configure:19323: g++ -o conftest -g -O2 -pedantic -Werror -Wall -D_GNU_SOURCE -D_REENTRANT -D_THREAD_SAFE  -DZMQ_USE_EPOLL  conftest.cpp -lrt -lpthread  >&5
configure:19323: $? = 0
configure:19323: ./conftest
configure:19323: $? = 0
configure:19324: result: yes
configure:19341: checking whether TCP_KEEPCNT is supported
configure:19367: g++ -o conftest -g -O2 -pedantic -Werror -Wall -D_GNU_SOURCE -D_REENTRANT -D_THREAD_SAFE  -DZMQ_USE_EPOLL  conftest.cpp -lrt -lpthread  >&5
configure:19367: $? = 0
configure:19367: ./conftest
configure:19367: $? = 0
configure:19368: result: yes
configure:19385: checking whether TCP_KEEPIDLE is supported
configure:19411: g++ -o conftest -g -O2 -pedantic -Werror -Wall -D_GNU_SOURCE -D_REENTRANT -D_THREAD_SAFE  -DZMQ_USE_EPOLL  conftest.cpp -lrt -lpthread  >&5
configure:19411: $? = 0
configure:19411: ./conftest
configure:19411: $? = 0
configure:19412: result: yes
configure:19429: checking whether TCP_KEEPINTVL is supported
configure:19455: g++ -o conftest -g -O2 -pedantic -Werror -Wall -D_GNU_SOURCE -D_REENTRANT -D_THREAD_SAFE  -DZMQ_USE_EPOLL  conftest.cpp -lrt -lpthread  >&5
configure:19455: $? = 0
configure:19455: ./conftest
configure:19455: $? = 0
configure:19456: result: yes
configure:19473: checking whether TCP_KEEPALIVE is supported
configure:19499: g++ -o conftest -g -O2 -pedantic -Werror -Wall -D_GNU_SOURCE -D_REENTRANT -D_THREAD_SAFE  -DZMQ_USE_EPOLL  conftest.cpp -lrt -lpthread  >&5
conftest.cpp: In function 'int main(int, char**)':
conftest.cpp:77: error: 'TCP_KEEPALIVE' was not declared in this scope
configure:19499: $? = 1
configure: program exited with status 1
configure: failed program was:
| /* confdefs.h */
| #define PACKAGE_NAME "zeromq"
| #define PACKAGE_TARNAME "zeromq"
| #define PACKAGE_VERSION "4.1.3"
| #define PACKAGE_STRING "zeromq 4.1.3"
| #define PACKAGE_BUGREPORT "zeromq-dev@lists.zeromq.org"
| #define PACKAGE_URL ""
| #define PACKAGE "zeromq"
| #define VERSION "4.1.3"
| #define STDC_HEADERS 1
| #define HAVE_SYS_TYPES_H 1
| #define HAVE_SYS_STAT_H 1
| #define HAVE_STDLIB_H 1
| #define HAVE_STRING_H 1
| #define HAVE_MEMORY_H 1
| #define HAVE_STRINGS_H 1
| #define HAVE_INTTYPES_H 1
| #define HAVE_STDINT_H 1
| #define HAVE_UNISTD_H 1
| #define HAVE_DLFCN_H 1
| #define LT_OBJDIR ".libs/"
| #define ZMQ_HAVE_LINUX 1
| #define HAVE_LIBPTHREAD 1
| #define HAVE_LIBRT 1
| #define STDC_HEADERS 1
| #define HAVE_ERRNO_H 1
| #define HAVE_TIME_H 1
| #define HAVE_UNISTD_H 1
| #define HAVE_LIMITS_H 1
| #define HAVE_STDDEF_H 1
| #define HAVE_STDLIB_H 1
| #define HAVE_STRING_H 1
| #define HAVE_ARPA_INET_H 1
| #define HAVE_NETINET_TCP_H 1
| #define HAVE_NETINET_IN_H 1
| #define HAVE_SYS_SOCKET_H 1
| #define HAVE_SYS_TIME_H 1
| #define HAVE_IFADDRS_H 1
| #define ZMQ_HAVE_IFADDRS 1
| #define HAVE_SYS_UIO_H 1
| #define ZMQ_HAVE_UIO 1
| #define HAVE_SYS_EVENTFD_H 1
| #define ZMQ_HAVE_EVENTFD 1
| #define HAVE_DECL_SO_PEERCRED 1
| #define ZMQ_HAVE_SO_PEERCRED 1
| #define HAVE_DECL_LOCAL_PEERCRED 0
| #define HAVE_STDBOOL_H 1
| #define TIME_WITH_SYS_TIME 1
| #define RETSIGTYPE void
| #define HAVE_PERROR 1
| #define HAVE_GETTIMEOFDAY 1
| #define HAVE_CLOCK_GETTIME 1
| #define HAVE_MEMSET 1
| #define HAVE_SOCKET 1
| #define HAVE_GETIFADDRS 1
| #define HAVE_FREEIFADDRS 1
| #define HAVE_FORK 1
| #define HAVE_ALLOCA_H 1
| #define ZMQ_HAVE_SOCK_CLOEXEC 1
| #define ZMQ_HAVE_SO_KEEPALIVE 1
| #define ZMQ_HAVE_TCP_KEEPCNT 1
| #define ZMQ_HAVE_TCP_KEEPIDLE 1
| #define ZMQ_HAVE_TCP_KEEPINTVL 1
| /* end confdefs.h.  */
| /* TCP_KEEPALIVE test */
| #include <sys/types.h>
| #include <sys/socket.h>
| #include <netinet/in.h>
| #include <netinet/tcp.h>
| 
| int main (int argc, char *argv [])
| {
|     int s, rc, opt = 1;
|     return (
|         ((s = socket (PF_INET, SOCK_STREAM, 0)) == -1) ||
|         ((rc = setsockopt (s, SOL_SOCKET, SO_KEEPALIVE, (char*) &opt, sizeof (int))) == -1) ||
|         ((rc = setsockopt (s, IPPROTO_TCP, TCP_KEEPALIVE, (char*) &opt, sizeof (int))) == -1)
|     );
| }
| 
configure:19507: result: no
configure:19722: creating ./config.status

## ---------------------- ##
## Running config.status. ##
## ---------------------- ##

This file was extended by zeromq config.status 4.1.3, which was
generated by GNU Autoconf 2.69.  Invocation command line was

  CONFIG_FILES    = 
  CONFIG_HEADERS  = 
  CONFIG_LINKS    = 
  CONFIG_COMMANDS = 
  $ ./config.status 

on tracing040

config.status:1207: creating Makefile
config.status:1207: creating src/libzmq.pc
config.status:1207: creating doc/Makefile
config.status:1207: creating builds/msvc/Makefile
config.status:1207: creating builds/redhat/zeromq.spec
config.status:1207: creating src/platform.hpp
config.status:1388: src/platform.hpp is unchanged
config.status:1436: executing depfiles commands
config.status:1436: executing libtool commands

## ---------------- ##
## Cache variables. ##
## ---------------- ##

ac_cv_build=x86_64-unknown-linux-gnu
ac_cv_c_compiler_gnu=yes
ac_cv_c_const=yes
ac_cv_c_inline=inline
ac_cv_c_uint32_t=yes
ac_cv_c_volatile=yes
ac_cv_cxx_compiler_gnu=yes
ac_cv_env_ASCIIDOC_set=
ac_cv_env_ASCIIDOC_value=
ac_cv_env_CCC_set=
ac_cv_env_CCC_value=
ac_cv_env_CC_set=
ac_cv_env_CC_value=
ac_cv_env_CFLAGS_set=
ac_cv_env_CFLAGS_value=
ac_cv_env_CPPFLAGS_set=
ac_cv_env_CPPFLAGS_value=
ac_cv_env_CPP_set=
ac_cv_env_CPP_value=
ac_cv_env_CXXCPP_set=
ac_cv_env_CXXCPP_value=
ac_cv_env_CXXFLAGS_set=
ac_cv_env_CXXFLAGS_value=
ac_cv_env_CXX_set=
ac_cv_env_CXX_value=
ac_cv_env_LDFLAGS_set=
ac_cv_env_LDFLAGS_value=
ac_cv_env_LIBS_set=
ac_cv_env_LIBS_value=
ac_cv_env_PKG_CONFIG_set=
ac_cv_env_PKG_CONFIG_value=
ac_cv_env_XMLTO_set=
ac_cv_env_XMLTO_value=
ac_cv_env_build_alias_set=
ac_cv_env_build_alias_value=
ac_cv_env_host_alias_set=
ac_cv_env_host_alias_value=
ac_cv_env_pgm_CFLAGS_set=
ac_cv_env_pgm_CFLAGS_value=
ac_cv_env_pgm_LIBS_set=
ac_cv_env_pgm_LIBS_value=
ac_cv_env_sodium_CFLAGS_set=
ac_cv_env_sodium_CFLAGS_value=
ac_cv_env_sodium_LIBS_set=
ac_cv_env_sodium_LIBS_value=
ac_cv_env_target_alias_set=
ac_cv_env_target_alias_value=
ac_cv_func_clock_gettime=yes
ac_cv_func_fork=yes
ac_cv_func_freeifaddrs=yes
ac_cv_func_getifaddrs=yes
ac_cv_func_gettimeofday=yes
ac_cv_func_memset=yes
ac_cv_func_perror=yes
ac_cv_func_socket=yes
ac_cv_have_decl_LOCAL_PEERCRED=no
ac_cv_have_decl_SO_PEERCRED=yes
ac_cv_header_alloca_h=yes
ac_cv_header_arpa_inet_h=yes
ac_cv_header_dlfcn_h=yes
ac_cv_header_errno_h=yes
ac_cv_header_ifaddrs_h=yes
ac_cv_header_inttypes_h=yes
ac_cv_header_limits_h=yes
ac_cv_header_memory_h=yes
ac_cv_header_netinet_in_h=yes
ac_cv_header_netinet_tcp_h=yes
ac_cv_header_stdbool_h=yes
ac_cv_header_stdc=yes
ac_cv_header_stddef_h=yes
ac_cv_header_stdint_h=yes
ac_cv_header_stdlib_h=yes
ac_cv_header_string_h=yes
ac_cv_header_strings_h=yes
ac_cv_header_sys_eventfd_h=yes
ac_cv_header_sys_socket_h=yes
ac_cv_header_sys_stat_h=yes
ac_cv_header_sys_time_h=yes
ac_cv_header_sys_types_h=yes
ac_cv_header_sys_uio_h=yes
ac_cv_header_time=yes
ac_cv_header_time_h=yes
ac_cv_header_unistd_h=yes
ac_cv_host=x86_64-unknown-linux-gnu
ac_cv_lib_pthread_pthread_create=yes
ac_cv_lib_rt_clock_gettime=yes
ac_cv_objext=o
ac_cv_path_EGREP='/bin/grep -E'
ac_cv_path_FGREP='/bin/grep -F'
ac_cv_path_GREP=/bin/grep
ac_cv_path_SED=/bin/sed
ac_cv_path_ac_pt_PKG_CONFIG=/usr/bin/pkg-config
ac_cv_path_install='/usr/bin/install -c'
ac_cv_path_mkdir=/bin/mkdir
ac_cv_prog_AWK=gawk
ac_cv_prog_CPP='gcc -std=gnu99 -E'
ac_cv_prog_CXXCPP='g++ -E'
ac_cv_prog_ac_ct_AR=ar
ac_cv_prog_ac_ct_CC=gcc
ac_cv_prog_ac_ct_CXX=g++
ac_cv_prog_ac_ct_OBJDUMP=objdump
ac_cv_prog_ac_ct_RANLIB=ranlib
ac_cv_prog_ac_ct_STRIP=strip
ac_cv_prog_cc_c89=
ac_cv_prog_cc_c99=-std=gnu99
ac_cv_prog_cc_g=yes
ac_cv_prog_cc_gcc_c_o=yes
ac_cv_prog_cxx_g=yes
ac_cv_prog_libzmq_have_asciidoc=no
ac_cv_prog_libzmq_have_xmlto=no
ac_cv_prog_make_make_set=yes
ac_cv_type__Bool=no
ac_cv_type_signal=void
ac_cv_type_size_t=yes
ac_cv_type_ssize_t=yes
am_cv_CC_dependencies_compiler_type=gcc3
am_cv_CXX_dependencies_compiler_type=gcc3
am_cv_prog_tar_ustar=gnutar
libzmq_cv_c_clang_compiler=no
libzmq_cv_c_compiler_works=yes
libzmq_cv_c_gcc4_compiler=yes
libzmq_cv_c_intel_compiler=no
libzmq_cv_c_sun_studio_compiler=no
libzmq_cv_check_lang_flag_save_CPPFLAGS='-D_GNU_SOURCE -D_REENTRANT -D_THREAD_SAFE '
libzmq_cv_cxx_clang_compiler=no
libzmq_cv_cxx_compiler_works=yes
libzmq_cv_cxx_gcc4_compiler=yes
libzmq_cv_cxx_intel_compiler=no
libzmq_cv_cxx_strict_flag=-pedantic
libzmq_cv_cxx_sun_studio_compiler=no
libzmq_cv_cxx_supports_flag__fvisibility_hidden=yes
libzmq_cv_cxx_visibility_flag=-fvisibility=hidden
libzmq_cv_cxx_wall_flag=-Wall
libzmq_cv_cxx_werror_flag=-Werror
libzmq_cv_cxx_werror_flag_save=
libzmq_cv_have_poller_epoll=yes
libzmq_cv_have_poller_kqueue=no
libzmq_cv_poller=epoll
libzmq_cv_poller_flag=ZMQ_USE_EPOLL
libzmq_cv_so_keepalive=yes
libzmq_cv_sock_cloexec=yes
libzmq_cv_tcp_keepalive=no
libzmq_cv_tcp_keepcnt=yes
libzmq_cv_tcp_keepidle=yes
libzmq_cv_tcp_keepintvl=yes
lt_cv_deplibs_check_method=pass_all
lt_cv_file_magic_cmd='$MAGIC_CMD'
lt_cv_file_magic_test_file=
lt_cv_ld_reload_flag=-r
lt_cv_nm_interface='BSD nm'
lt_cv_objdir=.libs
lt_cv_path_LD=/usr/bin/ld
lt_cv_path_LDCXX='/usr/bin/ld -m elf_x86_64'
lt_cv_path_NM='/usr/bin/nm -B'
lt_cv_prog_compiler_c_o=yes
lt_cv_prog_compiler_c_o_CXX=yes
lt_cv_prog_compiler_pic_works=yes
lt_cv_prog_compiler_pic_works_CXX=yes
lt_cv_prog_compiler_rtti_exceptions=no
lt_cv_prog_compiler_static_works=no
lt_cv_prog_compiler_static_works_CXX=no
lt_cv_prog_gnu_ld=yes
lt_cv_prog_gnu_ldcxx=yes
lt_cv_sys_global_symbol_pipe='sed -n -e '\''s/^.*[	 ]\([ABCDGIRSTW][ABCDGIRSTW]*\)[	 ][	 ]*\([_A-Za-z][_A-Za-z0-9]*\)$/\1 \2 \2/p'\'''
lt_cv_sys_global_symbol_to_c_name_address='sed -n -e '\''s/^: \([^ ]*\) $/  {\"\1\", (void *) 0},/p'\'' -e '\''s/^[ABCDGIRSTW]* \([^ ]*\) \([^ ]*\)$/  {"\2", (void *) \&\2},/p'\'''
lt_cv_sys_global_symbol_to_c_name_address_lib_prefix='sed -n -e '\''s/^: \([^ ]*\) $/  {\"\1\", (void *) 0},/p'\'' -e '\''s/^[ABCDGIRSTW]* \([^ ]*\) \(lib[^ ]*\)$/  {"\2", (void *) \&\2},/p'\'' -e '\''s/^[ABCDGIRSTW]* \([^ ]*\) \([^ ]*\)$/  {"lib\2", (void *) \&\2},/p'\'''
lt_cv_sys_global_symbol_to_cdecl='sed -n -e '\''s/^T .* \(.*\)$/extern int \1();/p'\'' -e '\''s/^[ABCDGIRSTW]* .* \(.*\)$/extern char \1;/p'\'''
lt_cv_sys_max_cmd_len=32768

## ----------------- ##
## Output variables. ##
## ----------------- ##

ACLOCAL='${SHELL} /home/wangdewei/MsgQueue/soft/zeromq-4.1.3/config/missing --run aclocal-1.11'
AMDEPBACKSLASH='\'
AMDEP_FALSE='#'
AMDEP_TRUE=''
AMTAR='${SHELL} /home/wangdewei/MsgQueue/soft/zeromq-4.1.3/config/missing --run tar'
AM_BACKSLASH='\'
AM_DEFAULT_VERBOSITY='0'
AR='ar'
AS='as'
ASCIIDOC=''
AUTOCONF='${SHELL} /home/wangdewei/MsgQueue/soft/zeromq-4.1.3/config/missing --run autoconf'
AUTOHEADER='${SHELL} /home/wangdewei/MsgQueue/soft/zeromq-4.1.3/config/missing --run autoheader'
AUTOMAKE='${SHELL} /home/wangdewei/MsgQueue/soft/zeromq-4.1.3/config/missing --run automake-1.11'
AWK='gawk'
BUILD_DOC_FALSE=''
BUILD_DOC_TRUE='#'
BUILD_TIPC_FALSE=''
BUILD_TIPC_TRUE='#'
CC='gcc -std=gnu99'
CCDEPMODE='depmode=gcc3'
CFLAGS='-g -O2'
CPP='gcc -std=gnu99 -E'
CPPFLAGS='-pedantic -Werror -Wall -D_GNU_SOURCE -D_REENTRANT -D_THREAD_SAFE  -DZMQ_USE_EPOLL'
CXX='g++'
CXXCPP='g++ -E'
CXXDEPMODE='depmode=gcc3'
CXXFLAGS='-g -O2'
CYGPATH_W='echo'
DEFS='-DHAVE_CONFIG_H'
DEPDIR='.deps'
DLLTOOL='dlltool'
DSYMUTIL=''
DUMPBIN=''
ECHO_C=''
ECHO_N='-n'
ECHO_T=''
EGREP='/bin/grep -E'
EXEEXT=''
FGREP='/bin/grep -F'
GREP='/bin/grep'
HAVE_FORK_FALSE='#'
HAVE_FORK_TRUE=''
HAVE_IPC_PEERCRED_FALSE='#'
HAVE_IPC_PEERCRED_TRUE=''
HAVE_PGM_FALSE=''
HAVE_PGM_TRUE='#'
HAVE_SODIUM_FALSE=''
HAVE_SODIUM_TRUE='#'
INSTALL_DATA='${INSTALL} -m 644'
INSTALL_MAN_FALSE='#'
INSTALL_MAN_TRUE=''
INSTALL_PROGRAM='${INSTALL}'
INSTALL_SCRIPT='${INSTALL}'
INSTALL_STRIP_PROGRAM='$(install_sh) -c -s'
LD='/usr/bin/ld -m elf_x86_64'
LDFLAGS=''
LIBOBJS=''
LIBS='-lrt -lpthread '
LIBTOOL='$(SHELL) $(top_builddir)/libtool'
LIBZMQ_EXTRA_CFLAGS=''
LIBZMQ_EXTRA_CXXFLAGS='-fvisibility=hidden '
LIBZMQ_EXTRA_LDFLAGS=''
LIPO=''
LN_S='ln -s'
LTLIBOBJS=''
LTVER='5:0:0'
MAKEINFO='${SHELL} /home/wangdewei/MsgQueue/soft/zeromq-4.1.3/config/missing --run makeinfo'
MKDIR_P='/bin/mkdir -p'
NM='/usr/bin/nm -B'
NMEDIT=''
OBJDUMP='objdump'
OBJEXT='o'
ON_ANDROID_FALSE=''
ON_ANDROID_TRUE='#'
ON_LINUX_FALSE='#'
ON_LINUX_TRUE=''
ON_MINGW_FALSE=''
ON_MINGW_TRUE='#'
OTOOL64=''
OTOOL=''
PACKAGE='zeromq'
PACKAGE_BUGREPORT='zeromq-dev@lists.zeromq.org'
PACKAGE_NAME='zeromq'
PACKAGE_STRING='zeromq 4.1.3'
PACKAGE_TARNAME='zeromq'
PACKAGE_URL=''
PACKAGE_VERSION='4.1.3'
PATH_SEPARATOR=':'
PKG_CONFIG='/usr/bin/pkg-config'
RANLIB='ranlib'
SED='/bin/sed'
SET_MAKE=''
SHELL='/bin/sh'
STRIP='strip'
VERSION='4.1.3'
XMLTO=''
ac_ct_CC='gcc'
ac_ct_CXX='g++'
ac_ct_DUMPBIN=''
am__EXEEXT_FALSE=''
am__EXEEXT_TRUE='#'
am__fastdepCC_FALSE='#'
am__fastdepCC_TRUE=''
am__fastdepCXX_FALSE='#'
am__fastdepCXX_TRUE=''
am__include='include'
am__isrc=''
am__leading_dot='.'
am__quote=''
am__tar='tar --format=ustar -chf - "$$tardir"'
am__untar='tar -xf -'
bindir='${exec_prefix}/bin'
build='x86_64-unknown-linux-gnu'
build_alias=''
build_cpu='x86_64'
build_os='linux-gnu'
build_vendor='unknown'
datadir='${datarootdir}'
datarootdir='${prefix}/share'
docdir='${datarootdir}/doc/${PACKAGE_TARNAME}'
dvidir='${docdir}'
exec_prefix='${prefix}'
host='x86_64-unknown-linux-gnu'
host_alias=''
host_cpu='x86_64'
host_os='linux-gnu'
host_vendor='unknown'
htmldir='${docdir}'
includedir='${prefix}/include'
infodir='${datarootdir}/info'
install_sh='${SHELL} /home/wangdewei/MsgQueue/soft/zeromq-4.1.3/config/install-sh'
libdir='${exec_prefix}/lib'
libexecdir='${exec_prefix}/libexec'
libzmq_have_asciidoc='no'
libzmq_have_xmlto='no'
localedir='${datarootdir}/locale'
localstatedir='${prefix}/var'
lt_ECHO='echo'
mandir='${datarootdir}/man'
mkdir_p='/bin/mkdir -p'
oldincludedir='/usr/include'
pdfdir='${docdir}'
pgm_CFLAGS=''
pgm_LIBS=''
pkgconfigdir='${libdir}/pkgconfig'
prefix='/usr/local'
program_transform_name='s,x,x,'
psdir='${docdir}'
sbindir='${exec_prefix}/sbin'
sharedstatedir='${prefix}/com'
sodium_CFLAGS=''
sodium_LIBS=''
sysconfdir='${prefix}/etc'
target_alias=''

## ----------- ##
## confdefs.h. ##
## ----------- ##

/* confdefs.h */
#define PACKAGE_NAME "zeromq"
#define PACKAGE_TARNAME "zeromq"
#define PACKAGE_VERSION "4.1.3"
#define PACKAGE_STRING "zeromq 4.1.3"
#define PACKAGE_BUGREPORT "zeromq-dev@lists.zeromq.org"
#define PACKAGE_URL ""
#define PACKAGE "zeromq"
#define VERSION "4.1.3"
#define STDC_HEADERS 1
#define HAVE_SYS_TYPES_H 1
#define HAVE_SYS_STAT_H 1
#define HAVE_STDLIB_H 1
#define HAVE_STRING_H 1
#define HAVE_MEMORY_H 1
#define HAVE_STRINGS_H 1
#define HAVE_INTTYPES_H 1
#define HAVE_STDINT_H 1
#define HAVE_UNISTD_H 1
#define HAVE_DLFCN_H 1
#define LT_OBJDIR ".libs/"
#define ZMQ_HAVE_LINUX 1
#define HAVE_LIBPTHREAD 1
#define HAVE_LIBRT 1
#define STDC_HEADERS 1
#define HAVE_ERRNO_H 1
#define HAVE_TIME_H 1
#define HAVE_UNISTD_H 1
#define HAVE_LIMITS_H 1
#define HAVE_STDDEF_H 1
#define HAVE_STDLIB_H 1
#define HAVE_STRING_H 1
#define HAVE_ARPA_INET_H 1
#define HAVE_NETINET_TCP_H 1
#define HAVE_NETINET_IN_H 1
#define HAVE_SYS_SOCKET_H 1
#define HAVE_SYS_TIME_H 1
#define HAVE_IFADDRS_H 1
#define ZMQ_HAVE_IFADDRS 1
#define HAVE_SYS_UIO_H 1
#define ZMQ_HAVE_UIO 1
#define HAVE_SYS_EVENTFD_H 1
#define ZMQ_HAVE_EVENTFD 1
#define HAVE_DECL_SO_PEERCRED 1
#define ZMQ_HAVE_SO_PEERCRED 1
#define HAVE_DECL_LOCAL_PEERCRED 0
#define HAVE_STDBOOL_H 1
#define TIME_WITH_SYS_TIME 1
#define RETSIGTYPE void
#define HAVE_PERROR 1
#define HAVE_GETTIMEOFDAY 1
#define HAVE_CLOCK_GETTIME 1
#define HAVE_MEMSET 1
#define HAVE_SOCKET 1
#define HAVE_GETIFADDRS 1
#define HAVE_FREEIFADDRS 1
#define HAVE_FORK 1
#define HAVE_ALLOCA_H 1
#define ZMQ_HAVE_SOCK_CLOEXEC 1
#define ZMQ_HAVE_SO_KEEPALIVE 1
#define ZMQ_HAVE_TCP_KEEPCNT 1
#define ZMQ_HAVE_TCP_KEEPIDLE 1
#define ZMQ_HAVE_TCP_KEEPINTVL 1

configure: exit 0
