This file contains any messages produced by compilers while
running configure, to aid debugging if configure makes a mistake.

It was created by libsodium configure 1.0.8, which was
generated by GNU Autoconf 2.69.  Invocation command line was

  $ ./configure 

## --------- ##
## Platform. ##
## --------- ##

hostname = tracing040
uname -m = x86_64
uname -r = 2.6.32-431.el6.x86_64
uname -s = Linux
uname -v = #1 SMP Fri Nov 22 03:15:09 UTC 2013

/usr/bin/uname -p = unknown
/bin/uname -X     = unknown

/bin/arch              = x86_64
/usr/bin/arch -k       = unknown
/usr/convex/getsysinfo = unknown
/usr/bin/hostinfo      = unknown
/bin/machine           = unknown
/usr/bin/oslevel       = unknown
/bin/universe          = unknown

PATH: /usr/lib64/qt-3.3/bin
PATH: /usr/local/sbin
PATH: /usr/local/bin
PATH: /sbin
PATH: /bin
PATH: /usr/sbin
PATH: /usr/bin
PATH: /usr/java/jdk1.7.0_67-cloudera/bin
PATH: /root/bin


## ----------- ##
## Core tests. ##
## ----------- ##

configure:2453: checking build system type
configure:2467: result: x86_64-unknown-linux-gnu
configure:2487: checking host system type
configure:2500: result: x86_64-unknown-linux-gnu
configure:2536: checking for a BSD-compatible install
configure:2604: result: /usr/bin/install -c
configure:2615: checking whether build environment is sane
configure:2665: result: yes
configure:2806: checking for a thread-safe mkdir -p
configure:2845: result: /bin/mkdir -p
configure:2858: checking for gawk
configure:2874: found /bin/gawk
configure:2885: result: gawk
configure:2896: checking whether make sets $(MAKE)
configure:2918: result: yes
configure:2993: checking how to create a ustar tar archive
configure:3006: tar --version
tar (GNU tar) 1.23
Copyright (C) 2010 Free Software Foundation, Inc.
License GPLv3+: GNU GPL version 3 or later <http://gnu.org/licenses/gpl.html>.
This is free software: you are free to change and redistribute it.
There is NO WARRANTY, to the extent permitted by law.

Written by John Gilmore and Jay Fenlason.
configure:3009: $? = 0
configure:3049: tardir=conftest.dir && eval tar --format=ustar -chf - "$tardir" >conftest.tar
configure:3052: $? = 0
configure:3056: tar -xf - <conftest.tar
configure:3059: $? = 0
configure:3072: result: gnutar
configure:3092: checking whether to enable maintainer-specific portions of Makefiles
configure:3101: result: no
configure:3345: checking for style of include used by make
configure:3373: result: GNU
configure:3425: checking for gcc
configure:3441: found /usr/bin/gcc
configure:3452: result: gcc
configure:3681: checking for C compiler version
configure:3690: gcc --version >&5
gcc (GCC) 4.4.7 20120313 (Red Hat 4.4.7-4)
Copyright (C) 2010 Free Software Foundation, Inc.
This is free software; see the source for copying conditions.  There is NO
warranty; not even for MERCHANTABILITY or FITNESS FOR A PARTICULAR PURPOSE.

configure:3701: $? = 0
configure:3690: gcc -v >&5
Using built-in specs.
Target: x86_64-redhat-linux
Configured with: ../configure --prefix=/usr --mandir=/usr/share/man --infodir=/usr/share/info --with-bugurl=http://bugzilla.redhat.com/bugzilla --enable-bootstrap --enable-shared --enable-threads=posix --enable-checking=release --with-system-zlib --enable-__cxa_atexit --disable-libunwind-exceptions --enable-gnu-unique-object --enable-languages=c,c++,objc,obj-c++,java,fortran,ada --enable-java-awt=gtk --disable-dssi --with-java-home=/usr/lib/jvm/java-1.5.0-gcj-1.5.0.0/jre --enable-libgcj-multifile --enable-java-maintainer-mode --with-ecj-jar=/usr/share/java/eclipse-ecj.jar --disable-libjava-multilib --with-ppl --with-cloog --with-tune=generic --with-arch_32=i686 --build=x86_64-redhat-linux
Thread model: posix
gcc version 4.4.7 20120313 (Red Hat 4.4.7-4) (GCC) 
configure:3701: $? = 0
configure:3690: gcc -V >&5
gcc: '-V' option must have argument
configure:3701: $? = 1
configure:3690: gcc -qversion >&5
gcc: unrecognized option '-qversion'
gcc: no input files
configure:3701: $? = 1
configure:3721: checking whether the C compiler works
configure:3743: gcc    conftest.c  >&5
configure:3747: $? = 0
configure:3795: result: yes
configure:3798: checking for C compiler default output file name
configure:3800: result: a.out
configure:3806: checking for suffix of executables
configure:3813: gcc -o conftest    conftest.c  >&5
configure:3817: $? = 0
configure:3839: result: 
configure:3861: checking whether we are cross compiling
configure:3869: gcc -o conftest    conftest.c  >&5
configure:3873: $? = 0
configure:3880: ./conftest
configure:3884: $? = 0
configure:3899: result: no
configure:3904: checking for suffix of object files
configure:3926: gcc -c   conftest.c >&5
configure:3930: $? = 0
configure:3951: result: o
configure:3955: checking whether we are using the GNU C compiler
configure:3974: gcc -c   conftest.c >&5
configure:3974: $? = 0
configure:3983: result: yes
configure:3992: checking whether gcc accepts -g
configure:4012: gcc -c -g  conftest.c >&5
configure:4012: $? = 0
configure:4053: result: yes
configure:4070: checking for gcc option to accept ISO C89
configure:4133: gcc  -c -g -O2  conftest.c >&5
configure:4133: $? = 0
configure:4146: result: none needed
configure:4168: checking dependency style of gcc
configure:4278: result: gcc3
configure:4293: checking for gcc option to accept ISO C99
configure:4442: gcc  -c -g -O2  conftest.c >&5
conftest.c:61: error: expected ';', ',' or ')' before 'text'
conftest.c: In function 'main':
conftest.c:115: error: expected '=', ',', ';', 'asm' or '__attribute__' before 'newvar'
conftest.c:115: error: 'newvar' undeclared (first use in this function)
conftest.c:115: error: (Each undeclared identifier is reported only once
conftest.c:115: error: for each function it appears in.)
conftest.c:125: error: 'for' loop initial declarations are only allowed in C99 mode
conftest.c:125: note: use option -std=c99 or -std=gnu99 to compile your code
configure:4442: $? = 1
configure: failed program was:
| /* confdefs.h */
| #define PACKAGE_NAME "libsodium"
| #define PACKAGE_TARNAME "libsodium"
| #define PACKAGE_VERSION "1.0.8"
| #define PACKAGE_STRING "libsodium 1.0.8"
| #define PACKAGE_BUGREPORT "https://github.com/jedisct1/libsodium/issues"
| #define PACKAGE_URL "https://github.com/jedisct1/libsodium"
| #define PACKAGE "libsodium"
| #define VERSION "1.0.8"
| /* end confdefs.h.  */
| #include <stdarg.h>
| #include <stdbool.h>
| #include <stdlib.h>
| #include <wchar.h>
| #include <stdio.h>
| 
| // Check varargs macros.  These examples are taken from C99 6.10.3.5.
| #define debug(...) fprintf (stderr, __VA_ARGS__)
| #define showlist(...) puts (#__VA_ARGS__)
| #define report(test,...) ((test) ? puts (#test) : printf (__VA_ARGS__))
| static void
| test_varargs_macros (void)
| {
|   int x = 1234;
|   int y = 5678;
|   debug ("Flag");
|   debug ("X = %d\n", x);
|   showlist (The first, second, and third items.);
|   report (x>y, "x is %d but y is %d", x, y);
| }
| 
| // Check long long types.
| #define BIG64 18446744073709551615ull
| #define BIG32 4294967295ul
| #define BIG_OK (BIG64 / BIG32 == 4294967297ull && BIG64 % BIG32 == 0)
| #if !BIG_OK
|   your preprocessor is broken;
| #endif
| #if BIG_OK
| #else
|   your preprocessor is broken;
| #endif
| static long long int bignum = -9223372036854775807LL;
| static unsigned long long int ubignum = BIG64;
| 
| struct incomplete_array
| {
|   int datasize;
|   double data[];
| };
| 
| struct named_init {
|   int number;
|   const wchar_t *name;
|   double average;
| };
| 
| typedef const char *ccp;
| 
| static inline int
| test_restrict (ccp restrict text)
| {
|   // See if C++-style comments work.
|   // Iterate through items via the restricted pointer.
|   // Also check for declarations in for loops.
|   for (unsigned int i = 0; *(text+i) != '\0'; ++i)
|     continue;
|   return 0;
| }
| 
| // Check varargs and va_copy.
| static void
| test_varargs (const char *format, ...)
| {
|   va_list args;
|   va_start (args, format);
|   va_list args_copy;
|   va_copy (args_copy, args);
| 
|   const char *str;
|   int number;
|   float fnumber;
| 
|   while (*format)
|     {
|       switch (*format++)
| 	{
| 	case 's': // string
| 	  str = va_arg (args_copy, const char *);
| 	  break;
| 	case 'd': // int
| 	  number = va_arg (args_copy, int);
| 	  break;
| 	case 'f': // float
| 	  fnumber = va_arg (args_copy, double);
| 	  break;
| 	default:
| 	  break;
| 	}
|     }
|   va_end (args_copy);
|   va_end (args);
| }
| 
| int
| main ()
| {
| 
|   // Check bool.
|   _Bool success = false;
| 
|   // Check restrict.
|   if (test_restrict ("String literal") == 0)
|     success = true;
|   char *restrict newvar = "Another string";
| 
|   // Check varargs.
|   test_varargs ("s, d' f .", "string", 65, 34.234);
|   test_varargs_macros ();
| 
|   // Check flexible array members.
|   struct incomplete_array *ia =
|     malloc (sizeof (struct incomplete_array) + (sizeof (double) * 10));
|   ia->datasize = 10;
|   for (int i = 0; i < ia->datasize; ++i)
|     ia->data[i] = i * 1.234;
| 
|   // Check named initializers.
|   struct named_init ni = {
|     .number = 34,
|     .name = L"Test wide string",
|     .average = 543.34343,
|   };
| 
|   ni.number = 58;
| 
|   int dynamic_array[ni.number];
|   dynamic_array[ni.number - 1] = 543;
| 
|   // work around unused variable warnings
|   return (!success || bignum == 0LL || ubignum == 0uLL || newvar[0] == 'x'
| 	  || dynamic_array[ni.number - 1] != 543);
| 
|   ;
|   return 0;
| }
configure:4442: gcc -std=gnu99 -c -g -O2  conftest.c >&5
configure:4442: $? = 0
configure:4462: result: -std=gnu99
configure:4479: checking dependency style of gcc -std=gnu99
configure:4587: result: gcc3
configure:4608: checking how to run the C preprocessor
configure:4639: gcc -std=gnu99 -E  conftest.c
configure:4639: $? = 0
configure:4653: gcc -std=gnu99 -E  conftest.c
conftest.c:11:28: error: ac_nonexistent.h: No such file or directory
configure:4653: $? = 1
configure: failed program was:
| /* confdefs.h */
| #define PACKAGE_NAME "libsodium"
| #define PACKAGE_TARNAME "libsodium"
| #define PACKAGE_VERSION "1.0.8"
| #define PACKAGE_STRING "libsodium 1.0.8"
| #define PACKAGE_BUGREPORT "https://github.com/jedisct1/libsodium/issues"
| #define PACKAGE_URL "https://github.com/jedisct1/libsodium"
| #define PACKAGE "libsodium"
| #define VERSION "1.0.8"
| /* end confdefs.h.  */
| #include <ac_nonexistent.h>
configure:4678: result: gcc -std=gnu99 -E
configure:4698: gcc -std=gnu99 -E  conftest.c
configure:4698: $? = 0
configure:4712: gcc -std=gnu99 -E  conftest.c
conftest.c:11:28: error: ac_nonexistent.h: No such file or directory
configure:4712: $? = 1
configure: failed program was:
| /* confdefs.h */
| #define PACKAGE_NAME "libsodium"
| #define PACKAGE_TARNAME "libsodium"
| #define PACKAGE_VERSION "1.0.8"
| #define PACKAGE_STRING "libsodium 1.0.8"
| #define PACKAGE_BUGREPORT "https://github.com/jedisct1/libsodium/issues"
| #define PACKAGE_URL "https://github.com/jedisct1/libsodium"
| #define PACKAGE "libsodium"
| #define VERSION "1.0.8"
| /* end confdefs.h.  */
| #include <ac_nonexistent.h>
configure:4741: checking for grep that handles long lines and -e
configure:4799: result: /bin/grep
configure:4804: checking for egrep
configure:4866: result: /bin/grep -E
configure:4871: checking for ANSI C header files
configure:4891: gcc -std=gnu99 -c -g -O2  conftest.c >&5
configure:4891: $? = 0
configure:4964: gcc -std=gnu99 -o conftest -g -O2   conftest.c  >&5
configure:4964: $? = 0
configure:4964: ./conftest
configure:4964: $? = 0
configure:4975: result: yes
configure:4988: checking for sys/types.h
configure:4988: gcc -std=gnu99 -c -g -O2  conftest.c >&5
configure:4988: $? = 0
configure:4988: result: yes
configure:4988: checking for sys/stat.h
configure:4988: gcc -std=gnu99 -c -g -O2  conftest.c >&5
configure:4988: $? = 0
configure:4988: result: yes
configure:4988: checking for stdlib.h
configure:4988: gcc -std=gnu99 -c -g -O2  conftest.c >&5
configure:4988: $? = 0
configure:4988: result: yes
configure:4988: checking for string.h
configure:4988: gcc -std=gnu99 -c -g -O2  conftest.c >&5
configure:4988: $? = 0
configure:4988: result: yes
configure:4988: checking for memory.h
configure:4988: gcc -std=gnu99 -c -g -O2  conftest.c >&5
configure:4988: $? = 0
configure:4988: result: yes
configure:4988: checking for strings.h
configure:4988: gcc -std=gnu99 -c -g -O2  conftest.c >&5
configure:4988: $? = 0
configure:4988: result: yes
configure:4988: checking for inttypes.h
configure:4988: gcc -std=gnu99 -c -g -O2  conftest.c >&5
configure:4988: $? = 0
configure:4988: result: yes
configure:4988: checking for stdint.h
configure:4988: gcc -std=gnu99 -c -g -O2  conftest.c >&5
configure:4988: $? = 0
configure:4988: result: yes
configure:4988: checking for unistd.h
configure:4988: gcc -std=gnu99 -c -g -O2  conftest.c >&5
configure:4988: $? = 0
configure:4988: result: yes
configure:5001: checking minix/config.h usability
configure:5001: gcc -std=gnu99 -c -g -O2  conftest.c >&5
conftest.c:54:26: error: minix/config.h: No such file or directory
configure:5001: $? = 1
configure: failed program was:
| /* confdefs.h */
| #define PACKAGE_NAME "libsodium"
| #define PACKAGE_TARNAME "libsodium"
| #define PACKAGE_VERSION "1.0.8"
| #define PACKAGE_STRING "libsodium 1.0.8"
| #define PACKAGE_BUGREPORT "https://github.com/jedisct1/libsodium/issues"
| #define PACKAGE_URL "https://github.com/jedisct1/libsodium"
| #define PACKAGE "libsodium"
| #define VERSION "1.0.8"
| #define STDC_HEADERS 1
| #define HAVE_SYS_TYPES_H 1
| #define HAVE_SYS_STAT_H 1
| #define HAVE_STDLIB_H 1
| #define HAVE_STRING_H 1
| #define HAVE_MEMORY_H 1
| #define HAVE_STRINGS_H 1
| #define HAVE_INTTYPES_H 1
| #define HAVE_STDINT_H 1
| #define HAVE_UNISTD_H 1
| /* end confdefs.h.  */
| #include <stdio.h>
| #ifdef HAVE_SYS_TYPES_H
| # include <sys/types.h>
| #endif
| #ifdef HAVE_SYS_STAT_H
| # include <sys/stat.h>
| #endif
| #ifdef STDC_HEADERS
| # include <stdlib.h>
| # include <stddef.h>
| #else
| # ifdef HAVE_STDLIB_H
| #  include <stdlib.h>
| # endif
| #endif
| #ifdef HAVE_STRING_H
| # if !defined STDC_HEADERS && defined HAVE_MEMORY_H
| #  include <memory.h>
| # endif
| # include <string.h>
| #endif
| #ifdef HAVE_STRINGS_H
| # include <strings.h>
| #endif
| #ifdef HAVE_INTTYPES_H
| # include <inttypes.h>
| #endif
| #ifdef HAVE_STDINT_H
| # include <stdint.h>
| #endif
| #ifdef HAVE_UNISTD_H
| # include <unistd.h>
| #endif
| #include <minix/config.h>
configure:5001: result: no
configure:5001: checking minix/config.h presence
configure:5001: gcc -std=gnu99 -E  conftest.c
conftest.c:21:26: error: minix/config.h: No such file or directory
configure:5001: $? = 1
configure: failed program was:
| /* confdefs.h */
| #define PACKAGE_NAME "libsodium"
| #define PACKAGE_TARNAME "libsodium"
| #define PACKAGE_VERSION "1.0.8"
| #define PACKAGE_STRING "libsodium 1.0.8"
| #define PACKAGE_BUGREPORT "https://github.com/jedisct1/libsodium/issues"
| #define PACKAGE_URL "https://github.com/jedisct1/libsodium"
| #define PACKAGE "libsodium"
| #define VERSION "1.0.8"
| #define STDC_HEADERS 1
| #define HAVE_SYS_TYPES_H 1
| #define HAVE_SYS_STAT_H 1
| #define HAVE_STDLIB_H 1
| #define HAVE_STRING_H 1
| #define HAVE_MEMORY_H 1
| #define HAVE_STRINGS_H 1
| #define HAVE_INTTYPES_H 1
| #define HAVE_STDINT_H 1
| #define HAVE_UNISTD_H 1
| /* end confdefs.h.  */
| #include <minix/config.h>
configure:5001: result: no
configure:5001: checking for minix/config.h
configure:5001: result: no
configure:5022: checking whether it is safe to define __EXTENSIONS__
configure:5040: gcc -std=gnu99 -c -g -O2  conftest.c >&5
configure:5040: $? = 0
configure:5047: result: yes
configure:5063: checking for __native_client__ defined
configure:5085: gcc -std=gnu99 -c -g -O2  conftest.c >&5
conftest.c: In function 'main':
conftest.c:34: error: 'choke' undeclared (first use in this function)
conftest.c:34: error: (Each undeclared identifier is reported only once
conftest.c:34: error: for each function it appears in.)
conftest.c:34: error: expected ';' before 'me'
configure:5085: $? = 1
configure: failed program was:
| /* confdefs.h */
| #define PACKAGE_NAME "libsodium"
| #define PACKAGE_TARNAME "libsodium"
| #define PACKAGE_VERSION "1.0.8"
| #define PACKAGE_STRING "libsodium 1.0.8"
| #define PACKAGE_BUGREPORT "https://github.com/jedisct1/libsodium/issues"
| #define PACKAGE_URL "https://github.com/jedisct1/libsodium"
| #define PACKAGE "libsodium"
| #define VERSION "1.0.8"
| #define STDC_HEADERS 1
| #define HAVE_SYS_TYPES_H 1
| #define HAVE_SYS_STAT_H 1
| #define HAVE_STDLIB_H 1
| #define HAVE_STRING_H 1
| #define HAVE_MEMORY_H 1
| #define HAVE_STRINGS_H 1
| #define HAVE_INTTYPES_H 1
| #define HAVE_STDINT_H 1
| #define HAVE_UNISTD_H 1
| #define __EXTENSIONS__ 1
| #define _ALL_SOURCE 1
| #define _GNU_SOURCE 1
| #define _POSIX_PTHREAD_SEMANTICS 1
| #define _TANDEM_SOURCE 1
| /* end confdefs.h.  */
| 
| int
| main ()
| {
| 
|   #ifdef __native_client__
|   int ok;
|   #else
|   choke me
|   #endif
| 
|   ;
|   return 0;
| }
configure:5092: result: no
configure:5099: checking for _FORTIFY_SOURCE defined
configure:5121: gcc -std=gnu99 -c -g -O2  conftest.c >&5
conftest.c: In function 'main':
conftest.c:34: error: 'choke' undeclared (first use in this function)
conftest.c:34: error: (Each undeclared identifier is reported only once
conftest.c:34: error: for each function it appears in.)
conftest.c:34: error: expected ';' before 'me'
configure:5121: $? = 1
configure: failed program was:
| /* confdefs.h */
| #define PACKAGE_NAME "libsodium"
| #define PACKAGE_TARNAME "libsodium"
| #define PACKAGE_VERSION "1.0.8"
| #define PACKAGE_STRING "libsodium 1.0.8"
| #define PACKAGE_BUGREPORT "https://github.com/jedisct1/libsodium/issues"
| #define PACKAGE_URL "https://github.com/jedisct1/libsodium"
| #define PACKAGE "libsodium"
| #define VERSION "1.0.8"
| #define STDC_HEADERS 1
| #define HAVE_SYS_TYPES_H 1
| #define HAVE_SYS_STAT_H 1
| #define HAVE_STDLIB_H 1
| #define HAVE_STRING_H 1
| #define HAVE_MEMORY_H 1
| #define HAVE_STRINGS_H 1
| #define HAVE_INTTYPES_H 1
| #define HAVE_STDINT_H 1
| #define HAVE_UNISTD_H 1
| #define __EXTENSIONS__ 1
| #define _ALL_SOURCE 1
| #define _GNU_SOURCE 1
| #define _POSIX_PTHREAD_SEMANTICS 1
| #define _TANDEM_SOURCE 1
| /* end confdefs.h.  */
| 
| int
| main ()
| {
| 
|   #ifdef _FORTIFY_SOURCE
|   int ok;
|   #else
|   choke me
|   #endif
| 
|   ;
|   return 0;
| }
configure:5128: result: no
configure:5134: checking whether C compiler accepts -D_FORTIFY_SOURCE=2
configure:5153: gcc -std=gnu99 -c -g -O2  -D_FORTIFY_SOURCE=2  conftest.c >&5
configure:5153: $? = 0
configure:5161: result: yes
configure:5172: checking whether C compiler accepts -fvisibility=hidden
configure:5191: gcc -std=gnu99 -c -g -O2  -fvisibility=hidden  -D_FORTIFY_SOURCE=2 conftest.c >&5
configure:5191: $? = 0
configure:5199: result: yes
configure:5213: checking whether C compiler accepts -fPIC
configure:5232: gcc -std=gnu99 -c -g -O2 -fvisibility=hidden  -fPIC  -D_FORTIFY_SOURCE=2 conftest.c >&5
configure:5232: $? = 0
configure:5240: result: yes
configure:5244: checking whether the linker accepts -fPIC
configure:5263: gcc -std=gnu99 -o conftest -g -O2 -fvisibility=hidden  -D_FORTIFY_SOURCE=2   -fPIC conftest.c  >&5
configure:5263: $? = 0
configure:5272: result: yes
configure:5291: checking whether C compiler accepts -fPIE
configure:5310: gcc -std=gnu99 -c -g -O2 -fvisibility=hidden -fPIC  -fPIE  -D_FORTIFY_SOURCE=2 conftest.c >&5
configure:5310: $? = 0
configure:5318: result: yes
configure:5322: checking whether the linker accepts -fPIE
configure:5341: gcc -std=gnu99 -o conftest -g -O2 -fvisibility=hidden -fPIC  -D_FORTIFY_SOURCE=2   -fPIE conftest.c  >&5
configure:5341: $? = 0
configure:5350: result: yes
configure:5353: checking whether the linker accepts -pie
configure:5372: gcc -std=gnu99 -o conftest -g -O2 -fvisibility=hidden -fPIC  -D_FORTIFY_SOURCE=2   -pie conftest.c  >&5
configure:5372: $? = 0
configure:5381: result: yes
configure:5403: checking whether C compiler accepts -fno-strict-aliasing
configure:5422: gcc -std=gnu99 -c -g -O2 -fvisibility=hidden -fPIC -fPIE  -fno-strict-aliasing  -D_FORTIFY_SOURCE=2 conftest.c >&5
configure:5422: $? = 0
configure:5430: result: yes
configure:5438: checking whether C compiler accepts -fno-strict-overflow
configure:5457: gcc -std=gnu99 -c -g -O2 -fvisibility=hidden -fPIC -fPIE -fno-strict-aliasing  -fno-strict-overflow  -D_FORTIFY_SOURCE=2 conftest.c >&5
configure:5457: $? = 0
configure:5465: result: yes
configure:5613: checking whether C compiler accepts -fstack-protector
configure:5632: gcc -std=gnu99 -c -g -O2 -fvisibility=hidden -fPIC -fPIE -fno-strict-aliasing -fno-strict-overflow  -fstack-protector  -D_FORTIFY_SOURCE=2 conftest.c >&5
configure:5632: $? = 0
configure:5640: result: yes
configure:5644: checking whether the linker accepts -fstack-protector
configure:5663: gcc -std=gnu99 -o conftest -g -O2 -fvisibility=hidden -fPIC -fPIE -fno-strict-aliasing -fno-strict-overflow  -D_FORTIFY_SOURCE=2  -pie  -fstack-protector conftest.c  >&5
configure:5663: $? = 0
configure:5672: result: yes
configure:5693: checking whether C compiler accepts -Winit-self
configure:5712: gcc -std=gnu99 -c -g -O2 -fvisibility=hidden -fPIC -fPIE -fno-strict-aliasing -fno-strict-overflow -fstack-protector  -Winit-self  -D_FORTIFY_SOURCE=2 conftest.c >&5
configure:5712: $? = 0
configure:5720: result: yes
configure:5728: checking whether C compiler accepts -Wwrite-strings
configure:5747: gcc -std=gnu99 -c -g -O2 -fvisibility=hidden -fPIC -fPIE -fno-strict-aliasing -fno-strict-overflow -fstack-protector -Winit-self  -Wwrite-strings  -D_FORTIFY_SOURCE=2 conftest.c >&5
configure:5747: $? = 0
configure:5755: result: yes
configure:5763: checking whether C compiler accepts -Wdiv-by-zero
configure:5782: gcc -std=gnu99 -c -g -O2 -fvisibility=hidden -fPIC -fPIE -fno-strict-aliasing -fno-strict-overflow -fstack-protector -Winit-self -Wwrite-strings  -Wdiv-by-zero  -D_FORTIFY_SOURCE=2 conftest.c >&5
configure:5782: $? = 0
configure:5790: result: yes
configure:5798: checking whether C compiler accepts -Wsometimes-uninitialized
configure:5817: gcc -std=gnu99 -c -g -O2 -fvisibility=hidden -fPIC -fPIE -fno-strict-aliasing -fno-strict-overflow -fstack-protector -Winit-self -Wwrite-strings -Wdiv-by-zero  -Wsometimes-uninitialized  -D_FORTIFY_SOURCE=2 conftest.c >&5
cc1: error: unrecognized command line option "-Wsometimes-uninitialized"
configure:5817: $? = 1
configure: failed program was:
| /* confdefs.h */
| #define PACKAGE_NAME "libsodium"
| #define PACKAGE_TARNAME "libsodium"
| #define PACKAGE_VERSION "1.0.8"
| #define PACKAGE_STRING "libsodium 1.0.8"
| #define PACKAGE_BUGREPORT "https://github.com/jedisct1/libsodium/issues"
| #define PACKAGE_URL "https://github.com/jedisct1/libsodium"
| #define PACKAGE "libsodium"
| #define VERSION "1.0.8"
| #define STDC_HEADERS 1
| #define HAVE_SYS_TYPES_H 1
| #define HAVE_SYS_STAT_H 1
| #define HAVE_STDLIB_H 1
| #define HAVE_STRING_H 1
| #define HAVE_MEMORY_H 1
| #define HAVE_STRINGS_H 1
| #define HAVE_INTTYPES_H 1
| #define HAVE_STDINT_H 1
| #define HAVE_UNISTD_H 1
| #define __EXTENSIONS__ 1
| #define _ALL_SOURCE 1
| #define _GNU_SOURCE 1
| #define _POSIX_PTHREAD_SEMANTICS 1
| #define _TANDEM_SOURCE 1
| /* end confdefs.h.  */
| #include <stdio.h>
| int
| main ()
| {
| char x[42U], fodder = 0;if (fodder > -1000 && fgets(x,1000,stdin)) puts(x)
|   ;
|   return 0;
| }
configure:5825: result: no
configure:5837: checking whether C compiler accepts  -Wall
configure:5856: gcc -std=gnu99 -c -g -O2 -fvisibility=hidden -fPIC -fPIE -fno-strict-aliasing -fno-strict-overflow -fstack-protector -Winit-self -Wwrite-strings -Wdiv-by-zero   -Wall  -D_FORTIFY_SOURCE=2 conftest.c >&5
configure:5856: $? = 0
configure:5865: result: yes
configure:5874: checking whether C compiler accepts  -Wall -Wextra
configure:5893: gcc -std=gnu99 -c -g -O2 -fvisibility=hidden -fPIC -fPIE -fno-strict-aliasing -fno-strict-overflow -fstack-protector -Winit-self -Wwrite-strings -Wdiv-by-zero   -Wall -Wextra  -D_FORTIFY_SOURCE=2 conftest.c >&5
conftest.c: In function 'main':
conftest.c:30: warning: comparison is always true due to limited range of data type
configure:5893: $? = 0
configure:5902: result: yes
configure:5911: checking for clang
configure:5928: gcc -std=gnu99 -c -g -O2 -fvisibility=hidden -fPIC -fPIE -fno-strict-aliasing -fno-strict-overflow -fstack-protector -Winit-self -Wwrite-strings -Wdiv-by-zero  -D_FORTIFY_SOURCE=2 conftest.c >&5
conftest.c: In function 'main':
conftest.c:32: error: 'be' undeclared (first use in this function)
conftest.c:32: error: (Each undeclared identifier is reported only once
conftest.c:32: error: for each function it appears in.)
conftest.c:32: error: expected ';' before 'sad'
configure:5928: $? = 1
configure: failed program was:
| /* confdefs.h */
| #define PACKAGE_NAME "libsodium"
| #define PACKAGE_TARNAME "libsodium"
| #define PACKAGE_VERSION "1.0.8"
| #define PACKAGE_STRING "libsodium 1.0.8"
| #define PACKAGE_BUGREPORT "https://github.com/jedisct1/libsodium/issues"
| #define PACKAGE_URL "https://github.com/jedisct1/libsodium"
| #define PACKAGE "libsodium"
| #define VERSION "1.0.8"
| #define STDC_HEADERS 1
| #define HAVE_SYS_TYPES_H 1
| #define HAVE_SYS_STAT_H 1
| #define HAVE_STDLIB_H 1
| #define HAVE_STRING_H 1
| #define HAVE_MEMORY_H 1
| #define HAVE_STRINGS_H 1
| #define HAVE_INTTYPES_H 1
| #define HAVE_STDINT_H 1
| #define HAVE_UNISTD_H 1
| #define __EXTENSIONS__ 1
| #define _ALL_SOURCE 1
| #define _GNU_SOURCE 1
| #define _POSIX_PTHREAD_SEMANTICS 1
| #define _TANDEM_SOURCE 1
| /* end confdefs.h.  */
| 
| int
| main ()
| {
| 
| #ifndef __clang__
| be sad
| #endif
| 
|   ;
|   return 0;
| }
configure:5970: result: no
configure:5977: checking whether C compiler accepts  -Wall -Wextra -Wbad-function-cast
configure:5996: gcc -std=gnu99 -c -g -O2 -fvisibility=hidden -fPIC -fPIE -fno-strict-aliasing -fno-strict-overflow -fstack-protector -Winit-self -Wwrite-strings -Wdiv-by-zero   -Wall -Wextra -Wbad-function-cast  -D_FORTIFY_SOURCE=2 conftest.c >&5
conftest.c: In function 'main':
conftest.c:30: warning: comparison is always true due to limited range of data type
configure:5996: $? = 0
configure:6005: result: yes
configure:6014: checking whether C compiler accepts  -Wall -Wextra -Wbad-function-cast -Wcast-align
configure:6033: gcc -std=gnu99 -c -g -O2 -fvisibility=hidden -fPIC -fPIE -fno-strict-aliasing -fno-strict-overflow -fstack-protector -Winit-self -Wwrite-strings -Wdiv-by-zero   -Wall -Wextra -Wbad-function-cast -Wcast-align  -D_FORTIFY_SOURCE=2 conftest.c >&5
conftest.c: In function 'main':
conftest.c:30: warning: comparison is always true due to limited range of data type
configure:6033: $? = 0
configure:6042: result: yes
configure:6051: checking whether C compiler accepts  -Wall -Wextra -Wbad-function-cast -Wcast-align -Wcast-qual
configure:6070: gcc -std=gnu99 -c -g -O2 -fvisibility=hidden -fPIC -fPIE -fno-strict-aliasing -fno-strict-overflow -fstack-protector -Winit-self -Wwrite-strings -Wdiv-by-zero   -Wall -Wextra -Wbad-function-cast -Wcast-align -Wcast-qual  -D_FORTIFY_SOURCE=2 conftest.c >&5
conftest.c: In function 'main':
conftest.c:30: warning: comparison is always true due to limited range of data type
configure:6070: $? = 0
configure:6079: result: yes
configure:6088: checking whether C compiler accepts  -Wall -Wextra -Wbad-function-cast -Wcast-align -Wcast-qual -Wchar-subscripts
configure:6107: gcc -std=gnu99 -c -g -O2 -fvisibility=hidden -fPIC -fPIE -fno-strict-aliasing -fno-strict-overflow -fstack-protector -Winit-self -Wwrite-strings -Wdiv-by-zero   -Wall -Wextra -Wbad-function-cast -Wcast-align -Wcast-qual -Wchar-subscripts  -D_FORTIFY_SOURCE=2 conftest.c >&5
conftest.c: In function 'main':
conftest.c:30: warning: comparison is always true due to limited range of data type
configure:6107: $? = 0
configure:6116: result: yes
configure:6125: checking whether C compiler accepts  -Wall -Wextra -Wbad-function-cast -Wcast-align -Wcast-qual -Wchar-subscripts -Wcomment
configure:6144: gcc -std=gnu99 -c -g -O2 -fvisibility=hidden -fPIC -fPIE -fno-strict-aliasing -fno-strict-overflow -fstack-protector -Winit-self -Wwrite-strings -Wdiv-by-zero   -Wall -Wextra -Wbad-function-cast -Wcast-align -Wcast-qual -Wchar-subscripts -Wcomment  -D_FORTIFY_SOURCE=2 conftest.c >&5
conftest.c: In function 'main':
conftest.c:30: warning: comparison is always true due to limited range of data type
configure:6144: $? = 0
configure:6153: result: yes
configure:6162: checking whether C compiler accepts  -Wall -Wextra -Wbad-function-cast -Wcast-align -Wcast-qual -Wchar-subscripts -Wcomment -Wfloat-equal
configure:6181: gcc -std=gnu99 -c -g -O2 -fvisibility=hidden -fPIC -fPIE -fno-strict-aliasing -fno-strict-overflow -fstack-protector -Winit-self -Wwrite-strings -Wdiv-by-zero   -Wall -Wextra -Wbad-function-cast -Wcast-align -Wcast-qual -Wchar-subscripts -Wcomment -Wfloat-equal  -D_FORTIFY_SOURCE=2 conftest.c >&5
conftest.c: In function 'main':
conftest.c:30: warning: comparison is always true due to limited range of data type
configure:6181: $? = 0
configure:6190: result: yes
configure:6199: checking whether C compiler accepts  -Wall -Wextra -Wbad-function-cast -Wcast-align -Wcast-qual -Wchar-subscripts -Wcomment -Wfloat-equal -Wformat=2
configure:6218: gcc -std=gnu99 -c -g -O2 -fvisibility=hidden -fPIC -fPIE -fno-strict-aliasing -fno-strict-overflow -fstack-protector -Winit-self -Wwrite-strings -Wdiv-by-zero   -Wall -Wextra -Wbad-function-cast -Wcast-align -Wcast-qual -Wchar-subscripts -Wcomment -Wfloat-equal -Wformat=2  -D_FORTIFY_SOURCE=2 conftest.c >&5
conftest.c: In function 'main':
conftest.c:30: warning: comparison is always true due to limited range of data type
configure:6218: $? = 0
configure:6227: result: yes
configure:6236: checking whether C compiler accepts  -Wall -Wextra -Wbad-function-cast -Wcast-align -Wcast-qual -Wchar-subscripts -Wcomment -Wfloat-equal -Wformat=2 -Wimplicit
configure:6255: gcc -std=gnu99 -c -g -O2 -fvisibility=hidden -fPIC -fPIE -fno-strict-aliasing -fno-strict-overflow -fstack-protector -Winit-self -Wwrite-strings -Wdiv-by-zero   -Wall -Wextra -Wbad-function-cast -Wcast-align -Wcast-qual -Wchar-subscripts -Wcomment -Wfloat-equal -Wformat=2 -Wimplicit  -D_FORTIFY_SOURCE=2 conftest.c >&5
conftest.c: In function 'main':
conftest.c:30: warning: comparison is always true due to limited range of data type
configure:6255: $? = 0
configure:6264: result: yes
configure:6273: checking whether C compiler accepts  -Wall -Wextra -Wbad-function-cast -Wcast-align -Wcast-qual -Wchar-subscripts -Wcomment -Wfloat-equal -Wformat=2 -Wimplicit -Wmissing-declarations
configure:6292: gcc -std=gnu99 -c -g -O2 -fvisibility=hidden -fPIC -fPIE -fno-strict-aliasing -fno-strict-overflow -fstack-protector -Winit-self -Wwrite-strings -Wdiv-by-zero   -Wall -Wextra -Wbad-function-cast -Wcast-align -Wcast-qual -Wchar-subscripts -Wcomment -Wfloat-equal -Wformat=2 -Wimplicit -Wmissing-declarations  -D_FORTIFY_SOURCE=2 conftest.c >&5
conftest.c: In function 'main':
conftest.c:30: warning: comparison is always true due to limited range of data type
configure:6292: $? = 0
configure:6301: result: yes
configure:6310: checking whether C compiler accepts  -Wall -Wextra -Wbad-function-cast -Wcast-align -Wcast-qual -Wchar-subscripts -Wcomment -Wfloat-equal -Wformat=2 -Wimplicit -Wmissing-declarations -Wmissing-prototypes
configure:6329: gcc -std=gnu99 -c -g -O2 -fvisibility=hidden -fPIC -fPIE -fno-strict-aliasing -fno-strict-overflow -fstack-protector -Winit-self -Wwrite-strings -Wdiv-by-zero   -Wall -Wextra -Wbad-function-cast -Wcast-align -Wcast-qual -Wchar-subscripts -Wcomment -Wfloat-equal -Wformat=2 -Wimplicit -Wmissing-declarations -Wmissing-prototypes  -D_FORTIFY_SOURCE=2 conftest.c >&5
conftest.c: In function 'main':
conftest.c:30: warning: comparison is always true due to limited range of data type
configure:6329: $? = 0
configure:6338: result: yes
configure:6347: checking whether C compiler accepts  -Wall -Wextra -Wbad-function-cast -Wcast-align -Wcast-qual -Wchar-subscripts -Wcomment -Wfloat-equal -Wformat=2 -Wimplicit -Wmissing-declarations -Wmissing-prototypes -Wnormalized=id
configure:6366: gcc -std=gnu99 -c -g -O2 -fvisibility=hidden -fPIC -fPIE -fno-strict-aliasing -fno-strict-overflow -fstack-protector -Winit-self -Wwrite-strings -Wdiv-by-zero   -Wall -Wextra -Wbad-function-cast -Wcast-align -Wcast-qual -Wchar-subscripts -Wcomment -Wfloat-equal -Wformat=2 -Wimplicit -Wmissing-declarations -Wmissing-prototypes -Wnormalized=id  -D_FORTIFY_SOURCE=2 conftest.c >&5
conftest.c: In function 'main':
conftest.c:30: warning: comparison is always true due to limited range of data type
configure:6366: $? = 0
configure:6375: result: yes
configure:6384: checking whether C compiler accepts  -Wall -Wextra -Wbad-function-cast -Wcast-align -Wcast-qual -Wchar-subscripts -Wcomment -Wfloat-equal -Wformat=2 -Wimplicit -Wmissing-declarations -Wmissing-prototypes -Wnormalized=id -Woverride-init
configure:6403: gcc -std=gnu99 -c -g -O2 -fvisibility=hidden -fPIC -fPIE -fno-strict-aliasing -fno-strict-overflow -fstack-protector -Winit-self -Wwrite-strings -Wdiv-by-zero   -Wall -Wextra -Wbad-function-cast -Wcast-align -Wcast-qual -Wchar-subscripts -Wcomment -Wfloat-equal -Wformat=2 -Wimplicit -Wmissing-declarations -Wmissing-prototypes -Wnormalized=id -Woverride-init  -D_FORTIFY_SOURCE=2 conftest.c >&5
conftest.c: In function 'main':
conftest.c:30: warning: comparison is always true due to limited range of data type
configure:6403: $? = 0
configure:6412: result: yes
configure:6421: checking whether C compiler accepts  -Wall -Wextra -Wbad-function-cast -Wcast-align -Wcast-qual -Wchar-subscripts -Wcomment -Wfloat-equal -Wformat=2 -Wimplicit -Wmissing-declarations -Wmissing-prototypes -Wnormalized=id -Woverride-init -Wparentheses
configure:6440: gcc -std=gnu99 -c -g -O2 -fvisibility=hidden -fPIC -fPIE -fno-strict-aliasing -fno-strict-overflow -fstack-protector -Winit-self -Wwrite-strings -Wdiv-by-zero   -Wall -Wextra -Wbad-function-cast -Wcast-align -Wcast-qual -Wchar-subscripts -Wcomment -Wfloat-equal -Wformat=2 -Wimplicit -Wmissing-declarations -Wmissing-prototypes -Wnormalized=id -Woverride-init -Wparentheses  -D_FORTIFY_SOURCE=2 conftest.c >&5
conftest.c: In function 'main':
conftest.c:30: warning: comparison is always true due to limited range of data type
configure:6440: $? = 0
configure:6449: result: yes
configure:6458: checking whether C compiler accepts  -Wall -Wextra -Wbad-function-cast -Wcast-align -Wcast-qual -Wchar-subscripts -Wcomment -Wfloat-equal -Wformat=2 -Wimplicit -Wmissing-declarations -Wmissing-prototypes -Wnormalized=id -Woverride-init -Wparentheses -Wpointer-arith
configure:6477: gcc -std=gnu99 -c -g -O2 -fvisibility=hidden -fPIC -fPIE -fno-strict-aliasing -fno-strict-overflow -fstack-protector -Winit-self -Wwrite-strings -Wdiv-by-zero   -Wall -Wextra -Wbad-function-cast -Wcast-align -Wcast-qual -Wchar-subscripts -Wcomment -Wfloat-equal -Wformat=2 -Wimplicit -Wmissing-declarations -Wmissing-prototypes -Wnormalized=id -Woverride-init -Wparentheses -Wpointer-arith  -D_FORTIFY_SOURCE=2 conftest.c >&5
conftest.c: In function 'main':
conftest.c:30: warning: comparison is always true due to limited range of data type
configure:6477: $? = 0
configure:6486: result: yes
configure:6495: checking whether C compiler accepts  -Wall -Wextra -Wbad-function-cast -Wcast-align -Wcast-qual -Wchar-subscripts -Wcomment -Wfloat-equal -Wformat=2 -Wimplicit -Wmissing-declarations -Wmissing-prototypes -Wnormalized=id -Woverride-init -Wparentheses -Wpointer-arith -Wredundant-decls
configure:6514: gcc -std=gnu99 -c -g -O2 -fvisibility=hidden -fPIC -fPIE -fno-strict-aliasing -fno-strict-overflow -fstack-protector -Winit-self -Wwrite-strings -Wdiv-by-zero   -Wall -Wextra -Wbad-function-cast -Wcast-align -Wcast-qual -Wchar-subscripts -Wcomment -Wfloat-equal -Wformat=2 -Wimplicit -Wmissing-declarations -Wmissing-prototypes -Wnormalized=id -Woverride-init -Wparentheses -Wpointer-arith -Wredundant-decls  -D_FORTIFY_SOURCE=2 conftest.c >&5
conftest.c: In function 'main':
conftest.c:30: warning: comparison is always true due to limited range of data type
configure:6514: $? = 0
configure:6523: result: yes
configure:6532: checking whether C compiler accepts  -Wall -Wextra -Wbad-function-cast -Wcast-align -Wcast-qual -Wchar-subscripts -Wcomment -Wfloat-equal -Wformat=2 -Wimplicit -Wmissing-declarations -Wmissing-prototypes -Wnormalized=id -Woverride-init -Wparentheses -Wpointer-arith -Wredundant-decls -Wstrict-prototypes
configure:6551: gcc -std=gnu99 -c -g -O2 -fvisibility=hidden -fPIC -fPIE -fno-strict-aliasing -fno-strict-overflow -fstack-protector -Winit-self -Wwrite-strings -Wdiv-by-zero   -Wall -Wextra -Wbad-function-cast -Wcast-align -Wcast-qual -Wchar-subscripts -Wcomment -Wfloat-equal -Wformat=2 -Wimplicit -Wmissing-declarations -Wmissing-prototypes -Wnormalized=id -Woverride-init -Wparentheses -Wpointer-arith -Wredundant-decls -Wstrict-prototypes  -D_FORTIFY_SOURCE=2 conftest.c >&5
conftest.c:29: warning: function declaration isn't a prototype
conftest.c: In function 'main':
conftest.c:30: warning: comparison is always true due to limited range of data type
configure:6551: $? = 0
configure:6560: result: yes
configure:6569: checking whether C compiler accepts  -Wall -Wextra -Wbad-function-cast -Wcast-align -Wcast-qual -Wchar-subscripts -Wcomment -Wfloat-equal -Wformat=2 -Wimplicit -Wmissing-declarations -Wmissing-prototypes -Wnormalized=id -Woverride-init -Wparentheses -Wpointer-arith -Wredundant-decls -Wstrict-prototypes -Wswitch-enum
configure:6588: gcc -std=gnu99 -c -g -O2 -fvisibility=hidden -fPIC -fPIE -fno-strict-aliasing -fno-strict-overflow -fstack-protector -Winit-self -Wwrite-strings -Wdiv-by-zero   -Wall -Wextra -Wbad-function-cast -Wcast-align -Wcast-qual -Wchar-subscripts -Wcomment -Wfloat-equal -Wformat=2 -Wimplicit -Wmissing-declarations -Wmissing-prototypes -Wnormalized=id -Woverride-init -Wparentheses -Wpointer-arith -Wredundant-decls -Wstrict-prototypes -Wswitch-enum  -D_FORTIFY_SOURCE=2 conftest.c >&5
conftest.c:29: warning: function declaration isn't a prototype
conftest.c: In function 'main':
conftest.c:30: warning: comparison is always true due to limited range of data type
configure:6588: $? = 0
configure:6597: result: yes
configure:6606: checking whether C compiler accepts  -Wall -Wextra -Wbad-function-cast -Wcast-align -Wcast-qual -Wchar-subscripts -Wcomment -Wfloat-equal -Wformat=2 -Wimplicit -Wmissing-declarations -Wmissing-prototypes -Wnormalized=id -Woverride-init -Wparentheses -Wpointer-arith -Wredundant-decls -Wstrict-prototypes -Wswitch-enum -Wvariable-decl
configure:6625: gcc -std=gnu99 -c -g -O2 -fvisibility=hidden -fPIC -fPIE -fno-strict-aliasing -fno-strict-overflow -fstack-protector -Winit-self -Wwrite-strings -Wdiv-by-zero   -Wall -Wextra -Wbad-function-cast -Wcast-align -Wcast-qual -Wchar-subscripts -Wcomment -Wfloat-equal -Wformat=2 -Wimplicit -Wmissing-declarations -Wmissing-prototypes -Wnormalized=id -Woverride-init -Wparentheses -Wpointer-arith -Wredundant-decls -Wstrict-prototypes -Wswitch-enum -Wvariable-decl  -D_FORTIFY_SOURCE=2 conftest.c >&5
cc1: error: unrecognized command line option "-Wvariable-decl"
configure:6625: $? = 1
configure: failed program was:
| /* confdefs.h */
| #define PACKAGE_NAME "libsodium"
| #define PACKAGE_TARNAME "libsodium"
| #define PACKAGE_VERSION "1.0.8"
| #define PACKAGE_STRING "libsodium 1.0.8"
| #define PACKAGE_BUGREPORT "https://github.com/jedisct1/libsodium/issues"
| #define PACKAGE_URL "https://github.com/jedisct1/libsodium"
| #define PACKAGE "libsodium"
| #define VERSION "1.0.8"
| #define STDC_HEADERS 1
| #define HAVE_SYS_TYPES_H 1
| #define HAVE_SYS_STAT_H 1
| #define HAVE_STDLIB_H 1
| #define HAVE_STRING_H 1
| #define HAVE_MEMORY_H 1
| #define HAVE_STRINGS_H 1
| #define HAVE_INTTYPES_H 1
| #define HAVE_STDINT_H 1
| #define HAVE_UNISTD_H 1
| #define __EXTENSIONS__ 1
| #define _ALL_SOURCE 1
| #define _GNU_SOURCE 1
| #define _POSIX_PTHREAD_SEMANTICS 1
| #define _TANDEM_SOURCE 1
| /* end confdefs.h.  */
| #include <stdio.h>
| int
| main ()
| {
| char x[42U], fodder = 0;if (fodder > -1000 && fgets(x,1000,stdin)) puts(x)
|   ;
|   return 0;
| }
configure:6634: result: no
configure:6643: checking whether the linker accepts -Wl,-z,relro
configure:6662: gcc -std=gnu99 -o conftest -g -O2 -fvisibility=hidden -fPIC -fPIE -fno-strict-aliasing -fno-strict-overflow -fstack-protector -Winit-self -Wwrite-strings -Wdiv-by-zero  -D_FORTIFY_SOURCE=2  -pie  -Wl,-z,relro conftest.c  >&5
configure:6662: $? = 0
configure:6671: result: yes
configure:6679: checking whether the linker accepts -Wl,-z,now
configure:6698: gcc -std=gnu99 -o conftest -g -O2 -fvisibility=hidden -fPIC -fPIE -fno-strict-aliasing -fno-strict-overflow -fstack-protector -Winit-self -Wwrite-strings -Wdiv-by-zero  -D_FORTIFY_SOURCE=2  -pie -Wl,-z,relro  -Wl,-z,now conftest.c  >&5
configure:6698: $? = 0
configure:6707: result: yes
configure:6715: checking whether the linker accepts -Wl,-z,noexecstack
configure:6734: gcc -std=gnu99 -o conftest -g -O2 -fvisibility=hidden -fPIC -fPIE -fno-strict-aliasing -fno-strict-overflow -fstack-protector -Winit-self -Wwrite-strings -Wdiv-by-zero  -D_FORTIFY_SOURCE=2  -pie -Wl,-z,relro -Wl,-z,now  -Wl,-z,noexecstack conftest.c  >&5
configure:6734: $? = 0
configure:6743: result: yes
configure:6777: checking for a sed that does not truncate output
configure:6841: result: /bin/sed
configure:6859: checking for fgrep
configure:6921: result: /bin/grep -F
configure:6956: checking for ld used by gcc -std=gnu99
configure:7023: result: /usr/bin/ld
configure:7030: checking if the linker (/usr/bin/ld) is GNU ld
configure:7045: result: yes
configure:7057: checking for BSD- or MS-compatible name lister (nm)
configure:7106: result: /usr/bin/nm -B
configure:7224: checking the name lister (/usr/bin/nm -B) interface
configure:7231: gcc -std=gnu99 -c -g -O2 -fvisibility=hidden -fPIC -fPIE -fno-strict-aliasing -fno-strict-overflow -fstack-protector -Winit-self -Wwrite-strings -Wdiv-by-zero  -D_FORTIFY_SOURCE=2 conftest.c >&5
configure:7234: /usr/bin/nm -B "conftest.o"
configure:7237: output
0000000000000000 B some_variable
configure:7244: result: BSD nm
configure:7247: checking whether ln -s works
configure:7251: result: yes
configure:7259: checking the maximum length of command line arguments
configure:7379: result: 32768
configure:7396: checking whether the shell understands some XSI constructs
configure:7406: result: yes
configure:7410: checking whether the shell understands "+="
configure:7416: result: yes
configure:7451: checking for /usr/bin/ld option to reload object files
configure:7458: result: -r
configure:7527: checking for objdump
configure:7543: found /usr/bin/objdump
configure:7554: result: objdump
configure:7586: checking how to recognize dependent libraries
configure:7782: result: pass_all
configure:7842: checking for ar
configure:7858: found /usr/bin/ar
configure:7869: result: ar
configure:7947: checking for strip
configure:7963: found /usr/bin/strip
configure:7974: result: strip
configure:8046: checking for ranlib
configure:8062: found /usr/bin/ranlib
configure:8073: result: ranlib
configure:8163: checking command to parse /usr/bin/nm -B output from gcc -std=gnu99 object
configure:8281: gcc -std=gnu99 -c -g -O2 -fvisibility=hidden -fPIC -fPIE -fno-strict-aliasing -fno-strict-overflow -fstack-protector -Winit-self -Wwrite-strings -Wdiv-by-zero  -D_FORTIFY_SOURCE=2 conftest.c >&5
configure:8284: $? = 0
configure:8288: /usr/bin/nm -B conftest.o \| sed -n -e 's/^.*[	 ]\([ABCDGIRSTW][ABCDGIRSTW]*\)[	 ][	 ]*\([_A-Za-z][_A-Za-z0-9]*\)$/\1 \2 \2/p' \> conftest.nm
configure:8291: $? = 0
configure:8345: gcc -std=gnu99 -o conftest -g -O2 -fvisibility=hidden -fPIC -fPIE -fno-strict-aliasing -fno-strict-overflow -fstack-protector -Winit-self -Wwrite-strings -Wdiv-by-zero  -D_FORTIFY_SOURCE=2  -pie -Wl,-z,relro -Wl,-z,now -Wl,-z,noexecstack conftest.c conftstm.o >&5
configure:8348: $? = 0
configure:8386: result: ok
configure:8481: gcc -std=gnu99 -c -g -O2 -fvisibility=hidden -fPIC -fPIE -fno-strict-aliasing -fno-strict-overflow -fstack-protector -Winit-self -Wwrite-strings -Wdiv-by-zero  -D_FORTIFY_SOURCE=2 conftest.c >&5
configure:8484: $? = 0
configure:9191: checking for dlfcn.h
configure:9191: gcc -std=gnu99 -c -g -O2 -fvisibility=hidden -fPIC -fPIE -fno-strict-aliasing -fno-strict-overflow -fstack-protector -Winit-self -Wwrite-strings -Wdiv-by-zero  -D_FORTIFY_SOURCE=2 conftest.c >&5
configure:9191: $? = 0
configure:9191: result: yes
configure:9375: checking for objdir
configure:9390: result: .libs
configure:9686: checking if gcc -std=gnu99 supports -fno-rtti -fno-exceptions
configure:9704: gcc -std=gnu99 -c -g -O2 -fvisibility=hidden -fPIC -fPIE -fno-strict-aliasing -fno-strict-overflow -fstack-protector -Winit-self -Wwrite-strings -Wdiv-by-zero  -D_FORTIFY_SOURCE=2 -fno-rtti -fno-exceptions conftest.c >&5
cc1: warning: command line option "-fno-rtti" is valid for C++/ObjC++ but not for C
configure:9708: $? = 0
configure:9721: result: no
configure:9741: checking for gcc -std=gnu99 option to produce PIC
configure:10013: result: -fPIC -DPIC
configure:10025: checking if gcc -std=gnu99 PIC flag -fPIC -DPIC works
configure:10043: gcc -std=gnu99 -c -g -O2 -fvisibility=hidden -fPIC -fPIE -fno-strict-aliasing -fno-strict-overflow -fstack-protector -Winit-self -Wwrite-strings -Wdiv-by-zero  -D_FORTIFY_SOURCE=2 -fPIC -DPIC -DPIC conftest.c >&5
configure:10047: $? = 0
configure:10060: result: yes
configure:10084: checking if gcc -std=gnu99 static flag -static works
configure:10112: result: no
configure:10127: checking if gcc -std=gnu99 supports -c -o file.o
configure:10148: gcc -std=gnu99 -c -g -O2 -fvisibility=hidden -fPIC -fPIE -fno-strict-aliasing -fno-strict-overflow -fstack-protector -Winit-self -Wwrite-strings -Wdiv-by-zero  -D_FORTIFY_SOURCE=2 -o out/conftest2.o conftest.c >&5
configure:10152: $? = 0
configure:10174: result: yes
configure:10182: checking if gcc -std=gnu99 supports -c -o file.o
configure:10229: result: yes
configure:10262: checking whether the gcc -std=gnu99 linker (/usr/bin/ld -m elf_x86_64) supports shared libraries
configure:11248: result: yes
configure:11285: checking whether -lc should be explicitly linked in
configure:11290: gcc -std=gnu99 -c -g -O2 -fvisibility=hidden -fPIC -fPIE -fno-strict-aliasing -fno-strict-overflow -fstack-protector -Winit-self -Wwrite-strings -Wdiv-by-zero  -D_FORTIFY_SOURCE=2 conftest.c >&5
configure:11293: $? = 0
configure:11308: gcc -std=gnu99 -shared conftest.o  -v -Wl,-soname -Wl,conftest -o conftest 2\>\&1 \| /bin/grep  -lc  \>/dev/null 2\>\&1
configure:11311: $? = 0
configure:11323: result: no
configure:11487: checking dynamic linker characteristics
configure:11920: gcc -std=gnu99 -o conftest -g -O2 -fvisibility=hidden -fPIC -fPIE -fno-strict-aliasing -fno-strict-overflow -fstack-protector -Winit-self -Wwrite-strings -Wdiv-by-zero  -D_FORTIFY_SOURCE=2  -pie -Wl,-z,relro -Wl,-z,now -Wl,-z,noexecstack -Wl,-rpath -Wl,/foo conftest.c  >&5
configure:11920: $? = 0
configure:12141: result: GNU/Linux ld.so
configure:12243: checking how to hardcode library paths into programs
configure:12268: result: immediate
configure:12788: checking whether stripping libraries is possible
configure:12793: result: yes
configure:12828: checking if libtool supports shared libraries
configure:12830: result: yes
configure:12833: checking whether to build shared libraries
configure:12854: result: yes
configure:12857: checking whether to build static libraries
configure:12861: result: yes
configure:12942: checking for ar
configure:12969: result: ar
configure:12996: checking for MMX instructions set
configure:12999: checking whether C compiler accepts -mmmx
configure:13018: gcc -std=gnu99 -c -g -O2 -fvisibility=hidden -fPIC -fPIE -fno-strict-aliasing -fno-strict-overflow -fstack-protector -Winit-self -Wwrite-strings -Wdiv-by-zero  -mmmx  -D_FORTIFY_SOURCE=2 conftest.c >&5
configure:13018: $? = 0
configure:13026: result: yes
configure:13048: gcc -std=gnu99 -c -g -O2 -fvisibility=hidden -fPIC -fPIE -fno-strict-aliasing -fno-strict-overflow -fstack-protector -Winit-self -Wwrite-strings -Wdiv-by-zero -mmmx  -D_FORTIFY_SOURCE=2 conftest.c >&5
configure:13048: $? = 0
configure:13049: result: yes
configure:13054: checking whether C compiler accepts -mmmx
configure:13081: result: yes
configure:13096: checking for SSE2 instructions set
configure:13099: checking whether C compiler accepts -msse2
configure:13118: gcc -std=gnu99 -c -g -O2 -fvisibility=hidden -fPIC -fPIE -fno-strict-aliasing -fno-strict-overflow -fstack-protector -Winit-self -Wwrite-strings -Wdiv-by-zero  -msse2  -D_FORTIFY_SOURCE=2 conftest.c >&5
configure:13118: $? = 0
configure:13126: result: yes
configure:13151: gcc -std=gnu99 -c -g -O2 -fvisibility=hidden -fPIC -fPIE -fno-strict-aliasing -fno-strict-overflow -fstack-protector -Winit-self -Wwrite-strings -Wdiv-by-zero -msse2  -D_FORTIFY_SOURCE=2 conftest.c >&5
configure:13151: $? = 0
configure:13152: result: yes
configure:13157: checking whether C compiler accepts -msse2
configure:13184: result: yes
configure:13200: checking whether C compiler accepts -msse3
configure:13219: gcc -std=gnu99 -c -g -O2 -fvisibility=hidden -fPIC -fPIE -fno-strict-aliasing -fno-strict-overflow -fstack-protector -Winit-self -Wwrite-strings -Wdiv-by-zero  -msse3  -D_FORTIFY_SOURCE=2 conftest.c >&5
configure:13219: $? = 0
configure:13227: result: yes
configure:13235: checking for SSE3 instructions set
configure:13252: gcc -std=gnu99 -c -g -O2 -fvisibility=hidden -fPIC -fPIE -fno-strict-aliasing -fno-strict-overflow -fstack-protector -Winit-self -Wwrite-strings -Wdiv-by-zero -msse3  -D_FORTIFY_SOURCE=2 conftest.c >&5
configure:13252: $? = 0
configure:13253: result: yes
configure:13258: checking whether C compiler accepts -msse3
configure:13285: result: yes
configure:13301: checking whether C compiler accepts -mssse3
configure:13320: gcc -std=gnu99 -c -g -O2 -fvisibility=hidden -fPIC -fPIE -fno-strict-aliasing -fno-strict-overflow -fstack-protector -Winit-self -Wwrite-strings -Wdiv-by-zero  -mssse3  -D_FORTIFY_SOURCE=2 conftest.c >&5
configure:13320: $? = 0
configure:13328: result: yes
configure:13336: checking for SSSE3 instructions set
configure:13352: gcc -std=gnu99 -c -g -O2 -fvisibility=hidden -fPIC -fPIE -fno-strict-aliasing -fno-strict-overflow -fstack-protector -Winit-self -Wwrite-strings -Wdiv-by-zero -mssse3  -D_FORTIFY_SOURCE=2 conftest.c >&5
configure:13352: $? = 0
configure:13353: result: yes
configure:13358: checking whether C compiler accepts -mssse3
configure:13385: result: yes
configure:13401: checking whether C compiler accepts -msse4.1
configure:13420: gcc -std=gnu99 -c -g -O2 -fvisibility=hidden -fPIC -fPIE -fno-strict-aliasing -fno-strict-overflow -fstack-protector -Winit-self -Wwrite-strings -Wdiv-by-zero  -msse4.1  -D_FORTIFY_SOURCE=2 conftest.c >&5
configure:13420: $? = 0
configure:13428: result: yes
configure:13436: checking for SSE4.1 instructions set
configure:13452: gcc -std=gnu99 -c -g -O2 -fvisibility=hidden -fPIC -fPIE -fno-strict-aliasing -fno-strict-overflow -fstack-protector -Winit-self -Wwrite-strings -Wdiv-by-zero -msse4.1  -D_FORTIFY_SOURCE=2 conftest.c >&5
configure:13452: $? = 0
configure:13453: result: yes
configure:13458: checking whether C compiler accepts -msse4.1
configure:13485: result: yes
configure:13501: checking whether C compiler accepts -mavx
configure:13520: gcc -std=gnu99 -c -g -O2 -fvisibility=hidden -fPIC -fPIE -fno-strict-aliasing -fno-strict-overflow -fstack-protector -Winit-self -Wwrite-strings -Wdiv-by-zero  -mavx  -D_FORTIFY_SOURCE=2 conftest.c >&5
configure:13520: $? = 0
configure:13528: result: yes
configure:13536: checking for AVX instructions set
configure:13552: gcc -std=gnu99 -c -g -O2 -fvisibility=hidden -fPIC -fPIE -fno-strict-aliasing -fno-strict-overflow -fstack-protector -Winit-self -Wwrite-strings -Wdiv-by-zero -mavx  -D_FORTIFY_SOURCE=2 conftest.c >&5
configure:13552: $? = 0
configure:13553: result: yes
configure:13558: checking whether C compiler accepts -mavx
configure:13585: result: yes
configure:13601: checking whether C compiler accepts -maes
configure:13620: gcc -std=gnu99 -c -g -O2 -fvisibility=hidden -fPIC -fPIE -fno-strict-aliasing -fno-strict-overflow -fstack-protector -Winit-self -Wwrite-strings -Wdiv-by-zero  -maes  -D_FORTIFY_SOURCE=2 conftest.c >&5
configure:13620: $? = 0
configure:13628: result: yes
configure:13636: checking whether C compiler accepts -mpclmul
configure:13655: gcc -std=gnu99 -c -g -O2 -fvisibility=hidden -fPIC -fPIE -fno-strict-aliasing -fno-strict-overflow -fstack-protector -Winit-self -Wwrite-strings -Wdiv-by-zero -maes  -mpclmul  -D_FORTIFY_SOURCE=2 conftest.c >&5
configure:13655: $? = 0
configure:13663: result: yes
configure:13671: checking for AESNI instructions set and PCLMULQDQ
configure:13689: gcc -std=gnu99 -c -g -O2 -fvisibility=hidden -fPIC -fPIE -fno-strict-aliasing -fno-strict-overflow -fstack-protector -Winit-self -Wwrite-strings -Wdiv-by-zero -maes -mpclmul  -D_FORTIFY_SOURCE=2 conftest.c >&5
configure:13689: $? = 0
configure:13690: result: yes
configure:13695: checking whether C compiler accepts -maes
configure:13722: result: yes
configure:13730: checking whether C compiler accepts -mpclmul
configure:13757: result: yes
configure:13786: checking sys/mman.h usability
configure:13786: gcc -std=gnu99 -c -g -O2 -fvisibility=hidden -fPIC -fPIE -fno-strict-aliasing -fno-strict-overflow -fstack-protector -Winit-self -Wwrite-strings -Wdiv-by-zero  -D_FORTIFY_SOURCE=2 conftest.c >&5
configure:13786: $? = 0
configure:13786: result: yes
configure:13786: checking sys/mman.h presence
configure:13786: gcc -std=gnu99 -E  -D_FORTIFY_SOURCE=2 conftest.c
configure:13786: $? = 0
configure:13786: result: yes
configure:13786: checking for sys/mman.h
configure:13786: result: yes
configure:13798: checking for inline
configure:13814: gcc -std=gnu99 -c -g -O2 -fvisibility=hidden -fPIC -fPIE -fno-strict-aliasing -fno-strict-overflow -fstack-protector -Winit-self -Wwrite-strings -Wdiv-by-zero  -D_FORTIFY_SOURCE=2 conftest.c >&5
configure:13814: $? = 0
configure:13822: result: inline
configure:13840: checking whether byte ordering is bigendian
configure:13855: gcc -std=gnu99 -c -g -O2 -fvisibility=hidden -fPIC -fPIE -fno-strict-aliasing -fno-strict-overflow -fstack-protector -Winit-self -Wwrite-strings -Wdiv-by-zero  -D_FORTIFY_SOURCE=2 conftest.c >&5
conftest.c:37: error: expected '=', ',', ';', 'asm' or '__attribute__' before 'a'
configure:13855: $? = 1
configure: failed program was:
| /* confdefs.h */
| #define PACKAGE_NAME "libsodium"
| #define PACKAGE_TARNAME "libsodium"
| #define PACKAGE_VERSION "1.0.8"
| #define PACKAGE_STRING "libsodium 1.0.8"
| #define PACKAGE_BUGREPORT "https://github.com/jedisct1/libsodium/issues"
| #define PACKAGE_URL "https://github.com/jedisct1/libsodium"
| #define PACKAGE "libsodium"
| #define VERSION "1.0.8"
| #define STDC_HEADERS 1
| #define HAVE_SYS_TYPES_H 1
| #define HAVE_SYS_STAT_H 1
| #define HAVE_STDLIB_H 1
| #define HAVE_STRING_H 1
| #define HAVE_MEMORY_H 1
| #define HAVE_STRINGS_H 1
| #define HAVE_INTTYPES_H 1
| #define HAVE_STDINT_H 1
| #define HAVE_UNISTD_H 1
| #define __EXTENSIONS__ 1
| #define _ALL_SOURCE 1
| #define _GNU_SOURCE 1
| #define _POSIX_PTHREAD_SEMANTICS 1
| #define _TANDEM_SOURCE 1
| #define HAVE_DLFCN_H 1
| #define LT_OBJDIR ".libs/"
| #define HAVE_MMINTRIN_H 1
| #define HAVE_EMMINTRIN_H 1
| #define HAVE_PMMINTRIN_H 1
| #define HAVE_TMMINTRIN_H 1
| #define HAVE_SMMINTRIN_H 1
| #define HAVE_AVXINTRIN_H 1
| #define HAVE_WMMINTRIN_H 1
| #define HAVE_SYS_MMAN_H 1
| /* end confdefs.h.  */
| #ifndef __APPLE_CC__
| 	       not a universal capable compiler
| 	     #endif
| 	     typedef int dummy;
| 
configure:13900: gcc -std=gnu99 -c -g -O2 -fvisibility=hidden -fPIC -fPIE -fno-strict-aliasing -fno-strict-overflow -fstack-protector -Winit-self -Wwrite-strings -Wdiv-by-zero  -D_FORTIFY_SOURCE=2 conftest.c >&5
configure:13900: $? = 0
configure:13918: gcc -std=gnu99 -c -g -O2 -fvisibility=hidden -fPIC -fPIE -fno-strict-aliasing -fno-strict-overflow -fstack-protector -Winit-self -Wwrite-strings -Wdiv-by-zero  -D_FORTIFY_SOURCE=2 conftest.c >&5
conftest.c: In function 'main':
conftest.c:43: error: 'not' undeclared (first use in this function)
conftest.c:43: error: (Each undeclared identifier is reported only once
conftest.c:43: error: for each function it appears in.)
conftest.c:43: error: expected ';' before 'big'
configure:13918: $? = 1
configure: failed program was:
| /* confdefs.h */
| #define PACKAGE_NAME "libsodium"
| #define PACKAGE_TARNAME "libsodium"
| #define PACKAGE_VERSION "1.0.8"
| #define PACKAGE_STRING "libsodium 1.0.8"
| #define PACKAGE_BUGREPORT "https://github.com/jedisct1/libsodium/issues"
| #define PACKAGE_URL "https://github.com/jedisct1/libsodium"
| #define PACKAGE "libsodium"
| #define VERSION "1.0.8"
| #define STDC_HEADERS 1
| #define HAVE_SYS_TYPES_H 1
| #define HAVE_SYS_STAT_H 1
| #define HAVE_STDLIB_H 1
| #define HAVE_STRING_H 1
| #define HAVE_MEMORY_H 1
| #define HAVE_STRINGS_H 1
| #define HAVE_INTTYPES_H 1
| #define HAVE_STDINT_H 1
| #define HAVE_UNISTD_H 1
| #define __EXTENSIONS__ 1
| #define _ALL_SOURCE 1
| #define _GNU_SOURCE 1
| #define _POSIX_PTHREAD_SEMANTICS 1
| #define _TANDEM_SOURCE 1
| #define HAVE_DLFCN_H 1
| #define LT_OBJDIR ".libs/"
| #define HAVE_MMINTRIN_H 1
| #define HAVE_EMMINTRIN_H 1
| #define HAVE_PMMINTRIN_H 1
| #define HAVE_TMMINTRIN_H 1
| #define HAVE_SMMINTRIN_H 1
| #define HAVE_AVXINTRIN_H 1
| #define HAVE_WMMINTRIN_H 1
| #define HAVE_SYS_MMAN_H 1
| /* end confdefs.h.  */
| #include <sys/types.h>
| 		#include <sys/param.h>
| 
| int
| main ()
| {
| #if BYTE_ORDER != BIG_ENDIAN
| 		 not big endian
| 		#endif
| 
|   ;
|   return 0;
| }
configure:14046: result: no
configure:14066: checking whether __STDC_LIMIT_MACROS is required
configure:14085: gcc -std=gnu99 -c -g -O2 -fvisibility=hidden -fPIC -fPIE -fno-strict-aliasing -fno-strict-overflow -fstack-protector -Winit-self -Wwrite-strings -Wdiv-by-zero  -D_FORTIFY_SOURCE=2 conftest.c >&5
configure:14085: $? = 0
configure:14086: result: no
configure:14099: checking whether we can use x86_64 asm code
configure:14129: gcc -std=gnu99 -c -g -O2 -fvisibility=hidden -fPIC -fPIE -fno-strict-aliasing -fno-strict-overflow -fstack-protector -Winit-self -Wwrite-strings -Wdiv-by-zero  -D_FORTIFY_SOURCE=2 conftest.c >&5
configure:14129: $? = 0
configure:14130: result: yes
configure:14156: checking whether we can assemble AVX opcodes
configure:14180: gcc -std=gnu99 -c -g -O2 -fvisibility=hidden -fPIC -fPIE -fno-strict-aliasing -fno-strict-overflow -fstack-protector -Winit-self -Wwrite-strings -Wdiv-by-zero  -D_FORTIFY_SOURCE=2 conftest.c >&5
configure:14180: $? = 0
configure:14181: result: yes
configure:14204: checking for 128-bit arithmetic
configure:14244: gcc -std=gnu99 -c -g -O2 -fvisibility=hidden -fPIC -fPIE -fno-strict-aliasing -fno-strict-overflow -fstack-protector -Winit-self -Wwrite-strings -Wdiv-by-zero  -D_FORTIFY_SOURCE=2 conftest.c >&5
configure:14244: $? = 0
configure:14245: result: yes
configure:14269: checking for cpuid instruction
configure:14288: gcc -std=gnu99 -c -g -O2 -fvisibility=hidden -fPIC -fPIE -fno-strict-aliasing -fno-strict-overflow -fstack-protector -Winit-self -Wwrite-strings -Wdiv-by-zero  -D_FORTIFY_SOURCE=2 conftest.c >&5
configure:14288: $? = 0
configure:14289: result: yes
configure:14304: checking if weak symbols are supported
configure:14321: gcc -std=gnu99 -o conftest -g -O2 -fvisibility=hidden -fPIC -fPIE -fno-strict-aliasing -fno-strict-overflow -fstack-protector -Winit-self -Wwrite-strings -Wdiv-by-zero  -D_FORTIFY_SOURCE=2  -pie -Wl,-z,relro -Wl,-z,now -Wl,-z,noexecstack conftest.c  >&5
configure:14321: $? = 0
configure:14322: result: yes
configure:14334: checking if data alignment is required
configure:14368: result: no
configure:14381: checking for arc4random
configure:14381: gcc -std=gnu99 -o conftest -g -O2 -fvisibility=hidden -fPIC -fPIE -fno-strict-aliasing -fno-strict-overflow -fstack-protector -Winit-self -Wwrite-strings -Wdiv-by-zero  -D_FORTIFY_SOURCE=2  -pie -Wl,-z,relro -Wl,-z,now -Wl,-z,noexecstack conftest.c  >&5
/tmp/cc7xgQhj.o: In function `main':
/home/wangdewei/MsgQueue/soft/libsodium-1.0.8/conftest.c:77: undefined reference to `arc4random'
collect2: ld returned 1 exit status
configure:14381: $? = 1
configure: failed program was:
| /* confdefs.h */
| #define PACKAGE_NAME "libsodium"
| #define PACKAGE_TARNAME "libsodium"
| #define PACKAGE_VERSION "1.0.8"
| #define PACKAGE_STRING "libsodium 1.0.8"
| #define PACKAGE_BUGREPORT "https://github.com/jedisct1/libsodium/issues"
| #define PACKAGE_URL "https://github.com/jedisct1/libsodium"
| #define PACKAGE "libsodium"
| #define VERSION "1.0.8"
| #define STDC_HEADERS 1
| #define HAVE_SYS_TYPES_H 1
| #define HAVE_SYS_STAT_H 1
| #define HAVE_STDLIB_H 1
| #define HAVE_STRING_H 1
| #define HAVE_MEMORY_H 1
| #define HAVE_STRINGS_H 1
| #define HAVE_INTTYPES_H 1
| #define HAVE_STDINT_H 1
| #define HAVE_UNISTD_H 1
| #define __EXTENSIONS__ 1
| #define _ALL_SOURCE 1
| #define _GNU_SOURCE 1
| #define _POSIX_PTHREAD_SEMANTICS 1
| #define _TANDEM_SOURCE 1
| #define HAVE_DLFCN_H 1
| #define LT_OBJDIR ".libs/"
| #define HAVE_MMINTRIN_H 1
| #define HAVE_EMMINTRIN_H 1
| #define HAVE_PMMINTRIN_H 1
| #define HAVE_TMMINTRIN_H 1
| #define HAVE_SMMINTRIN_H 1
| #define HAVE_AVXINTRIN_H 1
| #define HAVE_WMMINTRIN_H 1
| #define HAVE_SYS_MMAN_H 1
| #define NATIVE_LITTLE_ENDIAN 1
| #define HAVE_AMD64_ASM 1
| #define HAVE_AVX_ASM 1
| #define HAVE_TI_MODE 1
| #define HAVE_CPUID 1
| #define HAVE_WEAK_SYMBOLS 1
| #define CPU_UNALIGNED_ACCESS 1
| /* end confdefs.h.  */
| /* Define arc4random to an innocuous variant, in case <limits.h> declares arc4random.
|    For example, HP-UX 11i <limits.h> declares gettimeofday.  */
| #define arc4random innocuous_arc4random
| 
| /* System header to define __stub macros and hopefully few prototypes,
|     which can conflict with char arc4random (); below.
|     Prefer <limits.h> to <assert.h> if __STDC__ is defined, since
|     <limits.h> exists even on freestanding compilers.  */
| 
| #ifdef __STDC__
| # include <limits.h>
| #else
| # include <assert.h>
| #endif
| 
| #undef arc4random
| 
| /* Override any GCC internal prototype to avoid an error.
|    Use char because int might match the return type of a GCC
|    builtin and then its argument prototype would still apply.  */
| #ifdef __cplusplus
| extern "C"
| #endif
| char arc4random ();
| /* The GNU C library defines this for functions which it implements
|     to always fail with ENOSYS.  Some functions are actually named
|     something starting with __ and the normal name is an alias.  */
| #if defined __stub_arc4random || defined __stub___arc4random
| choke me
| #endif
| 
| int
| main ()
| {
| return arc4random ();
|   ;
|   return 0;
| }
configure:14381: result: no
configure:14381: checking for arc4random_buf
configure:14381: gcc -std=gnu99 -o conftest -g -O2 -fvisibility=hidden -fPIC -fPIE -fno-strict-aliasing -fno-strict-overflow -fstack-protector -Winit-self -Wwrite-strings -Wdiv-by-zero  -D_FORTIFY_SOURCE=2  -pie -Wl,-z,relro -Wl,-z,now -Wl,-z,noexecstack conftest.c  >&5
/tmp/cclWQvUn.o: In function `main':
/home/wangdewei/MsgQueue/soft/libsodium-1.0.8/conftest.c:77: undefined reference to `arc4random_buf'
collect2: ld returned 1 exit status
configure:14381: $? = 1
configure: failed program was:
| /* confdefs.h */
| #define PACKAGE_NAME "libsodium"
| #define PACKAGE_TARNAME "libsodium"
| #define PACKAGE_VERSION "1.0.8"
| #define PACKAGE_STRING "libsodium 1.0.8"
| #define PACKAGE_BUGREPORT "https://github.com/jedisct1/libsodium/issues"
| #define PACKAGE_URL "https://github.com/jedisct1/libsodium"
| #define PACKAGE "libsodium"
| #define VERSION "1.0.8"
| #define STDC_HEADERS 1
| #define HAVE_SYS_TYPES_H 1
| #define HAVE_SYS_STAT_H 1
| #define HAVE_STDLIB_H 1
| #define HAVE_STRING_H 1
| #define HAVE_MEMORY_H 1
| #define HAVE_STRINGS_H 1
| #define HAVE_INTTYPES_H 1
| #define HAVE_STDINT_H 1
| #define HAVE_UNISTD_H 1
| #define __EXTENSIONS__ 1
| #define _ALL_SOURCE 1
| #define _GNU_SOURCE 1
| #define _POSIX_PTHREAD_SEMANTICS 1
| #define _TANDEM_SOURCE 1
| #define HAVE_DLFCN_H 1
| #define LT_OBJDIR ".libs/"
| #define HAVE_MMINTRIN_H 1
| #define HAVE_EMMINTRIN_H 1
| #define HAVE_PMMINTRIN_H 1
| #define HAVE_TMMINTRIN_H 1
| #define HAVE_SMMINTRIN_H 1
| #define HAVE_AVXINTRIN_H 1
| #define HAVE_WMMINTRIN_H 1
| #define HAVE_SYS_MMAN_H 1
| #define NATIVE_LITTLE_ENDIAN 1
| #define HAVE_AMD64_ASM 1
| #define HAVE_AVX_ASM 1
| #define HAVE_TI_MODE 1
| #define HAVE_CPUID 1
| #define HAVE_WEAK_SYMBOLS 1
| #define CPU_UNALIGNED_ACCESS 1
| /* end confdefs.h.  */
| /* Define arc4random_buf to an innocuous variant, in case <limits.h> declares arc4random_buf.
|    For example, HP-UX 11i <limits.h> declares gettimeofday.  */
| #define arc4random_buf innocuous_arc4random_buf
| 
| /* System header to define __stub macros and hopefully few prototypes,
|     which can conflict with char arc4random_buf (); below.
|     Prefer <limits.h> to <assert.h> if __STDC__ is defined, since
|     <limits.h> exists even on freestanding compilers.  */
| 
| #ifdef __STDC__
| # include <limits.h>
| #else
| # include <assert.h>
| #endif
| 
| #undef arc4random_buf
| 
| /* Override any GCC internal prototype to avoid an error.
|    Use char because int might match the return type of a GCC
|    builtin and then its argument prototype would still apply.  */
| #ifdef __cplusplus
| extern "C"
| #endif
| char arc4random_buf ();
| /* The GNU C library defines this for functions which it implements
|     to always fail with ENOSYS.  Some functions are actually named
|     something starting with __ and the normal name is an alias.  */
| #if defined __stub_arc4random_buf || defined __stub___arc4random_buf
| choke me
| #endif
| 
| int
| main ()
| {
| return arc4random_buf ();
|   ;
|   return 0;
| }
configure:14381: result: no
configure:14393: checking for mmap
configure:14393: gcc -std=gnu99 -o conftest -g -O2 -fvisibility=hidden -fPIC -fPIE -fno-strict-aliasing -fno-strict-overflow -fstack-protector -Winit-self -Wwrite-strings -Wdiv-by-zero  -D_FORTIFY_SOURCE=2  -pie -Wl,-z,relro -Wl,-z,now -Wl,-z,noexecstack conftest.c  >&5
configure:14393: $? = 0
configure:14393: result: yes
configure:14393: checking for mlock
configure:14393: gcc -std=gnu99 -o conftest -g -O2 -fvisibility=hidden -fPIC -fPIE -fno-strict-aliasing -fno-strict-overflow -fstack-protector -Winit-self -Wwrite-strings -Wdiv-by-zero  -D_FORTIFY_SOURCE=2  -pie -Wl,-z,relro -Wl,-z,now -Wl,-z,noexecstack conftest.c  >&5
configure:14393: $? = 0
configure:14393: result: yes
configure:14393: checking for madvise
configure:14393: gcc -std=gnu99 -o conftest -g -O2 -fvisibility=hidden -fPIC -fPIE -fno-strict-aliasing -fno-strict-overflow -fstack-protector -Winit-self -Wwrite-strings -Wdiv-by-zero  -D_FORTIFY_SOURCE=2  -pie -Wl,-z,relro -Wl,-z,now -Wl,-z,noexecstack conftest.c  >&5
configure:14393: $? = 0
configure:14393: result: yes
configure:14393: checking for mprotect
configure:14393: gcc -std=gnu99 -o conftest -g -O2 -fvisibility=hidden -fPIC -fPIE -fno-strict-aliasing -fno-strict-overflow -fstack-protector -Winit-self -Wwrite-strings -Wdiv-by-zero  -D_FORTIFY_SOURCE=2  -pie -Wl,-z,relro -Wl,-z,now -Wl,-z,noexecstack conftest.c  >&5
configure:14393: $? = 0
configure:14393: result: yes
configure:14393: checking for explicit_bzero
configure:14393: gcc -std=gnu99 -o conftest -g -O2 -fvisibility=hidden -fPIC -fPIE -fno-strict-aliasing -fno-strict-overflow -fstack-protector -Winit-self -Wwrite-strings -Wdiv-by-zero  -D_FORTIFY_SOURCE=2  -pie -Wl,-z,relro -Wl,-z,now -Wl,-z,noexecstack conftest.c  >&5
/tmp/ccz8HDzK.o: In function `main':
/home/wangdewei/MsgQueue/soft/libsodium-1.0.8/conftest.c:81: undefined reference to `explicit_bzero'
collect2: ld returned 1 exit status
configure:14393: $? = 1
configure: failed program was:
| /* confdefs.h */
| #define PACKAGE_NAME "libsodium"
| #define PACKAGE_TARNAME "libsodium"
| #define PACKAGE_VERSION "1.0.8"
| #define PACKAGE_STRING "libsodium 1.0.8"
| #define PACKAGE_BUGREPORT "https://github.com/jedisct1/libsodium/issues"
| #define PACKAGE_URL "https://github.com/jedisct1/libsodium"
| #define PACKAGE "libsodium"
| #define VERSION "1.0.8"
| #define STDC_HEADERS 1
| #define HAVE_SYS_TYPES_H 1
| #define HAVE_SYS_STAT_H 1
| #define HAVE_STDLIB_H 1
| #define HAVE_STRING_H 1
| #define HAVE_MEMORY_H 1
| #define HAVE_STRINGS_H 1
| #define HAVE_INTTYPES_H 1
| #define HAVE_STDINT_H 1
| #define HAVE_UNISTD_H 1
| #define __EXTENSIONS__ 1
| #define _ALL_SOURCE 1
| #define _GNU_SOURCE 1
| #define _POSIX_PTHREAD_SEMANTICS 1
| #define _TANDEM_SOURCE 1
| #define HAVE_DLFCN_H 1
| #define LT_OBJDIR ".libs/"
| #define HAVE_MMINTRIN_H 1
| #define HAVE_EMMINTRIN_H 1
| #define HAVE_PMMINTRIN_H 1
| #define HAVE_TMMINTRIN_H 1
| #define HAVE_SMMINTRIN_H 1
| #define HAVE_AVXINTRIN_H 1
| #define HAVE_WMMINTRIN_H 1
| #define HAVE_SYS_MMAN_H 1
| #define NATIVE_LITTLE_ENDIAN 1
| #define HAVE_AMD64_ASM 1
| #define HAVE_AVX_ASM 1
| #define HAVE_TI_MODE 1
| #define HAVE_CPUID 1
| #define HAVE_WEAK_SYMBOLS 1
| #define CPU_UNALIGNED_ACCESS 1
| #define HAVE_MMAP 1
| #define HAVE_MLOCK 1
| #define HAVE_MADVISE 1
| #define HAVE_MPROTECT 1
| /* end confdefs.h.  */
| /* Define explicit_bzero to an innocuous variant, in case <limits.h> declares explicit_bzero.
|    For example, HP-UX 11i <limits.h> declares gettimeofday.  */
| #define explicit_bzero innocuous_explicit_bzero
| 
| /* System header to define __stub macros and hopefully few prototypes,
|     which can conflict with char explicit_bzero (); below.
|     Prefer <limits.h> to <assert.h> if __STDC__ is defined, since
|     <limits.h> exists even on freestanding compilers.  */
| 
| #ifdef __STDC__
| # include <limits.h>
| #else
| # include <assert.h>
| #endif
| 
| #undef explicit_bzero
| 
| /* Override any GCC internal prototype to avoid an error.
|    Use char because int might match the return type of a GCC
|    builtin and then its argument prototype would still apply.  */
| #ifdef __cplusplus
| extern "C"
| #endif
| char explicit_bzero ();
| /* The GNU C library defines this for functions which it implements
|     to always fail with ENOSYS.  Some functions are actually named
|     something starting with __ and the normal name is an alias.  */
| #if defined __stub_explicit_bzero || defined __stub___explicit_bzero
| choke me
| #endif
| 
| int
| main ()
| {
| return explicit_bzero ();
|   ;
|   return 0;
| }
configure:14393: result: no
configure:14407: checking for posix_memalign
configure:14407: gcc -std=gnu99 -o conftest -g -O2 -fvisibility=hidden -fPIC -fPIE -fno-strict-aliasing -fno-strict-overflow -fstack-protector -Winit-self -Wwrite-strings -Wdiv-by-zero  -D_FORTIFY_SOURCE=2  -pie -Wl,-z,relro -Wl,-z,now -Wl,-z,noexecstack conftest.c  >&5
configure:14407: $? = 0
configure:14407: result: yes
configure:14407: checking for getpid
configure:14407: gcc -std=gnu99 -o conftest -g -O2 -fvisibility=hidden -fPIC -fPIE -fno-strict-aliasing -fno-strict-overflow -fstack-protector -Winit-self -Wwrite-strings -Wdiv-by-zero  -D_FORTIFY_SOURCE=2  -pie -Wl,-z,relro -Wl,-z,now -Wl,-z,noexecstack conftest.c  >&5
configure:14407: $? = 0
configure:14407: result: yes
configure:14748: checking if gcc/ld supports -Wl,--output-def
configure:14769: gcc -std=gnu99 -o conftest -g -O2 -fvisibility=hidden -fPIC -fPIE -fno-strict-aliasing -fno-strict-overflow -fstack-protector -Winit-self -Wwrite-strings -Wdiv-by-zero  -D_FORTIFY_SOURCE=2 -Wl,--output-def,conftest.def conftest.c  >&5
/usr/bin/ld: unrecognized option '--output-def'
/usr/bin/ld: use the --help option for usage information
collect2: ld returned 1 exit status
configure:14769: $? = 1
configure: failed program was:
| /* confdefs.h */
| #define PACKAGE_NAME "libsodium"
| #define PACKAGE_TARNAME "libsodium"
| #define PACKAGE_VERSION "1.0.8"
| #define PACKAGE_STRING "libsodium 1.0.8"
| #define PACKAGE_BUGREPORT "https://github.com/jedisct1/libsodium/issues"
| #define PACKAGE_URL "https://github.com/jedisct1/libsodium"
| #define PACKAGE "libsodium"
| #define VERSION "1.0.8"
| #define STDC_HEADERS 1
| #define HAVE_SYS_TYPES_H 1
| #define HAVE_SYS_STAT_H 1
| #define HAVE_STDLIB_H 1
| #define HAVE_STRING_H 1
| #define HAVE_MEMORY_H 1
| #define HAVE_STRINGS_H 1
| #define HAVE_INTTYPES_H 1
| #define HAVE_STDINT_H 1
| #define HAVE_UNISTD_H 1
| #define __EXTENSIONS__ 1
| #define _ALL_SOURCE 1
| #define _GNU_SOURCE 1
| #define _POSIX_PTHREAD_SEMANTICS 1
| #define _TANDEM_SOURCE 1
| #define HAVE_DLFCN_H 1
| #define LT_OBJDIR ".libs/"
| #define HAVE_MMINTRIN_H 1
| #define HAVE_EMMINTRIN_H 1
| #define HAVE_PMMINTRIN_H 1
| #define HAVE_TMMINTRIN_H 1
| #define HAVE_SMMINTRIN_H 1
| #define HAVE_AVXINTRIN_H 1
| #define HAVE_WMMINTRIN_H 1
| #define HAVE_SYS_MMAN_H 1
| #define NATIVE_LITTLE_ENDIAN 1
| #define HAVE_AMD64_ASM 1
| #define HAVE_AVX_ASM 1
| #define HAVE_TI_MODE 1
| #define HAVE_CPUID 1
| #define HAVE_WEAK_SYMBOLS 1
| #define CPU_UNALIGNED_ACCESS 1
| #define HAVE_MMAP 1
| #define HAVE_MLOCK 1
| #define HAVE_MADVISE 1
| #define HAVE_MPROTECT 1
| #define HAVE_POSIX_MEMALIGN 1
| #define HAVE_GETPID 1
| /* end confdefs.h.  */
| 
| int
| main ()
| {
| 
|   ;
|   return 0;
| }
configure:14780: result: no
configure:14999: creating ./config.status

## ---------------------- ##
## Running config.status. ##
## ---------------------- ##

This file was extended by libsodium config.status 1.0.8, which was
generated by GNU Autoconf 2.69.  Invocation command line was

  CONFIG_FILES    = 
  CONFIG_HEADERS  = 
  CONFIG_LINKS    = 
  CONFIG_COMMANDS = 
  $ ./config.status 

on tracing040

config.status:1046: creating Makefile
config.status:1046: creating dist-build/Makefile
config.status:1046: creating libsodium.pc
config.status:1046: creating libsodium-uninstalled.pc
config.status:1046: creating msvc-scripts/Makefile
config.status:1046: creating src/Makefile
config.status:1046: creating src/libsodium/Makefile
config.status:1046: creating src/libsodium/include/Makefile
config.status:1046: creating src/libsodium/include/sodium/version.h
config.status:1046: creating test/default/Makefile
config.status:1046: creating test/Makefile
config.status:1218: executing depfiles commands
config.status:1218: executing libtool commands

## ---------------- ##
## Cache variables. ##
## ---------------- ##

ac_cv_build=x86_64-unknown-linux-gnu
ac_cv_c_bigendian=no
ac_cv_c_compiler_gnu=yes
ac_cv_c_inline=inline
ac_cv_defined__FORTIFY_SOURCE=no
ac_cv_defined___native_client__=no
ac_cv_env_AR_set=
ac_cv_env_AR_value=
ac_cv_env_CCASFLAGS_set=
ac_cv_env_CCASFLAGS_value=
ac_cv_env_CCAS_set=
ac_cv_env_CCAS_value=
ac_cv_env_CC_set=
ac_cv_env_CC_value=
ac_cv_env_CFLAGS_set=
ac_cv_env_CFLAGS_value=
ac_cv_env_CPPFLAGS_set=
ac_cv_env_CPPFLAGS_value=
ac_cv_env_CPP_set=
ac_cv_env_CPP_value=
ac_cv_env_CWFLAGS_set=
ac_cv_env_CWFLAGS_value=
ac_cv_env_LDFLAGS_set=
ac_cv_env_LDFLAGS_value=
ac_cv_env_LIBS_set=
ac_cv_env_LIBS_value=
ac_cv_env_SAFECODE_HOME_set=
ac_cv_env_SAFECODE_HOME_value=
ac_cv_env_build_alias_set=
ac_cv_env_build_alias_value=
ac_cv_env_host_alias_set=
ac_cv_env_host_alias_value=
ac_cv_env_target_alias_set=
ac_cv_env_target_alias_value=
ac_cv_func_arc4random=no
ac_cv_func_arc4random_buf=no
ac_cv_func_explicit_bzero=no
ac_cv_func_getpid=yes
ac_cv_func_madvise=yes
ac_cv_func_mlock=yes
ac_cv_func_mmap=yes
ac_cv_func_mprotect=yes
ac_cv_func_posix_memalign=yes
ac_cv_header_dlfcn_h=yes
ac_cv_header_inttypes_h=yes
ac_cv_header_memory_h=yes
ac_cv_header_minix_config_h=no
ac_cv_header_stdc=yes
ac_cv_header_stdint_h=yes
ac_cv_header_stdlib_h=yes
ac_cv_header_string_h=yes
ac_cv_header_strings_h=yes
ac_cv_header_sys_mman_h=yes
ac_cv_header_sys_stat_h=yes
ac_cv_header_sys_types_h=yes
ac_cv_header_unistd_h=yes
ac_cv_host=x86_64-unknown-linux-gnu
ac_cv_objext=o
ac_cv_path_EGREP='/bin/grep -E'
ac_cv_path_FGREP='/bin/grep -F'
ac_cv_path_GREP=/bin/grep
ac_cv_path_SED=/bin/sed
ac_cv_path_install='/usr/bin/install -c'
ac_cv_path_mkdir=/bin/mkdir
ac_cv_prog_AWK=gawk
ac_cv_prog_CPP='gcc -std=gnu99 -E'
ac_cv_prog_ac_ct_AR=ar
ac_cv_prog_ac_ct_CC=gcc
ac_cv_prog_ac_ct_OBJDUMP=objdump
ac_cv_prog_ac_ct_RANLIB=ranlib
ac_cv_prog_ac_ct_STRIP=strip
ac_cv_prog_cc_c89=
ac_cv_prog_cc_c99=-std=gnu99
ac_cv_prog_cc_g=yes
ac_cv_prog_make_make_set=yes
ac_cv_safe_to_define___extensions__=yes
am_cv_CCAS_dependencies_compiler_type=gcc3
am_cv_CC_dependencies_compiler_type=gcc3
am_cv_prog_tar_ustar=gnutar
ax_cv_check_cflags___D_FORTIFY_SOURCE_2=yes
ax_cv_check_cflags___Wdiv_by_zero=yes
ax_cv_check_cflags___Winit_self=yes
ax_cv_check_cflags___Wsometimes_uninitialized=no
ax_cv_check_cflags___Wwrite_strings=yes
ax_cv_check_cflags____Wall=yes
ax_cv_check_cflags____Wall__Wextra=yes
ax_cv_check_cflags____Wall__Wextra__Wbad_function_cast=yes
ax_cv_check_cflags____Wall__Wextra__Wbad_function_cast__Wcast_align=yes
ax_cv_check_cflags____Wall__Wextra__Wbad_function_cast__Wcast_align__Wcast_qual=yes
ax_cv_check_cflags____Wall__Wextra__Wbad_function_cast__Wcast_align__Wcast_qual__Wchar_subscripts=yes
ax_cv_check_cflags____Wall__Wextra__Wbad_function_cast__Wcast_align__Wcast_qual__Wchar_subscripts__Wcomment=yes
ax_cv_check_cflags____Wall__Wextra__Wbad_function_cast__Wcast_align__Wcast_qual__Wchar_subscripts__Wcomment__Wfloat_equal=yes
ax_cv_check_cflags____Wall__Wextra__Wbad_function_cast__Wcast_align__Wcast_qual__Wchar_subscripts__Wcomment__Wfloat_equal__Wformat_2=yes
ax_cv_check_cflags____Wall__Wextra__Wbad_function_cast__Wcast_align__Wcast_qual__Wchar_subscripts__Wcomment__Wfloat_equal__Wformat_2__Wimplicit=yes
ax_cv_check_cflags____Wall__Wextra__Wbad_function_cast__Wcast_align__Wcast_qual__Wchar_subscripts__Wcomment__Wfloat_equal__Wformat_2__Wimplicit__Wmissing_declarations=yes
ax_cv_check_cflags____Wall__Wextra__Wbad_function_cast__Wcast_align__Wcast_qual__Wchar_subscripts__Wcomment__Wfloat_equal__Wformat_2__Wimplicit__Wmissing_declarations__Wmissing_prototypes=yes
ax_cv_check_cflags____Wall__Wextra__Wbad_function_cast__Wcast_align__Wcast_qual__Wchar_subscripts__Wcomment__Wfloat_equal__Wformat_2__Wimplicit__Wmissing_declarations__Wmissing_prototypes__Wnormalized_id=yes
ax_cv_check_cflags____Wall__Wextra__Wbad_function_cast__Wcast_align__Wcast_qual__Wchar_subscripts__Wcomment__Wfloat_equal__Wformat_2__Wimplicit__Wmissing_declarations__Wmissing_prototypes__Wnormalized_id__Woverride_init=yes
ax_cv_check_cflags____Wall__Wextra__Wbad_function_cast__Wcast_align__Wcast_qual__Wchar_subscripts__Wcomment__Wfloat_equal__Wformat_2__Wimplicit__Wmissing_declarations__Wmissing_prototypes__Wnormalized_id__Woverride_init__Wparentheses=yes
ax_cv_check_cflags____Wall__Wextra__Wbad_function_cast__Wcast_align__Wcast_qual__Wchar_subscripts__Wcomment__Wfloat_equal__Wformat_2__Wimplicit__Wmissing_declarations__Wmissing_prototypes__Wnormalized_id__Woverride_init__Wparentheses__Wpointer_arith=yes
ax_cv_check_cflags____Wall__Wextra__Wbad_function_cast__Wcast_align__Wcast_qual__Wchar_subscripts__Wcomment__Wfloat_equal__Wformat_2__Wimplicit__Wmissing_declarations__Wmissing_prototypes__Wnormalized_id__Woverride_init__Wparentheses__Wpointer_arith__Wredundant_decls=yes
ax_cv_check_cflags____Wall__Wextra__Wbad_function_cast__Wcast_align__Wcast_qual__Wchar_subscripts__Wcomment__Wfloat_equal__Wformat_2__Wimplicit__Wmissing_declarations__Wmissing_prototypes__Wnormalized_id__Woverride_init__Wparentheses__Wpointer_arith__Wredundant_decls__Wstrict_prototypes=yes
ax_cv_check_cflags____Wall__Wextra__Wbad_function_cast__Wcast_align__Wcast_qual__Wchar_subscripts__Wcomment__Wfloat_equal__Wformat_2__Wimplicit__Wmissing_declarations__Wmissing_prototypes__Wnormalized_id__Woverride_init__Wparentheses__Wpointer_arith__Wredundant_decls__Wstrict_prototypes__Wswitch_enum=yes
ax_cv_check_cflags____Wall__Wextra__Wbad_function_cast__Wcast_align__Wcast_qual__Wchar_subscripts__Wcomment__Wfloat_equal__Wformat_2__Wimplicit__Wmissing_declarations__Wmissing_prototypes__Wnormalized_id__Woverride_init__Wparentheses__Wpointer_arith__Wredundant_decls__Wstrict_prototypes__Wswitch_enum__Wvariable_decl=no
ax_cv_check_cflags___fPIC=yes
ax_cv_check_cflags___fPIE=yes
ax_cv_check_cflags___fno_strict_aliasing=yes
ax_cv_check_cflags___fno_strict_overflow=yes
ax_cv_check_cflags___fstack_protector=yes
ax_cv_check_cflags___fvisibility_hidden=yes
ax_cv_check_cflags___maes=yes
ax_cv_check_cflags___mavx=yes
ax_cv_check_cflags___mmmx=yes
ax_cv_check_cflags___mpclmul=yes
ax_cv_check_cflags___msse2=yes
ax_cv_check_cflags___msse3=yes
ax_cv_check_cflags___msse4_1=yes
ax_cv_check_cflags___mssse3=yes
ax_cv_check_ldflags___Wl__z_noexecstack=yes
ax_cv_check_ldflags___Wl__z_now=yes
ax_cv_check_ldflags___Wl__z_relro=yes
ax_cv_check_ldflags___fPIC=yes
ax_cv_check_ldflags___fPIE=yes
ax_cv_check_ldflags___fstack_protector=yes
ax_cv_check_ldflags___pie=yes
gl_cv_ld_output_def=no
lt_cv_deplibs_check_method=pass_all
lt_cv_file_magic_cmd='$MAGIC_CMD'
lt_cv_file_magic_test_file=
lt_cv_ld_reload_flag=-r
lt_cv_nm_interface='BSD nm'
lt_cv_objdir=.libs
lt_cv_path_LD=/usr/bin/ld
lt_cv_path_NM='/usr/bin/nm -B'
lt_cv_prog_compiler_c_o=yes
lt_cv_prog_compiler_pic_works=yes
lt_cv_prog_compiler_rtti_exceptions=no
lt_cv_prog_compiler_static_works=no
lt_cv_prog_gnu_ld=yes
lt_cv_sys_global_symbol_pipe='sed -n -e '\''s/^.*[	 ]\([ABCDGIRSTW][ABCDGIRSTW]*\)[	 ][	 ]*\([_A-Za-z][_A-Za-z0-9]*\)$/\1 \2 \2/p'\'''
lt_cv_sys_global_symbol_to_c_name_address='sed -n -e '\''s/^: \([^ ]*\) $/  {\"\1\", (void *) 0},/p'\'' -e '\''s/^[ABCDGIRSTW]* \([^ ]*\) \([^ ]*\)$/  {"\2", (void *) \&\2},/p'\'''
lt_cv_sys_global_symbol_to_c_name_address_lib_prefix='sed -n -e '\''s/^: \([^ ]*\) $/  {\"\1\", (void *) 0},/p'\'' -e '\''s/^[ABCDGIRSTW]* \([^ ]*\) \(lib[^ ]*\)$/  {"\2", (void *) \&\2},/p'\'' -e '\''s/^[ABCDGIRSTW]* \([^ ]*\) \([^ ]*\)$/  {"lib\2", (void *) \&\2},/p'\'''
lt_cv_sys_global_symbol_to_cdecl='sed -n -e '\''s/^T .* \(.*\)$/extern int \1();/p'\'' -e '\''s/^[ABCDGIRSTW]* .* \(.*\)$/extern char \1;/p'\'''
lt_cv_sys_max_cmd_len=32768

## ----------------- ##
## Output variables. ##
## ----------------- ##

ACLOCAL='${SHELL} /home/wangdewei/MsgQueue/soft/libsodium-1.0.8/build-aux/missing --run aclocal-1.11'
AMDEPBACKSLASH='\'
AMDEP_FALSE='#'
AMDEP_TRUE=''
AMTAR='${SHELL} /home/wangdewei/MsgQueue/soft/libsodium-1.0.8/build-aux/missing --run tar'
AM_BACKSLASH='\'
AM_DEFAULT_VERBOSITY='0'
AR='ar'
AS='as'
AUTOCONF='${SHELL} /home/wangdewei/MsgQueue/soft/libsodium-1.0.8/build-aux/missing --run autoconf'
AUTOHEADER='${SHELL} /home/wangdewei/MsgQueue/soft/libsodium-1.0.8/build-aux/missing --run autoheader'
AUTOMAKE='${SHELL} /home/wangdewei/MsgQueue/soft/libsodium-1.0.8/build-aux/missing --run automake-1.11'
AWK='gawk'
CC='gcc -std=gnu99'
CCAS='gcc -std=gnu99'
CCASDEPMODE='depmode=gcc3'
CCASFLAGS='-g -O2'
CCDEPMODE='depmode=gcc3'
CFLAGS='-g -O2 -fvisibility=hidden -fPIC -fPIE -fno-strict-aliasing -fno-strict-overflow -fstack-protector -Winit-self -Wwrite-strings -Wdiv-by-zero'
CFLAGS_AESNI='-maes'
CFLAGS_MMX='-mmmx'
CFLAGS_PCLMUL='-mpclmul'
CFLAGS_SSE2='-msse2'
CFLAGS_SSE3='-msse3'
CFLAGS_SSE41='-msse4.1'
CFLAGS_SSSE3='-mssse3'
CPP='gcc -std=gnu99 -E'
CPPFLAGS=' -D_FORTIFY_SOURCE=2'
CWFLAGS=' -Wall -Wextra -Wbad-function-cast -Wcast-align -Wcast-qual -Wchar-subscripts -Wcomment -Wfloat-equal -Wformat=2 -Wimplicit -Wmissing-declarations -Wmissing-prototypes -Wnormalized=id -Woverride-init -Wparentheses -Wpointer-arith -Wredundant-decls -Wstrict-prototypes -Wswitch-enum'
CYGPATH_W='echo'
DEFS='-DPACKAGE_NAME=\"libsodium\" -DPACKAGE_TARNAME=\"libsodium\" -DPACKAGE_VERSION=\"1.0.8\" -DPACKAGE_STRING=\"libsodium\ 1.0.8\" -DPACKAGE_BUGREPORT=\"https://github.com/jedisct1/libsodium/issues\" -DPACKAGE_URL=\"https://github.com/jedisct1/libsodium\" -DPACKAGE=\"libsodium\" -DVERSION=\"1.0.8\" -DSTDC_HEADERS=1 -DHAVE_SYS_TYPES_H=1 -DHAVE_SYS_STAT_H=1 -DHAVE_STDLIB_H=1 -DHAVE_STRING_H=1 -DHAVE_MEMORY_H=1 -DHAVE_STRINGS_H=1 -DHAVE_INTTYPES_H=1 -DHAVE_STDINT_H=1 -DHAVE_UNISTD_H=1 -D__EXTENSIONS__=1 -D_ALL_SOURCE=1 -D_GNU_SOURCE=1 -D_POSIX_PTHREAD_SEMANTICS=1 -D_TANDEM_SOURCE=1 -DHAVE_DLFCN_H=1 -DLT_OBJDIR=\".libs/\" -DHAVE_MMINTRIN_H=1 -DHAVE_EMMINTRIN_H=1 -DHAVE_PMMINTRIN_H=1 -DHAVE_TMMINTRIN_H=1 -DHAVE_SMMINTRIN_H=1 -DHAVE_AVXINTRIN_H=1 -DHAVE_WMMINTRIN_H=1 -DHAVE_SYS_MMAN_H=1 -DNATIVE_LITTLE_ENDIAN=1 -DHAVE_AMD64_ASM=1 -DHAVE_AVX_ASM=1 -DHAVE_TI_MODE=1 -DHAVE_CPUID=1 -DHAVE_WEAK_SYMBOLS=1 -DCPU_UNALIGNED_ACCESS=1 -DHAVE_MMAP=1 -DHAVE_MLOCK=1 -DHAVE_MADVISE=1 -DHAVE_MPROTECT=1 -DHAVE_POSIX_MEMALIGN=1 -DHAVE_GETPID=1'
DEPDIR='.deps'
DLLTOOL='dlltool'
DLL_VERSION='8'
DSYMUTIL=''
DUMPBIN=''
ECHO_C=''
ECHO_N='-n'
ECHO_T=''
EGREP='/bin/grep -E'
EMSCRIPTEN_FALSE=''
EMSCRIPTEN_TRUE='#'
EXEEXT=''
FGREP='/bin/grep -F'
GREP='/bin/grep'
HAVE_AMD64_ASM_FALSE='#'
HAVE_AMD64_ASM_TRUE=''
HAVE_AMD64_ASM_V='1'
HAVE_AVX_ASM_FALSE='#'
HAVE_AVX_ASM_TRUE=''
HAVE_AVX_ASM_V='1'
HAVE_CPUID_V='1'
HAVE_LD_OUTPUT_DEF_FALSE=''
HAVE_LD_OUTPUT_DEF_TRUE='#'
HAVE_TI_MODE_FALSE='#'
HAVE_TI_MODE_TRUE=''
HAVE_TI_MODE_V='1'
INSTALL_DATA='${INSTALL} -m 644'
INSTALL_PROGRAM='${INSTALL}'
INSTALL_SCRIPT='${INSTALL}'
INSTALL_STRIP_PROGRAM='$(install_sh) -c -s'
ISODATE='2016-03-02'
LD='/usr/bin/ld -m elf_x86_64'
LDFLAGS=' -pie -Wl,-z,relro -Wl,-z,now -Wl,-z,noexecstack'
LIBOBJS=''
LIBS=''
LIBTOOL='$(SHELL) $(top_builddir)/libtool'
LIBTOOL_DEPS='build-aux/ltmain.sh'
LIBTOOL_EXTRA_FLAGS=' -version-info 18:1:0'
LIPO=''
LN_S='ln -s'
LTLIBOBJS=''
MAINT='#'
MAINTAINER_MODE_FALSE=''
MAINTAINER_MODE_TRUE='#'
MAKEINFO='${SHELL} /home/wangdewei/MsgQueue/soft/libsodium-1.0.8/build-aux/missing --run makeinfo'
MINIMAL_FALSE=''
MINIMAL_TRUE='#'
MKDIR_P='/bin/mkdir -p'
NATIVECLIENT_FALSE=''
NATIVECLIENT_TRUE='#'
NM='/usr/bin/nm -B'
NMEDIT=''
OBJDUMP='objdump'
OBJEXT='o'
OTOOL64=''
OTOOL=''
PACKAGE='libsodium'
PACKAGE_BUGREPORT='https://github.com/jedisct1/libsodium/issues'
PACKAGE_NAME='libsodium'
PACKAGE_STRING='libsodium 1.0.8'
PACKAGE_TARNAME='libsodium'
PACKAGE_URL='https://github.com/jedisct1/libsodium'
PACKAGE_VERSION='1.0.8'
PATH_SEPARATOR=':'
RANLIB='ranlib'
SAFECODE_HOME=''
SED='/bin/sed'
SET_MAKE=''
SHELL='/bin/sh'
SODIUM_LIBRARY_VERSION='18:1:0'
SODIUM_LIBRARY_VERSION_MAJOR='9'
SODIUM_LIBRARY_VERSION_MINOR='1'
STRIP='strip'
TEST_LDFLAGS=''
VERSION='1.0.8'
ac_ct_CC='gcc'
ac_ct_DUMPBIN=''
am__EXEEXT_FALSE=''
am__EXEEXT_TRUE='#'
am__fastdepCCAS_FALSE='#'
am__fastdepCCAS_TRUE=''
am__fastdepCC_FALSE='#'
am__fastdepCC_TRUE=''
am__include='include'
am__isrc=''
am__leading_dot='.'
am__quote=''
am__tar='tar --format=ustar -chf - "$$tardir"'
am__untar='tar -xf -'
bindir='${exec_prefix}/bin'
build='x86_64-unknown-linux-gnu'
build_alias=''
build_cpu='x86_64'
build_os='linux-gnu'
build_vendor='unknown'
datadir='${datarootdir}'
datarootdir='${prefix}/share'
docdir='${datarootdir}/doc/${PACKAGE_TARNAME}'
dvidir='${docdir}'
exec_prefix='${prefix}'
host='x86_64-unknown-linux-gnu'
host_alias=''
host_cpu='x86_64'
host_os='linux-gnu'
host_vendor='unknown'
htmldir='${docdir}'
includedir='${prefix}/include'
infodir='${datarootdir}/info'
install_sh='${SHELL} /home/wangdewei/MsgQueue/soft/libsodium-1.0.8/build-aux/install-sh'
libdir='${exec_prefix}/lib'
libexecdir='${exec_prefix}/libexec'
localedir='${datarootdir}/locale'
localstatedir='${prefix}/var'
lt_ECHO='echo'
mandir='${datarootdir}/man'
mkdir_p='/bin/mkdir -p'
oldincludedir='/usr/include'
pdfdir='${docdir}'
prefix='/usr/local'
program_transform_name='s,x,x,'
psdir='${docdir}'
sbindir='${exec_prefix}/sbin'
sharedstatedir='${prefix}/com'
sysconfdir='${prefix}/etc'
target_alias=''

## ----------- ##
## confdefs.h. ##
## ----------- ##

/* confdefs.h */
#define PACKAGE_NAME "libsodium"
#define PACKAGE_TARNAME "libsodium"
#define PACKAGE_VERSION "1.0.8"
#define PACKAGE_STRING "libsodium 1.0.8"
#define PACKAGE_BUGREPORT "https://github.com/jedisct1/libsodium/issues"
#define PACKAGE_URL "https://github.com/jedisct1/libsodium"
#define PACKAGE "libsodium"
#define VERSION "1.0.8"
#define STDC_HEADERS 1
#define HAVE_SYS_TYPES_H 1
#define HAVE_SYS_STAT_H 1
#define HAVE_STDLIB_H 1
#define HAVE_STRING_H 1
#define HAVE_MEMORY_H 1
#define HAVE_STRINGS_H 1
#define HAVE_INTTYPES_H 1
#define HAVE_STDINT_H 1
#define HAVE_UNISTD_H 1
#define __EXTENSIONS__ 1
#define _ALL_SOURCE 1
#define _GNU_SOURCE 1
#define _POSIX_PTHREAD_SEMANTICS 1
#define _TANDEM_SOURCE 1
#define HAVE_DLFCN_H 1
#define LT_OBJDIR ".libs/"
#define HAVE_MMINTRIN_H 1
#define HAVE_EMMINTRIN_H 1
#define HAVE_PMMINTRIN_H 1
#define HAVE_TMMINTRIN_H 1
#define HAVE_SMMINTRIN_H 1
#define HAVE_AVXINTRIN_H 1
#define HAVE_WMMINTRIN_H 1
#define HAVE_SYS_MMAN_H 1
#define NATIVE_LITTLE_ENDIAN 1
#define HAVE_AMD64_ASM 1
#define HAVE_AVX_ASM 1
#define HAVE_TI_MODE 1
#define HAVE_CPUID 1
#define HAVE_WEAK_SYMBOLS 1
#define CPU_UNALIGNED_ACCESS 1
#define HAVE_MMAP 1
#define HAVE_MLOCK 1
#define HAVE_MADVISE 1
#define HAVE_MPROTECT 1
#define HAVE_POSIX_MEMALIGN 1
#define HAVE_GETPID 1

configure: exit 0
